[2017-10-19 09:00:19.470] [INFO] default - start listening 6566
[2017-10-19 09:00:30.210] [INFO] default - SELECT DISTINCT company.moncompanyname, project.* FROM  
        ROMS202_MONCOMPANY company , 
        ROMS202_PROJECT project ,
        ROMS202_TASK task,  
        ROMS202_TASKPOINT taskpoint ,
        ROMS202_MONSTATION station,
        ROMS202_DISTRICT district
        WHERE
          
        project.moncompanyid = company.id AND 
        task.projectid = project.id AND
        taskpoint.taskid = task.id AND 
        task.monstationid = station.id AND 
        company.districtid = district.id AND
        project.censusUrl IS NULL  
        AND 1=1   
        AND (( task.pass = 0 OR task.pass= 1 ))
        ORDER BY project.createtime DESC LIMIT 0,5
[2017-10-19 09:01:47.255] [INFO] default - start listening 6566
[2017-10-19 09:01:54.104] [INFO] default - SELECT DISTINCT company.moncompanyname, project.* FROM  
        ROMS202_MONCOMPANY company , 
        ROMS202_PROJECT project ,
        ROMS202_TASK task,  
        ROMS202_TASKPOINT taskpoint ,
        ROMS202_MONSTATION station,
        ROMS202_DISTRICT district
        WHERE
          
        project.moncompanyid = company.id AND 
        task.projectid = project.id AND
        taskpoint.taskid = task.id AND 
        task.monstationid = station.id AND 
        company.districtid = district.id AND
        project.censusUrl IS NULL  
        AND 1=1   
        AND (( task.pass = 0 OR task.pass= 1 ))
        ORDER BY project.createtime DESC LIMIT 0,5
[2017-10-19 09:04:09.895] [INFO] default - start listening 6566
[2017-10-19 09:04:17.090] [INFO] default - SELECT DISTINCT company.moncompanyname, project.* FROM  
        ROMS202_MONCOMPANY company , 
        ROMS202_PROJECT project ,
        ROMS202_TASK task,  
        ROMS202_TASKPOINT taskpoint ,
        ROMS202_MONSTATION station,
        ROMS202_DISTRICT district
        WHERE
          
        project.moncompanyid = company.id AND 
        task.projectid = project.id AND
        taskpoint.taskid = task.id AND 
        task.monstationid = station.id AND 
        company.districtid = district.id AND
        project.censusUrl IS NULL  
        AND 1=1   
        AND (( task.pass = 0 OR task.pass= 1 ))
        ORDER BY project.createtime DESC LIMIT 0,5
[2017-10-19 09:06:19.736] [INFO] default - start listening 6566
[2017-10-19 09:06:27.236] [INFO] default - SELECT DISTINCT company.moncompanyname, project.* FROM  
        ROMS202_MONCOMPANY company , 
        ROMS202_PROJECT project ,
        ROMS202_TASK task,  
        ROMS202_TASKPOINT taskpoint ,
        ROMS202_MONSTATION station,
        ROMS202_DISTRICT district
        WHERE
          
        project.moncompanyid = company.id AND 
        task.projectid = project.id AND
        taskpoint.taskid = task.id AND 
        task.monstationid = station.id AND 
        company.districtid = district.id AND
        project.censusUrl IS NULL  
        AND 1=1   
        AND (( task.pass = 0 OR task.pass= 1 ))
        ORDER BY project.createtime DESC LIMIT 0,5
[2017-10-19 09:07:57.325] [INFO] default - start listening 6566
[2017-10-19 09:08:05.036] [INFO] default - SELECT DISTINCT company.moncompanyname, project.* FROM  
        ROMS202_MONCOMPANY company , 
        ROMS202_PROJECT project ,
        ROMS202_TASK task,  
        ROMS202_TASKPOINT taskpoint ,
        ROMS202_MONSTATION station,
        ROMS202_DISTRICT district
        WHERE
          
        project.moncompanyid = company.id AND 
        task.projectid = project.id AND
        taskpoint.taskid = task.id AND 
        task.monstationid = station.id AND 
        company.districtid = district.id AND
        project.censusUrl IS NULL  
        AND 1=1   
        AND (( task.pass = 0 OR task.pass= 1 ))
        ORDER BY project.createtime DESC LIMIT 0,5
[2017-10-19 09:11:52.246] [INFO] default - start listening 6566
[2017-10-19 09:11:58.490] [INFO] default - SELECT DISTINCT company.moncompanyname, project.* FROM  
        ROMS202_MONCOMPANY company , 
        ROMS202_PROJECT project ,
        ROMS202_TASK task,  
        ROMS202_TASKPOINT taskpoint ,
        ROMS202_MONSTATION station,
        ROMS202_DISTRICT district
        WHERE
          
        project.moncompanyid = company.id AND 
        task.projectid = project.id AND
        taskpoint.taskid = task.id AND 
        task.monstationid = station.id AND 
        company.districtid = district.id AND
        project.censusUrl IS NULL  
        AND 1=1   
        AND (( task.pass = 0 OR task.pass= 1 ))
        ORDER BY project.createtime DESC LIMIT 0,5
[2017-10-19 09:16:06.687] [INFO] default - start listening 6566
[2017-10-19 09:16:14.048] [INFO] default - SELECT DISTINCT company.moncompanyname, project.* FROM  
        ROMS202_MONCOMPANY company , 
        ROMS202_PROJECT project ,
        ROMS202_TASK task,  
        ROMS202_TASKPOINT taskpoint ,
        ROMS202_MONSTATION station,
        ROMS202_DISTRICT district
        WHERE
          
        project.moncompanyid = company.id AND 
        task.projectid = project.id AND
        taskpoint.taskid = task.id AND 
        task.monstationid = station.id AND 
        company.districtid = district.id AND
        project.censusUrl IS NULL  
        AND 1=1   
        AND (( task.pass = 0 OR task.pass= 1 ))
        ORDER BY project.createtime DESC LIMIT 0,5
[2017-10-19 09:18:18.837] [INFO] default - start listening 6566
[2017-10-19 09:18:25.020] [INFO] default - SELECT DISTINCT company.moncompanyname, project.* FROM  
        ROMS202_MONCOMPANY company , 
        ROMS202_PROJECT project ,
        ROMS202_TASK task,  
        ROMS202_TASKPOINT taskpoint ,
        ROMS202_MONSTATION station,
        ROMS202_DISTRICT district
        WHERE
          
        project.moncompanyid = company.id AND 
        task.projectid = project.id AND
        taskpoint.taskid = task.id AND 
        task.monstationid = station.id AND 
        company.districtid = district.id AND
        project.censusUrl IS NULL  
        AND 1=1   
        AND (( task.pass = 0 OR task.pass= 1 ))
        ORDER BY project.createtime DESC LIMIT 0,5
[2017-10-19 09:19:35.701] [INFO] default - start listening 6566
[2017-10-19 09:19:43.055] [INFO] default - SELECT DISTINCT company.moncompanyname, project.* FROM  
        ROMS202_MONCOMPANY company , 
        ROMS202_PROJECT project ,
        ROMS202_TASK task,  
        ROMS202_TASKPOINT taskpoint ,
        ROMS202_MONSTATION station,
        ROMS202_DISTRICT district
        WHERE
          
        project.moncompanyid = company.id AND 
        task.projectid = project.id AND
        taskpoint.taskid = task.id AND 
        task.monstationid = station.id AND 
        company.districtid = district.id AND
        project.censusUrl IS NULL  
        AND 1=1   
        AND (( task.pass = 0 OR task.pass= 1 ))
        ORDER BY project.createtime DESC LIMIT 0,5
[2017-10-19 09:20:21.833] [INFO] default - start listening 6566
[2017-10-19 09:20:28.721] [INFO] default - SELECT DISTINCT company.moncompanyname, project.* FROM  
        ROMS202_MONCOMPANY company , 
        ROMS202_PROJECT project ,
        ROMS202_TASK task,  
        ROMS202_TASKPOINT taskpoint ,
        ROMS202_MONSTATION station,
        ROMS202_DISTRICT district
        WHERE
          
        project.moncompanyid = company.id AND 
        task.projectid = project.id AND
        taskpoint.taskid = task.id AND 
        task.monstationid = station.id AND 
        company.districtid = district.id AND
        project.censusUrl IS NULL  
        AND 1=1   
        AND (( task.pass = 0 OR task.pass= 1 ))
        ORDER BY project.createtime DESC LIMIT 0,5
[2017-10-19 09:21:09.817] [INFO] default - start listening 6566
[2017-10-19 09:21:16.331] [INFO] default - SELECT DISTINCT company.moncompanyname, project.* FROM  
        ROMS202_MONCOMPANY company , 
        ROMS202_PROJECT project ,
        ROMS202_TASK task,  
        ROMS202_TASKPOINT taskpoint ,
        ROMS202_MONSTATION station,
        ROMS202_DISTRICT district
        WHERE
          
        project.moncompanyid = company.id AND 
        task.projectid = project.id AND
        taskpoint.taskid = task.id AND 
        task.monstationid = station.id AND 
        company.districtid = district.id AND
        project.censusUrl IS NULL  
        AND 1=1   
        AND (( task.pass = 0 OR task.pass= 1 ))
        ORDER BY project.createtime DESC LIMIT 0,5
[2017-10-19 09:22:46.229] [INFO] default - start listening 6566
[2017-10-19 09:22:52.820] [INFO] default - SELECT DISTINCT company.moncompanyname, project.* FROM  
        ROMS202_MONCOMPANY company , 
        ROMS202_PROJECT project ,
        ROMS202_TASK task,  
        ROMS202_TASKPOINT taskpoint ,
        ROMS202_MONSTATION station,
        ROMS202_DISTRICT district
        WHERE
          
        project.moncompanyid = company.id AND 
        task.projectid = project.id AND
        taskpoint.taskid = task.id AND 
        task.monstationid = station.id AND 
        company.districtid = district.id AND
        project.censusUrl IS NULL  
        AND 1=1   
        AND (( task.pass = 0 OR task.pass= 1 ))
        ORDER BY project.createtime DESC LIMIT 0,5
[2017-10-19 09:23:29.658] [INFO] default - start listening 6566
[2017-10-19 09:23:37.633] [INFO] default - SELECT DISTINCT company.moncompanyname, project.* FROM  
        ROMS202_MONCOMPANY company , 
        ROMS202_PROJECT project ,
        ROMS202_TASK task,  
        ROMS202_TASKPOINT taskpoint ,
        ROMS202_MONSTATION station,
        ROMS202_DISTRICT district
        WHERE
          
        project.moncompanyid = company.id AND 
        task.projectid = project.id AND
        taskpoint.taskid = task.id AND 
        task.monstationid = station.id AND 
        company.districtid = district.id AND
        project.censusUrl IS NULL  
        AND 1=1   
        AND (( task.pass = 0 OR task.pass= 1 ))
        ORDER BY project.createtime DESC LIMIT 0,5
[2017-10-19 09:26:24.786] [INFO] default - start listening 6566
[2017-10-19 09:26:31.574] [INFO] default - SELECT DISTINCT company.moncompanyname, project.* FROM  
        ROMS202_MONCOMPANY company , 
        ROMS202_PROJECT project ,
        ROMS202_TASK task,  
        ROMS202_TASKPOINT taskpoint ,
        ROMS202_MONSTATION station,
        ROMS202_DISTRICT district
        WHERE
          
        project.moncompanyid = company.id AND 
        task.projectid = project.id AND
        taskpoint.taskid = task.id AND 
        task.monstationid = station.id AND 
        company.districtid = district.id AND
        project.censusUrl IS NULL  
        AND 1=1   
        AND (( task.pass = 0 OR task.pass= 1 ))
        ORDER BY project.createtime DESC LIMIT 0,5
[2017-10-19 09:29:01.103] [INFO] default - start listening 6566
[2017-10-19 09:29:07.060] [INFO] default - SELECT DISTINCT company.moncompanyname, project.* FROM  
        ROMS202_MONCOMPANY company , 
        ROMS202_PROJECT project ,
        ROMS202_TASK task,  
        ROMS202_TASKPOINT taskpoint ,
        ROMS202_MONSTATION station,
        ROMS202_DISTRICT district
        WHERE
          
        project.moncompanyid = company.id AND 
        task.projectid = project.id AND
        taskpoint.taskid = task.id AND 
        task.monstationid = station.id AND 
        company.districtid = district.id AND
        project.censusUrl IS NULL  
        AND 1=1   
        AND (( task.pass = 0 OR task.pass= 1 ))
        ORDER BY project.createtime DESC LIMIT 0,5
[2017-10-19 09:29:11.749] [INFO] default - SELECT DISTINCT company.moncompanyname, project.* FROM  
        ROMS202_MONCOMPANY company , 
        ROMS202_PROJECT project ,
        ROMS202_TASK task,  
        ROMS202_TASKPOINT taskpoint ,
        ROMS202_MONSTATION station,
		ROMS202_DISTRICT district,
		ROMS202_CITY city
        WHERE
        project.moncompanyid = company.id AND 
        task.projectid = project.id AND
        taskpoint.taskid = task.id AND 
        task.monstationid = station.id AND 
		company.districtid = district.id AND
		district.cityId = city.id AND
		city.provinceId = '99574ab5-7266-11e7-af8e-14187743d00e' AND
        project.censusUrl IS NULL  
        AND 1=1   
		ORDER BY project.createtime DESC
[2017-10-19 09:30:21.263] [INFO] default - SELECT DISTINCT company.moncompanyname, project.* FROM  
        ROMS202_MONCOMPANY company , 
        ROMS202_PROJECT project ,
        ROMS202_TASK task,  
        ROMS202_TASKPOINT taskpoint ,
        ROMS202_MONSTATION station,
		ROMS202_DISTRICT district,
		ROMS202_CITY city
        WHERE
        project.moncompanyid = company.id AND 
        task.projectid = project.id AND
        taskpoint.taskid = task.id AND 
        task.monstationid = station.id AND 
		company.districtid = district.id AND
		district.cityId = city.id AND
		city.provinceId = '99574ab5-7266-11e7-af8e-14187743d00e' AND
        project.censusUrl IS NULL  
        AND 1=1   
		ORDER BY project.createtime DESC
[2017-10-19 09:34:06.254] [INFO] default - SELECT DISTINCT company.moncompanyname, project.* FROM  
        ROMS202_MONCOMPANY company , 
        ROMS202_PROJECT project ,
        ROMS202_TASK task,  
        ROMS202_TASKPOINT taskpoint ,
        ROMS202_MONSTATION station,
		ROMS202_DISTRICT district,
		ROMS202_CITY city
        WHERE
        project.moncompanyid = company.id AND 
        task.projectid = project.id AND
        taskpoint.taskid = task.id AND 
        task.monstationid = station.id AND 
		company.districtid = district.id AND
		district.cityId = city.id AND
		city.provinceId = '99574ab5-7266-11e7-af8e-14187743d00e' AND
        project.censusUrl IS NULL  
        AND 1=1   
		ORDER BY project.createtime DESC
[2017-10-19 09:34:11.545] [INFO] default - SELECT DISTINCT company.moncompanyname, project.* FROM  
        ROMS202_MONCOMPANY company , 
        ROMS202_PROJECT project ,
        ROMS202_TASK task,  
        ROMS202_TASKPOINT taskpoint ,
        ROMS202_MONSTATION station,
		ROMS202_DISTRICT district,
		ROMS202_CITY city
        WHERE
        project.moncompanyid = company.id AND 
        task.projectid = project.id AND
        taskpoint.taskid = task.id AND 
        task.monstationid = station.id AND 
		company.districtid = district.id AND
		district.cityId = city.id AND
		city.provinceId = '99574ab5-7266-11e7-af8e-14187743d00e' AND
        project.censusUrl IS NULL  
        AND 1=1   
		ORDER BY project.createtime DESC
[2017-10-19 09:34:19.113] [INFO] default - SELECT DISTINCT company.moncompanyname, project.* FROM  
        ROMS202_MONCOMPANY company , 
        ROMS202_PROJECT project ,
        ROMS202_TASK task,  
        ROMS202_TASKPOINT taskpoint ,
        ROMS202_MONSTATION station,
		ROMS202_DISTRICT district,
		ROMS202_CITY city
        WHERE
        project.moncompanyid = company.id AND 
        task.projectid = project.id AND
        taskpoint.taskid = task.id AND 
        task.monstationid = station.id AND 
		company.districtid = district.id AND
		district.cityId = city.id AND
		city.provinceId = '99574ab5-7266-11e7-af8e-14187743d00e' AND
        project.censusUrl IS NULL  
        AND 1=1  and project.type=0  
		ORDER BY project.createtime DESC
[2017-10-19 09:34:40.432] [INFO] default - SELECT DISTINCT company.moncompanyname, project.* FROM  
        ROMS202_MONCOMPANY company , 
        ROMS202_PROJECT project ,
        ROMS202_TASK task,  
        ROMS202_TASKPOINT taskpoint ,
        ROMS202_MONSTATION station,
		ROMS202_DISTRICT district,
		ROMS202_CITY city
        WHERE
        project.moncompanyid = company.id AND 
        task.projectid = project.id AND
        taskpoint.taskid = task.id AND 
        task.monstationid = station.id AND 
		company.districtid = district.id AND
		district.cityId = city.id AND
		city.provinceId = '99574ab5-7266-11e7-af8e-14187743d00e' AND
        project.censusUrl IS NULL  
        AND 1=1  and project.type=1  
		ORDER BY project.createtime DESC
[2017-10-19 09:34:45.952] [INFO] default - SELECT DISTINCT company.moncompanyname, project.* FROM  
        ROMS202_MONCOMPANY company , 
        ROMS202_PROJECT project ,
        ROMS202_TASK task,  
        ROMS202_TASKPOINT taskpoint ,
        ROMS202_MONSTATION station,
		ROMS202_DISTRICT district,
		ROMS202_CITY city
        WHERE
        project.moncompanyid = company.id AND 
        task.projectid = project.id AND
        taskpoint.taskid = task.id AND 
        task.monstationid = station.id AND 
		company.districtid = district.id AND
		district.cityId = city.id AND
		city.provinceId = '99574ab5-7266-11e7-af8e-14187743d00e' AND
        project.censusUrl IS NULL  
        AND 1=1  and task.controlType=2 and project.type=1  
		ORDER BY project.createtime DESC
[2017-10-19 09:34:49.887] [INFO] default - SELECT DISTINCT company.moncompanyname, project.* FROM  
        ROMS202_MONCOMPANY company , 
        ROMS202_PROJECT project ,
        ROMS202_TASK task,  
        ROMS202_TASKPOINT taskpoint ,
        ROMS202_MONSTATION station,
		ROMS202_DISTRICT district,
		ROMS202_CITY city
        WHERE
        project.moncompanyid = company.id AND 
        task.projectid = project.id AND
        taskpoint.taskid = task.id AND 
        task.monstationid = station.id AND 
		company.districtid = district.id AND
		district.cityId = city.id AND
		city.provinceId = '99574ab5-7266-11e7-af8e-14187743d00e' AND
        project.censusUrl IS NULL  
        AND 1=1  and task.controlType=3 and project.type=1  
		ORDER BY project.createtime DESC
[2017-10-19 09:34:58.237] [INFO] default - SELECT DISTINCT company.moncompanyname, project.* FROM  
        ROMS202_MONCOMPANY company , 
        ROMS202_PROJECT project ,
        ROMS202_TASK task,  
        ROMS202_TASKPOINT taskpoint ,
        ROMS202_MONSTATION station,
		ROMS202_DISTRICT district,
		ROMS202_CITY city
        WHERE
        project.moncompanyid = company.id AND 
        task.projectid = project.id AND
        taskpoint.taskid = task.id AND 
        task.monstationid = station.id AND 
		company.districtid = district.id AND
		district.cityId = city.id AND
		city.provinceId = '99574ab5-7266-11e7-af8e-14187743d00e' AND
        project.censusUrl IS NULL  
        AND 1=1   
		ORDER BY project.createtime DESC
[2017-10-19 09:35:11.441] [INFO] default - SELECT DISTINCT company.moncompanyname, project.* FROM  
        ROMS202_MONCOMPANY company , 
        ROMS202_PROJECT project ,
        ROMS202_TASK task,  
        ROMS202_TASKPOINT taskpoint ,
        ROMS202_MONSTATION station,
		ROMS202_DISTRICT district,
		ROMS202_CITY city
        WHERE
        project.moncompanyid = company.id AND 
        task.projectid = project.id AND
        taskpoint.taskid = task.id AND 
        task.monstationid = station.id AND 
		company.districtid = district.id AND
		district.cityId = city.id AND
		city.provinceId = '99574ab5-7266-11e7-af8e-14187743d00e' AND
        project.censusUrl IS NULL  
        AND 1=1  and company.moncompanyName like '%贵%'   
		ORDER BY project.createtime DESC
[2017-10-19 09:35:20.206] [INFO] default - SELECT DISTINCT company.moncompanyname, project.* FROM  
        ROMS202_MONCOMPANY company , 
        ROMS202_PROJECT project ,
        ROMS202_TASK task,  
        ROMS202_TASKPOINT taskpoint ,
        ROMS202_MONSTATION station,
		ROMS202_DISTRICT district,
		ROMS202_CITY city
        WHERE
        project.moncompanyid = company.id AND 
        task.projectid = project.id AND
        taskpoint.taskid = task.id AND 
        task.monstationid = station.id AND 
		company.districtid = district.id AND
		district.cityId = city.id AND
		city.provinceId = '99574ab5-7266-11e7-af8e-14187743d00e' AND
        project.censusUrl IS NULL  
        AND 1=1  and company.moncompanyName like '%贵%'  and project.monstationId='8d0c9188-7369-11e7-af8e-14187743d00e'   
		ORDER BY project.createtime DESC
[2017-10-19 09:35:23.905] [INFO] default - SELECT DISTINCT company.moncompanyname, project.* FROM  
        ROMS202_MONCOMPANY company , 
        ROMS202_PROJECT project ,
        ROMS202_TASK task,  
        ROMS202_TASKPOINT taskpoint ,
        ROMS202_MONSTATION station,
		ROMS202_DISTRICT district,
		ROMS202_CITY city
        WHERE
        project.moncompanyid = company.id AND 
        task.projectid = project.id AND
        taskpoint.taskid = task.id AND 
        task.monstationid = station.id AND 
		company.districtid = district.id AND
		district.cityId = city.id AND
		city.provinceId = '99574ab5-7266-11e7-af8e-14187743d00e' AND
        project.censusUrl IS NULL  
        AND 1=1  and company.moncompanyName like '%贵%'  and project.monstationId='9c0a32d5-7369-11e7-af8e-14187743d00e'   
		ORDER BY project.createtime DESC
[2017-10-19 09:35:29.926] [INFO] default - SELECT DISTINCT company.moncompanyname, project.* FROM  
        ROMS202_MONCOMPANY company , 
        ROMS202_PROJECT project ,
        ROMS202_TASK task,  
        ROMS202_TASKPOINT taskpoint ,
        ROMS202_MONSTATION station,
		ROMS202_DISTRICT district,
		ROMS202_CITY city
        WHERE
        project.moncompanyid = company.id AND 
        task.projectid = project.id AND
        taskpoint.taskid = task.id AND 
        task.monstationid = station.id AND 
		company.districtid = district.id AND
		district.cityId = city.id AND
		city.provinceId = '99574ab5-7266-11e7-af8e-14187743d00e' AND
        project.censusUrl IS NULL  
        AND 1=1  and company.moncompanyName like '%贵%'  and project.monstationId='9c0a32d5-7369-11e7-af8e-14187743d00e'   
		ORDER BY project.createtime DESC
[2017-10-19 09:35:40.225] [INFO] default - SELECT DISTINCT company.moncompanyname, project.* FROM  
        ROMS202_MONCOMPANY company , 
        ROMS202_PROJECT project ,
        ROMS202_TASK task,  
        ROMS202_TASKPOINT taskpoint ,
        ROMS202_MONSTATION station,
		ROMS202_DISTRICT district,
		ROMS202_CITY city
        WHERE
        project.moncompanyid = company.id AND 
        task.projectid = project.id AND
        taskpoint.taskid = task.id AND 
        task.monstationid = station.id AND 
		company.districtid = district.id AND
		district.cityId = city.id AND
		city.provinceId = '99574ab5-7266-11e7-af8e-14187743d00e' AND
        project.censusUrl IS NULL  
        AND 1=1   
		ORDER BY project.createtime DESC
