[2018-03-13 11:01:55.953] [INFO] default - start listening 6566
[2018-03-13 11:02:16.095] [INFO] default - SELECT DISTINCT company.moncompanyname, project.* FROM  
        ROMS202_MONCOMPANY company , 
        ROMS202_PROJECT project ,
        ROMS202_TASK task,  
        ROMS202_TASKPOINT taskpoint ,
        ROMS202_MONSTATION station,
        ROMS202_DISTRICT district
        WHERE
          
        project.moncompanyid = company.id AND
        task.projectid = project.id AND
        taskpoint.taskid = task.id AND 
        task.monstationid = station.id AND 
        company.districtid = district.id
        AND 1=1 AND company.provinceId='b215c137-a34d-11e7-b2ca-00163e010059'  
        AND (( task.pass = 0 OR task.pass= 1 ))
        ORDER BY project.createtime DESC LIMIT 0,10
[2018-03-13 11:02:16.096] [INFO] default - SELECT DISTINCT task.id FROM  
        ROMS202_MONCOMPANY company , 
        ROMS202_PROJECT project ,
        ROMS202_TASK task,  
        ROMS202_TASKPOINT taskpoint ,
        ROMS202_MONSTATION station,
        ROMS202_DISTRICT district
        WHERE
          
        project.moncompanyid = company.id AND 
        task.projectid = project.id AND
        taskpoint.taskid = task.id AND 
        task.monstationid = station.id AND 
        company.districtid = district.id
        AND 1=1 AND company.provinceId='b215c137-a34d-11e7-b2ca-00163e010059'  
        AND (( task.pass = 0 OR task.pass= 1 ))
[2018-03-13 11:02:16.096] [INFO] default - SELECT DISTINCT taskpoint.type,count(*) as count FROM  
        ROMS202_MONCOMPANY company , 
        ROMS202_PROJECT project ,
        ROMS202_TASK task,  
        ROMS202_TASKPOINT taskpoint ,
        ROMS202_MONSTATION station,
        ROMS202_DISTRICT district
        WHERE
          
        project.moncompanyid = company.id AND 
        task.projectid = project.id AND
        taskpoint.taskid = task.id AND 
        task.monstationid = station.id AND 
        company.districtid = district.id 
        AND 1=1 AND company.provinceId='b215c137-a34d-11e7-b2ca-00163e010059'  
        AND (( task.pass = 0 OR task.pass= 1 )) group by taskpoint.type
[2018-03-13 11:02:16.096] [INFO] default - SELECT DISTINCT taskpoint.type,count(*) as count FROM  
        ROMS202_MONCOMPANY company , 
        ROMS202_PROJECT project ,
        ROMS202_TASK task,  
        ROMS202_TASKPOINT taskpoint ,
        ROMS202_MONSTATION station,
        ROMS202_DISTRICT district
        WHERE
          
        project.moncompanyid = company.id AND 
        task.projectid = project.id AND
        taskpoint.taskid = task.id AND 
        task.monstationid = station.id AND 
        company.districtid = district.id 
        AND 1=1 AND company.provinceId='b215c137-a34d-11e7-b2ca-00163e010059'  
        AND (( task.pass = 0 OR task.pass= 1 )) group by taskpoint.type
[2018-03-13 11:08:22.016] [INFO] default - SELECT DISTINCT company.moncompanyname, project.* FROM  
        ROMS202_MONCOMPANY company , 
        ROMS202_PROJECT project ,
        ROMS202_TASK task,  
        ROMS202_TASKPOINT taskpoint ,
        ROMS202_MONSTATION station,
        ROMS202_DISTRICT district
        WHERE
         project.type='1' AND   
        project.moncompanyid = company.id AND
        task.projectid = project.id AND
        taskpoint.taskid = task.id AND 
        task.monstationid = station.id AND 
        company.districtid = district.id
        AND 1=1 AND company.provinceId='b215c137-a34d-11e7-b2ca-00163e010059'  
        AND (( task.pass = 2 ))
        ORDER BY project.createtime DESC LIMIT 0,10
[2018-03-13 11:08:22.016] [INFO] default - SELECT DISTINCT task.id FROM  
        ROMS202_MONCOMPANY company , 
        ROMS202_PROJECT project ,
        ROMS202_TASK task,  
        ROMS202_TASKPOINT taskpoint ,
        ROMS202_MONSTATION station,
        ROMS202_DISTRICT district
        WHERE
         project.type='1' AND   
        project.moncompanyid = company.id AND 
        task.projectid = project.id AND
        taskpoint.taskid = task.id AND 
        task.monstationid = station.id AND 
        company.districtid = district.id
        AND 1=1 AND company.provinceId='b215c137-a34d-11e7-b2ca-00163e010059'  
        AND (( task.pass = 2 ))
[2018-03-13 11:08:22.018] [INFO] default - SELECT DISTINCT taskpoint.type,count(*) as count FROM  
        ROMS202_MONCOMPANY company , 
        ROMS202_PROJECT project ,
        ROMS202_TASK task,  
        ROMS202_TASKPOINT taskpoint ,
        ROMS202_MONSTATION station,
        ROMS202_DISTRICT district
        WHERE
         project.type='1' AND   
        project.moncompanyid = company.id AND 
        task.projectid = project.id AND
        taskpoint.taskid = task.id AND 
        task.monstationid = station.id AND 
        company.districtid = district.id 
        AND 1=1 AND company.provinceId='b215c137-a34d-11e7-b2ca-00163e010059'  
        AND (( task.pass = 2 )) group by taskpoint.type
[2018-03-13 11:08:22.019] [INFO] default - SELECT DISTINCT taskpoint.type,count(*) as count FROM  
        ROMS202_MONCOMPANY company , 
        ROMS202_PROJECT project ,
        ROMS202_TASK task,  
        ROMS202_TASKPOINT taskpoint ,
        ROMS202_MONSTATION station,
        ROMS202_DISTRICT district
        WHERE
         project.type='1' AND   
        project.moncompanyid = company.id AND 
        task.projectid = project.id AND
        taskpoint.taskid = task.id AND 
        task.monstationid = station.id AND 
        company.districtid = district.id 
        AND 1=1 AND company.provinceId='b215c137-a34d-11e7-b2ca-00163e010059'  
        AND (( task.pass = 2 )) group by taskpoint.type
[2018-03-13 11:08:23.360] [INFO] default - SELECT DISTINCT company.moncompanyname, project.* FROM  
        ROMS202_MONCOMPANY company , 
        ROMS202_PROJECT project ,
        ROMS202_TASK task,  
        ROMS202_TASKPOINT taskpoint ,
        ROMS202_MONSTATION station,
        ROMS202_DISTRICT district
        WHERE
         project.type='' AND   
        project.moncompanyid = company.id AND
        task.projectid = project.id AND
        taskpoint.taskid = task.id AND 
        task.monstationid = station.id AND 
        company.districtid = district.id
        AND 1=1 AND company.provinceId='b215c137-a34d-11e7-b2ca-00163e010059'  
        AND (( task.pass = 2 ))
        ORDER BY project.createtime DESC LIMIT 0,10
[2018-03-13 11:08:23.360] [INFO] default - SELECT DISTINCT task.id FROM  
        ROMS202_MONCOMPANY company , 
        ROMS202_PROJECT project ,
        ROMS202_TASK task,  
        ROMS202_TASKPOINT taskpoint ,
        ROMS202_MONSTATION station,
        ROMS202_DISTRICT district
        WHERE
         project.type='' AND   
        project.moncompanyid = company.id AND 
        task.projectid = project.id AND
        taskpoint.taskid = task.id AND 
        task.monstationid = station.id AND 
        company.districtid = district.id
        AND 1=1 AND company.provinceId='b215c137-a34d-11e7-b2ca-00163e010059'  
        AND (( task.pass = 2 ))
[2018-03-13 11:08:23.360] [INFO] default - SELECT DISTINCT taskpoint.type,count(*) as count FROM  
        ROMS202_MONCOMPANY company , 
        ROMS202_PROJECT project ,
        ROMS202_TASK task,  
        ROMS202_TASKPOINT taskpoint ,
        ROMS202_MONSTATION station,
        ROMS202_DISTRICT district
        WHERE
         project.type='' AND   
        project.moncompanyid = company.id AND 
        task.projectid = project.id AND
        taskpoint.taskid = task.id AND 
        task.monstationid = station.id AND 
        company.districtid = district.id 
        AND 1=1 AND company.provinceId='b215c137-a34d-11e7-b2ca-00163e010059'  
        AND (( task.pass = 2 )) group by taskpoint.type
[2018-03-13 11:08:23.361] [INFO] default - SELECT DISTINCT taskpoint.type,count(*) as count FROM  
        ROMS202_MONCOMPANY company , 
        ROMS202_PROJECT project ,
        ROMS202_TASK task,  
        ROMS202_TASKPOINT taskpoint ,
        ROMS202_MONSTATION station,
        ROMS202_DISTRICT district
        WHERE
         project.type='' AND   
        project.moncompanyid = company.id AND 
        task.projectid = project.id AND
        taskpoint.taskid = task.id AND 
        task.monstationid = station.id AND 
        company.districtid = district.id 
        AND 1=1 AND company.provinceId='b215c137-a34d-11e7-b2ca-00163e010059'  
        AND (( task.pass = 2 )) group by taskpoint.type
[2018-03-13 11:13:38.144] [INFO] default - SELECT DISTINCT company.moncompanyname, project.* FROM  
        ROMS202_MONCOMPANY company , 
        ROMS202_PROJECT project ,
        ROMS202_TASK task,  
        ROMS202_TASKPOINT taskpoint ,
        ROMS202_MONSTATION station,
        ROMS202_DISTRICT district
        WHERE
          
        project.moncompanyid = company.id AND
        task.projectid = project.id AND
        taskpoint.taskid = task.id AND 
        task.monstationid = station.id AND 
        company.districtid = district.id
        AND 1=1 AND company.provinceId='b215c137-a34d-11e7-b2ca-00163e010059'  
        AND (( task.pass = 0 OR task.pass= 1 ))
        ORDER BY project.createtime DESC LIMIT 0,10
[2018-03-13 11:13:38.145] [INFO] default - SELECT DISTINCT task.id FROM  
        ROMS202_MONCOMPANY company , 
        ROMS202_PROJECT project ,
        ROMS202_TASK task,  
        ROMS202_TASKPOINT taskpoint ,
        ROMS202_MONSTATION station,
        ROMS202_DISTRICT district
        WHERE
          
        project.moncompanyid = company.id AND 
        task.projectid = project.id AND
        taskpoint.taskid = task.id AND 
        task.monstationid = station.id AND 
        company.districtid = district.id
        AND 1=1 AND company.provinceId='b215c137-a34d-11e7-b2ca-00163e010059'  
        AND (( task.pass = 0 OR task.pass= 1 ))
[2018-03-13 11:13:38.145] [INFO] default - SELECT DISTINCT taskpoint.type,count(*) as count FROM  
        ROMS202_MONCOMPANY company , 
        ROMS202_PROJECT project ,
        ROMS202_TASK task,  
        ROMS202_TASKPOINT taskpoint ,
        ROMS202_MONSTATION station,
        ROMS202_DISTRICT district
        WHERE
          
        project.moncompanyid = company.id AND 
        task.projectid = project.id AND
        taskpoint.taskid = task.id AND 
        task.monstationid = station.id AND 
        company.districtid = district.id 
        AND 1=1 AND company.provinceId='b215c137-a34d-11e7-b2ca-00163e010059'  
        AND (( task.pass = 0 OR task.pass= 1 )) group by taskpoint.type
[2018-03-13 11:13:38.146] [INFO] default - SELECT DISTINCT taskpoint.type,count(*) as count FROM  
        ROMS202_MONCOMPANY company , 
        ROMS202_PROJECT project ,
        ROMS202_TASK task,  
        ROMS202_TASKPOINT taskpoint ,
        ROMS202_MONSTATION station,
        ROMS202_DISTRICT district
        WHERE
          
        project.moncompanyid = company.id AND 
        task.projectid = project.id AND
        taskpoint.taskid = task.id AND 
        task.monstationid = station.id AND 
        company.districtid = district.id 
        AND 1=1 AND company.provinceId='b215c137-a34d-11e7-b2ca-00163e010059'  
        AND (( task.pass = 0 OR task.pass= 1 )) group by taskpoint.type
[2018-03-13 11:13:39.825] [INFO] default - SELECT DISTINCT company.moncompanyname, project.* FROM  
        ROMS202_MONCOMPANY company , 
        ROMS202_PROJECT project ,
        ROMS202_TASK task,  
        ROMS202_TASKPOINT taskpoint ,
        ROMS202_MONSTATION station,
        ROMS202_DISTRICT district
        WHERE
          
        project.moncompanyid = company.id AND
        task.projectid = project.id AND
        taskpoint.taskid = task.id AND 
        task.monstationid = station.id AND 
        company.districtid = district.id
        AND 1=1 AND company.provinceId='b215c137-a34d-11e7-b2ca-00163e010059'  
        AND (( task.pass = 0 OR task.pass= 1 ))
        ORDER BY project.createtime DESC LIMIT 0,10
[2018-03-13 11:13:39.825] [INFO] default - SELECT DISTINCT task.id FROM  
        ROMS202_MONCOMPANY company , 
        ROMS202_PROJECT project ,
        ROMS202_TASK task,  
        ROMS202_TASKPOINT taskpoint ,
        ROMS202_MONSTATION station,
        ROMS202_DISTRICT district
        WHERE
          
        project.moncompanyid = company.id AND 
        task.projectid = project.id AND
        taskpoint.taskid = task.id AND 
        task.monstationid = station.id AND 
        company.districtid = district.id
        AND 1=1 AND company.provinceId='b215c137-a34d-11e7-b2ca-00163e010059'  
        AND (( task.pass = 0 OR task.pass= 1 ))
[2018-03-13 11:13:39.825] [INFO] default - SELECT DISTINCT taskpoint.type,count(*) as count FROM  
        ROMS202_MONCOMPANY company , 
        ROMS202_PROJECT project ,
        ROMS202_TASK task,  
        ROMS202_TASKPOINT taskpoint ,
        ROMS202_MONSTATION station,
        ROMS202_DISTRICT district
        WHERE
          
        project.moncompanyid = company.id AND 
        task.projectid = project.id AND
        taskpoint.taskid = task.id AND 
        task.monstationid = station.id AND 
        company.districtid = district.id 
        AND 1=1 AND company.provinceId='b215c137-a34d-11e7-b2ca-00163e010059'  
        AND (( task.pass = 0 OR task.pass= 1 )) group by taskpoint.type
[2018-03-13 11:13:39.826] [INFO] default - SELECT DISTINCT taskpoint.type,count(*) as count FROM  
        ROMS202_MONCOMPANY company , 
        ROMS202_PROJECT project ,
        ROMS202_TASK task,  
        ROMS202_TASKPOINT taskpoint ,
        ROMS202_MONSTATION station,
        ROMS202_DISTRICT district
        WHERE
          
        project.moncompanyid = company.id AND 
        task.projectid = project.id AND
        taskpoint.taskid = task.id AND 
        task.monstationid = station.id AND 
        company.districtid = district.id 
        AND 1=1 AND company.provinceId='b215c137-a34d-11e7-b2ca-00163e010059'  
        AND (( task.pass = 0 OR task.pass= 1 )) group by taskpoint.type
[2018-03-13 11:22:17.018] [INFO] default - SELECT DISTINCT company.moncompanyname, project.* FROM  
        ROMS202_MONCOMPANY company , 
        ROMS202_PROJECT project ,
        ROMS202_TASK task,  
        ROMS202_TASKPOINT taskpoint ,
        ROMS202_MONSTATION station,
        ROMS202_DISTRICT district
        WHERE
          
        project.moncompanyid = company.id AND
        task.projectid = project.id AND
        taskpoint.taskid = task.id AND 
        task.monstationid = station.id AND 
        company.districtid = district.id
        AND 1=1   
        AND (( task.pass = 0 OR task.pass= 1 ))
        ORDER BY project.createtime DESC LIMIT 0,10
[2018-03-13 11:22:17.018] [INFO] default - SELECT DISTINCT task.id FROM  
        ROMS202_MONCOMPANY company , 
        ROMS202_PROJECT project ,
        ROMS202_TASK task,  
        ROMS202_TASKPOINT taskpoint ,
        ROMS202_MONSTATION station,
        ROMS202_DISTRICT district
        WHERE
          
        project.moncompanyid = company.id AND 
        task.projectid = project.id AND
        taskpoint.taskid = task.id AND 
        task.monstationid = station.id AND 
        company.districtid = district.id
        AND 1=1   
        AND (( task.pass = 0 OR task.pass= 1 ))
[2018-03-13 11:22:17.018] [INFO] default - SELECT DISTINCT taskpoint.type,count(*) as count FROM  
        ROMS202_MONCOMPANY company , 
        ROMS202_PROJECT project ,
        ROMS202_TASK task,  
        ROMS202_TASKPOINT taskpoint ,
        ROMS202_MONSTATION station,
        ROMS202_DISTRICT district
        WHERE
          
        project.moncompanyid = company.id AND 
        task.projectid = project.id AND
        taskpoint.taskid = task.id AND 
        task.monstationid = station.id AND 
        company.districtid = district.id 
        AND 1=1   
        AND (( task.pass = 0 OR task.pass= 1 )) group by taskpoint.type
[2018-03-13 11:22:17.018] [INFO] default - SELECT DISTINCT taskpoint.type,count(*) as count FROM  
        ROMS202_MONCOMPANY company , 
        ROMS202_PROJECT project ,
        ROMS202_TASK task,  
        ROMS202_TASKPOINT taskpoint ,
        ROMS202_MONSTATION station,
        ROMS202_DISTRICT district
        WHERE
          
        project.moncompanyid = company.id AND 
        task.projectid = project.id AND
        taskpoint.taskid = task.id AND 
        task.monstationid = station.id AND 
        company.districtid = district.id 
        AND 1=1   
        AND (( task.pass = 0 OR task.pass= 1 )) group by taskpoint.type
[2018-03-13 11:22:24.618] [INFO] default - SELECT DISTINCT company.moncompanyname, project.* FROM  
        ROMS202_MONCOMPANY company , 
        ROMS202_PROJECT project ,
        ROMS202_TASK task,  
        ROMS202_TASKPOINT taskpoint ,
        ROMS202_MONSTATION station,
        ROMS202_DISTRICT district
        WHERE
          
        project.moncompanyid = company.id AND
        task.projectid = project.id AND
        taskpoint.taskid = task.id AND 
        task.monstationid = station.id AND 
        company.districtid = district.id
        AND 1=1   
        AND (( task.pass = 0 OR task.pass= 1 ))
        ORDER BY project.createtime DESC LIMIT 0,10
[2018-03-13 11:22:24.618] [INFO] default - SELECT DISTINCT task.id FROM  
        ROMS202_MONCOMPANY company , 
        ROMS202_PROJECT project ,
        ROMS202_TASK task,  
        ROMS202_TASKPOINT taskpoint ,
        ROMS202_MONSTATION station,
        ROMS202_DISTRICT district
        WHERE
          
        project.moncompanyid = company.id AND 
        task.projectid = project.id AND
        taskpoint.taskid = task.id AND 
        task.monstationid = station.id AND 
        company.districtid = district.id
        AND 1=1   
        AND (( task.pass = 0 OR task.pass= 1 ))
[2018-03-13 11:22:24.619] [INFO] default - SELECT DISTINCT taskpoint.type,count(*) as count FROM  
        ROMS202_MONCOMPANY company , 
        ROMS202_PROJECT project ,
        ROMS202_TASK task,  
        ROMS202_TASKPOINT taskpoint ,
        ROMS202_MONSTATION station,
        ROMS202_DISTRICT district
        WHERE
          
        project.moncompanyid = company.id AND 
        task.projectid = project.id AND
        taskpoint.taskid = task.id AND 
        task.monstationid = station.id AND 
        company.districtid = district.id 
        AND 1=1   
        AND (( task.pass = 0 OR task.pass= 1 )) group by taskpoint.type
[2018-03-13 11:22:24.619] [INFO] default - SELECT DISTINCT taskpoint.type,count(*) as count FROM  
        ROMS202_MONCOMPANY company , 
        ROMS202_PROJECT project ,
        ROMS202_TASK task,  
        ROMS202_TASKPOINT taskpoint ,
        ROMS202_MONSTATION station,
        ROMS202_DISTRICT district
        WHERE
          
        project.moncompanyid = company.id AND 
        task.projectid = project.id AND
        taskpoint.taskid = task.id AND 
        task.monstationid = station.id AND 
        company.districtid = district.id 
        AND 1=1   
        AND (( task.pass = 0 OR task.pass= 1 )) group by taskpoint.type
[2018-03-13 11:22:30.852] [INFO] default - SELECT DISTINCT company.moncompanyname, project.* FROM  
        ROMS202_MONCOMPANY company , 
        ROMS202_PROJECT project ,
        ROMS202_TASK task,  
        ROMS202_TASKPOINT taskpoint ,
        ROMS202_MONSTATION station,
        ROMS202_DISTRICT district
        WHERE
          
        project.moncompanyid = company.id AND
        task.projectid = project.id AND
        taskpoint.taskid = task.id AND 
        task.monstationid = station.id AND 
        company.districtid = district.id
        AND 1=1   
        AND (( task.pass = 0 OR task.pass= 1 ))
        ORDER BY project.createtime DESC LIMIT 0,10
[2018-03-13 11:22:30.852] [INFO] default - SELECT DISTINCT task.id FROM  
        ROMS202_MONCOMPANY company , 
        ROMS202_PROJECT project ,
        ROMS202_TASK task,  
        ROMS202_TASKPOINT taskpoint ,
        ROMS202_MONSTATION station,
        ROMS202_DISTRICT district
        WHERE
          
        project.moncompanyid = company.id AND 
        task.projectid = project.id AND
        taskpoint.taskid = task.id AND 
        task.monstationid = station.id AND 
        company.districtid = district.id
        AND 1=1   
        AND (( task.pass = 0 OR task.pass= 1 ))
[2018-03-13 11:22:30.852] [INFO] default - SELECT DISTINCT taskpoint.type,count(*) as count FROM  
        ROMS202_MONCOMPANY company , 
        ROMS202_PROJECT project ,
        ROMS202_TASK task,  
        ROMS202_TASKPOINT taskpoint ,
        ROMS202_MONSTATION station,
        ROMS202_DISTRICT district
        WHERE
          
        project.moncompanyid = company.id AND 
        task.projectid = project.id AND
        taskpoint.taskid = task.id AND 
        task.monstationid = station.id AND 
        company.districtid = district.id 
        AND 1=1   
        AND (( task.pass = 0 OR task.pass= 1 )) group by taskpoint.type
[2018-03-13 11:22:30.853] [INFO] default - SELECT DISTINCT taskpoint.type,count(*) as count FROM  
        ROMS202_MONCOMPANY company , 
        ROMS202_PROJECT project ,
        ROMS202_TASK task,  
        ROMS202_TASKPOINT taskpoint ,
        ROMS202_MONSTATION station,
        ROMS202_DISTRICT district
        WHERE
          
        project.moncompanyid = company.id AND 
        task.projectid = project.id AND
        taskpoint.taskid = task.id AND 
        task.monstationid = station.id AND 
        company.districtid = district.id 
        AND 1=1   
        AND (( task.pass = 0 OR task.pass= 1 )) group by taskpoint.type
[2018-03-13 11:22:35.643] [INFO] default - SELECT DISTINCT company.moncompanyname, project.* FROM  
        ROMS202_MONCOMPANY company , 
        ROMS202_PROJECT project ,
        ROMS202_TASK task,  
        ROMS202_TASKPOINT taskpoint ,
        ROMS202_MONSTATION station,
        ROMS202_DISTRICT district
        WHERE
          
        project.moncompanyid = company.id AND
        task.projectid = project.id AND
        taskpoint.taskid = task.id AND 
        task.monstationid = station.id AND 
        company.districtid = district.id
        AND 1=1   
        AND (( task.pass = 0 OR task.pass= 1 ))
        ORDER BY project.createtime DESC LIMIT 0,10
[2018-03-13 11:22:35.643] [INFO] default - SELECT DISTINCT task.id FROM  
        ROMS202_MONCOMPANY company , 
        ROMS202_PROJECT project ,
        ROMS202_TASK task,  
        ROMS202_TASKPOINT taskpoint ,
        ROMS202_MONSTATION station,
        ROMS202_DISTRICT district
        WHERE
          
        project.moncompanyid = company.id AND 
        task.projectid = project.id AND
        taskpoint.taskid = task.id AND 
        task.monstationid = station.id AND 
        company.districtid = district.id
        AND 1=1   
        AND (( task.pass = 0 OR task.pass= 1 ))
[2018-03-13 11:22:35.643] [INFO] default - SELECT DISTINCT taskpoint.type,count(*) as count FROM  
        ROMS202_MONCOMPANY company , 
        ROMS202_PROJECT project ,
        ROMS202_TASK task,  
        ROMS202_TASKPOINT taskpoint ,
        ROMS202_MONSTATION station,
        ROMS202_DISTRICT district
        WHERE
          
        project.moncompanyid = company.id AND 
        task.projectid = project.id AND
        taskpoint.taskid = task.id AND 
        task.monstationid = station.id AND 
        company.districtid = district.id 
        AND 1=1   
        AND (( task.pass = 0 OR task.pass= 1 )) group by taskpoint.type
[2018-03-13 11:22:35.643] [INFO] default - SELECT DISTINCT taskpoint.type,count(*) as count FROM  
        ROMS202_MONCOMPANY company , 
        ROMS202_PROJECT project ,
        ROMS202_TASK task,  
        ROMS202_TASKPOINT taskpoint ,
        ROMS202_MONSTATION station,
        ROMS202_DISTRICT district
        WHERE
          
        project.moncompanyid = company.id AND 
        task.projectid = project.id AND
        taskpoint.taskid = task.id AND 
        task.monstationid = station.id AND 
        company.districtid = district.id 
        AND 1=1   
        AND (( task.pass = 0 OR task.pass= 1 )) group by taskpoint.type
[2018-03-13 11:22:40.464] [INFO] default - SELECT DISTINCT company.moncompanyname, project.* FROM  
        ROMS202_MONCOMPANY company , 
        ROMS202_PROJECT project ,
        ROMS202_TASK task,  
        ROMS202_TASKPOINT taskpoint ,
        ROMS202_MONSTATION station,
        ROMS202_DISTRICT district
        WHERE
          
        project.moncompanyid = company.id AND
        task.projectid = project.id AND
        taskpoint.taskid = task.id AND 
        task.monstationid = station.id AND 
        company.districtid = district.id
        AND 1=1   
        AND (( task.pass = 0 OR task.pass= 1 ))
        ORDER BY project.createtime DESC LIMIT 0,10
[2018-03-13 11:22:40.464] [INFO] default - SELECT DISTINCT task.id FROM  
        ROMS202_MONCOMPANY company , 
        ROMS202_PROJECT project ,
        ROMS202_TASK task,  
        ROMS202_TASKPOINT taskpoint ,
        ROMS202_MONSTATION station,
        ROMS202_DISTRICT district
        WHERE
          
        project.moncompanyid = company.id AND 
        task.projectid = project.id AND
        taskpoint.taskid = task.id AND 
        task.monstationid = station.id AND 
        company.districtid = district.id
        AND 1=1   
        AND (( task.pass = 0 OR task.pass= 1 ))
[2018-03-13 11:22:40.464] [INFO] default - SELECT DISTINCT taskpoint.type,count(*) as count FROM  
        ROMS202_MONCOMPANY company , 
        ROMS202_PROJECT project ,
        ROMS202_TASK task,  
        ROMS202_TASKPOINT taskpoint ,
        ROMS202_MONSTATION station,
        ROMS202_DISTRICT district
        WHERE
          
        project.moncompanyid = company.id AND 
        task.projectid = project.id AND
        taskpoint.taskid = task.id AND 
        task.monstationid = station.id AND 
        company.districtid = district.id 
        AND 1=1   
        AND (( task.pass = 0 OR task.pass= 1 )) group by taskpoint.type
[2018-03-13 11:22:40.465] [INFO] default - SELECT DISTINCT taskpoint.type,count(*) as count FROM  
        ROMS202_MONCOMPANY company , 
        ROMS202_PROJECT project ,
        ROMS202_TASK task,  
        ROMS202_TASKPOINT taskpoint ,
        ROMS202_MONSTATION station,
        ROMS202_DISTRICT district
        WHERE
          
        project.moncompanyid = company.id AND 
        task.projectid = project.id AND
        taskpoint.taskid = task.id AND 
        task.monstationid = station.id AND 
        company.districtid = district.id 
        AND 1=1   
        AND (( task.pass = 0 OR task.pass= 1 )) group by taskpoint.type
[2018-03-13 11:22:53.903] [INFO] default - SELECT DISTINCT company.moncompanyname, project.* FROM  
        ROMS202_MONCOMPANY company , 
        ROMS202_PROJECT project ,
        ROMS202_TASK task,  
        ROMS202_TASKPOINT taskpoint ,
        ROMS202_MONSTATION station,
        ROMS202_DISTRICT district
        WHERE
          
        project.moncompanyid = company.id AND
        task.projectid = project.id AND
        taskpoint.taskid = task.id AND 
        task.monstationid = station.id AND 
        company.districtid = district.id
        AND 1=1   
        AND (( task.pass = 0 OR task.pass= 1 ))
        ORDER BY project.createtime DESC LIMIT 0,10
[2018-03-13 11:22:53.904] [INFO] default - SELECT DISTINCT task.id FROM  
        ROMS202_MONCOMPANY company , 
        ROMS202_PROJECT project ,
        ROMS202_TASK task,  
        ROMS202_TASKPOINT taskpoint ,
        ROMS202_MONSTATION station,
        ROMS202_DISTRICT district
        WHERE
          
        project.moncompanyid = company.id AND 
        task.projectid = project.id AND
        taskpoint.taskid = task.id AND 
        task.monstationid = station.id AND 
        company.districtid = district.id
        AND 1=1   
        AND (( task.pass = 0 OR task.pass= 1 ))
[2018-03-13 11:22:53.904] [INFO] default - SELECT DISTINCT taskpoint.type,count(*) as count FROM  
        ROMS202_MONCOMPANY company , 
        ROMS202_PROJECT project ,
        ROMS202_TASK task,  
        ROMS202_TASKPOINT taskpoint ,
        ROMS202_MONSTATION station,
        ROMS202_DISTRICT district
        WHERE
          
        project.moncompanyid = company.id AND 
        task.projectid = project.id AND
        taskpoint.taskid = task.id AND 
        task.monstationid = station.id AND 
        company.districtid = district.id 
        AND 1=1   
        AND (( task.pass = 0 OR task.pass= 1 )) group by taskpoint.type
[2018-03-13 11:22:53.904] [INFO] default - SELECT DISTINCT taskpoint.type,count(*) as count FROM  
        ROMS202_MONCOMPANY company , 
        ROMS202_PROJECT project ,
        ROMS202_TASK task,  
        ROMS202_TASKPOINT taskpoint ,
        ROMS202_MONSTATION station,
        ROMS202_DISTRICT district
        WHERE
          
        project.moncompanyid = company.id AND 
        task.projectid = project.id AND
        taskpoint.taskid = task.id AND 
        task.monstationid = station.id AND 
        company.districtid = district.id 
        AND 1=1   
        AND (( task.pass = 0 OR task.pass= 1 )) group by taskpoint.type
[2018-03-13 11:22:58.847] [INFO] default - SELECT DISTINCT company.moncompanyname, project.* FROM  
        ROMS202_MONCOMPANY company , 
        ROMS202_PROJECT project ,
        ROMS202_TASK task,  
        ROMS202_TASKPOINT taskpoint ,
        ROMS202_MONSTATION station,
        ROMS202_DISTRICT district
        WHERE
          
        project.moncompanyid = company.id AND
        task.projectid = project.id AND
        taskpoint.taskid = task.id AND 
        task.monstationid = station.id AND 
        company.districtid = district.id
        AND 1=1   
        AND (( task.pass = 0 OR task.pass= 1 ))
        ORDER BY project.createtime DESC LIMIT 0,10
[2018-03-13 11:22:58.847] [INFO] default - SELECT DISTINCT task.id FROM  
        ROMS202_MONCOMPANY company , 
        ROMS202_PROJECT project ,
        ROMS202_TASK task,  
        ROMS202_TASKPOINT taskpoint ,
        ROMS202_MONSTATION station,
        ROMS202_DISTRICT district
        WHERE
          
        project.moncompanyid = company.id AND 
        task.projectid = project.id AND
        taskpoint.taskid = task.id AND 
        task.monstationid = station.id AND 
        company.districtid = district.id
        AND 1=1   
        AND (( task.pass = 0 OR task.pass= 1 ))
[2018-03-13 11:22:58.848] [INFO] default - SELECT DISTINCT taskpoint.type,count(*) as count FROM  
        ROMS202_MONCOMPANY company , 
        ROMS202_PROJECT project ,
        ROMS202_TASK task,  
        ROMS202_TASKPOINT taskpoint ,
        ROMS202_MONSTATION station,
        ROMS202_DISTRICT district
        WHERE
          
        project.moncompanyid = company.id AND 
        task.projectid = project.id AND
        taskpoint.taskid = task.id AND 
        task.monstationid = station.id AND 
        company.districtid = district.id 
        AND 1=1   
        AND (( task.pass = 0 OR task.pass= 1 )) group by taskpoint.type
[2018-03-13 11:22:58.848] [INFO] default - SELECT DISTINCT taskpoint.type,count(*) as count FROM  
        ROMS202_MONCOMPANY company , 
        ROMS202_PROJECT project ,
        ROMS202_TASK task,  
        ROMS202_TASKPOINT taskpoint ,
        ROMS202_MONSTATION station,
        ROMS202_DISTRICT district
        WHERE
          
        project.moncompanyid = company.id AND 
        task.projectid = project.id AND
        taskpoint.taskid = task.id AND 
        task.monstationid = station.id AND 
        company.districtid = district.id 
        AND 1=1   
        AND (( task.pass = 0 OR task.pass= 1 )) group by taskpoint.type
[2018-03-13 11:23:02.910] [INFO] default - SELECT DISTINCT company.moncompanyname, project.* FROM  
        ROMS202_MONCOMPANY company , 
        ROMS202_PROJECT project ,
        ROMS202_TASK task,  
        ROMS202_TASKPOINT taskpoint ,
        ROMS202_MONSTATION station,
        ROMS202_DISTRICT district
        WHERE
          
        project.moncompanyid = company.id AND
        task.projectid = project.id AND
        taskpoint.taskid = task.id AND 
        task.monstationid = station.id AND 
        company.districtid = district.id
        AND 1=1   
        AND (( task.pass = 0 OR task.pass= 1 ))
        ORDER BY project.createtime DESC LIMIT 0,10
[2018-03-13 11:23:02.910] [INFO] default - SELECT DISTINCT task.id FROM  
        ROMS202_MONCOMPANY company , 
        ROMS202_PROJECT project ,
        ROMS202_TASK task,  
        ROMS202_TASKPOINT taskpoint ,
        ROMS202_MONSTATION station,
        ROMS202_DISTRICT district
        WHERE
          
        project.moncompanyid = company.id AND 
        task.projectid = project.id AND
        taskpoint.taskid = task.id AND 
        task.monstationid = station.id AND 
        company.districtid = district.id
        AND 1=1   
        AND (( task.pass = 0 OR task.pass= 1 ))
[2018-03-13 11:23:02.910] [INFO] default - SELECT DISTINCT taskpoint.type,count(*) as count FROM  
        ROMS202_MONCOMPANY company , 
        ROMS202_PROJECT project ,
        ROMS202_TASK task,  
        ROMS202_TASKPOINT taskpoint ,
        ROMS202_MONSTATION station,
        ROMS202_DISTRICT district
        WHERE
          
        project.moncompanyid = company.id AND 
        task.projectid = project.id AND
        taskpoint.taskid = task.id AND 
        task.monstationid = station.id AND 
        company.districtid = district.id 
        AND 1=1   
        AND (( task.pass = 0 OR task.pass= 1 )) group by taskpoint.type
[2018-03-13 11:23:02.910] [INFO] default - SELECT DISTINCT taskpoint.type,count(*) as count FROM  
        ROMS202_MONCOMPANY company , 
        ROMS202_PROJECT project ,
        ROMS202_TASK task,  
        ROMS202_TASKPOINT taskpoint ,
        ROMS202_MONSTATION station,
        ROMS202_DISTRICT district
        WHERE
          
        project.moncompanyid = company.id AND 
        task.projectid = project.id AND
        taskpoint.taskid = task.id AND 
        task.monstationid = station.id AND 
        company.districtid = district.id 
        AND 1=1   
        AND (( task.pass = 0 OR task.pass= 1 )) group by taskpoint.type
[2018-03-13 11:23:11.258] [INFO] default - SELECT DISTINCT company.moncompanyname, project.* FROM  
        ROMS202_MONCOMPANY company , 
        ROMS202_PROJECT project ,
        ROMS202_TASK task,  
        ROMS202_TASKPOINT taskpoint ,
        ROMS202_MONSTATION station,
        ROMS202_DISTRICT district
        WHERE
          
        project.moncompanyid = company.id AND
        task.projectid = project.id AND
        taskpoint.taskid = task.id AND 
        task.monstationid = station.id AND 
        company.districtid = district.id
        AND 1=1   
        AND (( task.pass = 0 OR task.pass= 1 ))
        ORDER BY project.createtime DESC LIMIT 0,10
[2018-03-13 11:23:11.258] [INFO] default - SELECT DISTINCT task.id FROM  
        ROMS202_MONCOMPANY company , 
        ROMS202_PROJECT project ,
        ROMS202_TASK task,  
        ROMS202_TASKPOINT taskpoint ,
        ROMS202_MONSTATION station,
        ROMS202_DISTRICT district
        WHERE
          
        project.moncompanyid = company.id AND 
        task.projectid = project.id AND
        taskpoint.taskid = task.id AND 
        task.monstationid = station.id AND 
        company.districtid = district.id
        AND 1=1   
        AND (( task.pass = 0 OR task.pass= 1 ))
[2018-03-13 11:23:11.259] [INFO] default - SELECT DISTINCT taskpoint.type,count(*) as count FROM  
        ROMS202_MONCOMPANY company , 
        ROMS202_PROJECT project ,
        ROMS202_TASK task,  
        ROMS202_TASKPOINT taskpoint ,
        ROMS202_MONSTATION station,
        ROMS202_DISTRICT district
        WHERE
          
        project.moncompanyid = company.id AND 
        task.projectid = project.id AND
        taskpoint.taskid = task.id AND 
        task.monstationid = station.id AND 
        company.districtid = district.id 
        AND 1=1   
        AND (( task.pass = 0 OR task.pass= 1 )) group by taskpoint.type
[2018-03-13 11:23:11.259] [INFO] default - SELECT DISTINCT taskpoint.type,count(*) as count FROM  
        ROMS202_MONCOMPANY company , 
        ROMS202_PROJECT project ,
        ROMS202_TASK task,  
        ROMS202_TASKPOINT taskpoint ,
        ROMS202_MONSTATION station,
        ROMS202_DISTRICT district
        WHERE
          
        project.moncompanyid = company.id AND 
        task.projectid = project.id AND
        taskpoint.taskid = task.id AND 
        task.monstationid = station.id AND 
        company.districtid = district.id 
        AND 1=1   
        AND (( task.pass = 0 OR task.pass= 1 )) group by taskpoint.type
[2018-03-13 11:23:13.819] [INFO] default - SELECT DISTINCT company.moncompanyname, project.* FROM  
        ROMS202_MONCOMPANY company , 
        ROMS202_PROJECT project ,
        ROMS202_TASK task,  
        ROMS202_TASKPOINT taskpoint ,
        ROMS202_MONSTATION station,
        ROMS202_DISTRICT district
        WHERE
          
        project.moncompanyid = company.id AND
        task.projectid = project.id AND
        taskpoint.taskid = task.id AND 
        task.monstationid = station.id AND 
        company.districtid = district.id
        AND 1=1   
        AND (( task.pass = 0 OR task.pass= 1 ))
        ORDER BY project.createtime DESC LIMIT 0,10
[2018-03-13 11:23:13.820] [INFO] default - SELECT DISTINCT task.id FROM  
        ROMS202_MONCOMPANY company , 
        ROMS202_PROJECT project ,
        ROMS202_TASK task,  
        ROMS202_TASKPOINT taskpoint ,
        ROMS202_MONSTATION station,
        ROMS202_DISTRICT district
        WHERE
          
        project.moncompanyid = company.id AND 
        task.projectid = project.id AND
        taskpoint.taskid = task.id AND 
        task.monstationid = station.id AND 
        company.districtid = district.id
        AND 1=1   
        AND (( task.pass = 0 OR task.pass= 1 ))
[2018-03-13 11:23:13.820] [INFO] default - SELECT DISTINCT taskpoint.type,count(*) as count FROM  
        ROMS202_MONCOMPANY company , 
        ROMS202_PROJECT project ,
        ROMS202_TASK task,  
        ROMS202_TASKPOINT taskpoint ,
        ROMS202_MONSTATION station,
        ROMS202_DISTRICT district
        WHERE
          
        project.moncompanyid = company.id AND 
        task.projectid = project.id AND
        taskpoint.taskid = task.id AND 
        task.monstationid = station.id AND 
        company.districtid = district.id 
        AND 1=1   
        AND (( task.pass = 0 OR task.pass= 1 )) group by taskpoint.type
[2018-03-13 11:23:13.820] [INFO] default - SELECT DISTINCT taskpoint.type,count(*) as count FROM  
        ROMS202_MONCOMPANY company , 
        ROMS202_PROJECT project ,
        ROMS202_TASK task,  
        ROMS202_TASKPOINT taskpoint ,
        ROMS202_MONSTATION station,
        ROMS202_DISTRICT district
        WHERE
          
        project.moncompanyid = company.id AND 
        task.projectid = project.id AND
        taskpoint.taskid = task.id AND 
        task.monstationid = station.id AND 
        company.districtid = district.id 
        AND 1=1   
        AND (( task.pass = 0 OR task.pass= 1 )) group by taskpoint.type
[2018-03-13 11:23:30.362] [INFO] default - SELECT DISTINCT company.moncompanyname, project.* FROM  
        ROMS202_MONCOMPANY company , 
        ROMS202_PROJECT project ,
        ROMS202_TASK task,  
        ROMS202_TASKPOINT taskpoint ,
        ROMS202_MONSTATION station,
        ROMS202_DISTRICT district
        WHERE
          
        project.moncompanyid = company.id AND
        task.projectid = project.id AND
        taskpoint.taskid = task.id AND 
        task.monstationid = station.id AND 
        company.districtid = district.id
        AND 1=1   
        AND (( task.pass = 0 OR task.pass= 1 ))
        ORDER BY project.createtime DESC LIMIT 0,10
[2018-03-13 11:23:30.363] [INFO] default - SELECT DISTINCT task.id FROM  
        ROMS202_MONCOMPANY company , 
        ROMS202_PROJECT project ,
        ROMS202_TASK task,  
        ROMS202_TASKPOINT taskpoint ,
        ROMS202_MONSTATION station,
        ROMS202_DISTRICT district
        WHERE
          
        project.moncompanyid = company.id AND 
        task.projectid = project.id AND
        taskpoint.taskid = task.id AND 
        task.monstationid = station.id AND 
        company.districtid = district.id
        AND 1=1   
        AND (( task.pass = 0 OR task.pass= 1 ))
[2018-03-13 11:23:30.363] [INFO] default - SELECT DISTINCT taskpoint.type,count(*) as count FROM  
        ROMS202_MONCOMPANY company , 
        ROMS202_PROJECT project ,
        ROMS202_TASK task,  
        ROMS202_TASKPOINT taskpoint ,
        ROMS202_MONSTATION station,
        ROMS202_DISTRICT district
        WHERE
          
        project.moncompanyid = company.id AND 
        task.projectid = project.id AND
        taskpoint.taskid = task.id AND 
        task.monstationid = station.id AND 
        company.districtid = district.id 
        AND 1=1   
        AND (( task.pass = 0 OR task.pass= 1 )) group by taskpoint.type
[2018-03-13 11:23:30.363] [INFO] default - SELECT DISTINCT taskpoint.type,count(*) as count FROM  
        ROMS202_MONCOMPANY company , 
        ROMS202_PROJECT project ,
        ROMS202_TASK task,  
        ROMS202_TASKPOINT taskpoint ,
        ROMS202_MONSTATION station,
        ROMS202_DISTRICT district
        WHERE
          
        project.moncompanyid = company.id AND 
        task.projectid = project.id AND
        taskpoint.taskid = task.id AND 
        task.monstationid = station.id AND 
        company.districtid = district.id 
        AND 1=1   
        AND (( task.pass = 0 OR task.pass= 1 )) group by taskpoint.type
[2018-03-13 11:23:39.374] [INFO] default - SELECT DISTINCT company.moncompanyname, project.* FROM  
        ROMS202_MONCOMPANY company , 
        ROMS202_PROJECT project ,
        ROMS202_TASK task,  
        ROMS202_TASKPOINT taskpoint ,
        ROMS202_MONSTATION station,
        ROMS202_DISTRICT district
        WHERE
          
        project.moncompanyid = company.id AND
        task.projectid = project.id AND
        taskpoint.taskid = task.id AND 
        task.monstationid = station.id AND 
        company.districtid = district.id
        AND 1=1   
        AND (( task.pass = 0 OR task.pass= 1 ))
        ORDER BY project.createtime DESC LIMIT 0,10
[2018-03-13 11:23:39.376] [INFO] default - SELECT DISTINCT task.id FROM  
        ROMS202_MONCOMPANY company , 
        ROMS202_PROJECT project ,
        ROMS202_TASK task,  
        ROMS202_TASKPOINT taskpoint ,
        ROMS202_MONSTATION station,
        ROMS202_DISTRICT district
        WHERE
          
        project.moncompanyid = company.id AND 
        task.projectid = project.id AND
        taskpoint.taskid = task.id AND 
        task.monstationid = station.id AND 
        company.districtid = district.id
        AND 1=1   
        AND (( task.pass = 0 OR task.pass= 1 ))
[2018-03-13 11:23:39.376] [INFO] default - SELECT DISTINCT taskpoint.type,count(*) as count FROM  
        ROMS202_MONCOMPANY company , 
        ROMS202_PROJECT project ,
        ROMS202_TASK task,  
        ROMS202_TASKPOINT taskpoint ,
        ROMS202_MONSTATION station,
        ROMS202_DISTRICT district
        WHERE
          
        project.moncompanyid = company.id AND 
        task.projectid = project.id AND
        taskpoint.taskid = task.id AND 
        task.monstationid = station.id AND 
        company.districtid = district.id 
        AND 1=1   
        AND (( task.pass = 0 OR task.pass= 1 )) group by taskpoint.type
[2018-03-13 11:23:39.377] [INFO] default - SELECT DISTINCT taskpoint.type,count(*) as count FROM  
        ROMS202_MONCOMPANY company , 
        ROMS202_PROJECT project ,
        ROMS202_TASK task,  
        ROMS202_TASKPOINT taskpoint ,
        ROMS202_MONSTATION station,
        ROMS202_DISTRICT district
        WHERE
          
        project.moncompanyid = company.id AND 
        task.projectid = project.id AND
        taskpoint.taskid = task.id AND 
        task.monstationid = station.id AND 
        company.districtid = district.id 
        AND 1=1   
        AND (( task.pass = 0 OR task.pass= 1 )) group by taskpoint.type
[2018-03-13 11:23:51.845] [INFO] default - SELECT DISTINCT company.moncompanyname, project.* FROM  
        ROMS202_MONCOMPANY company , 
        ROMS202_PROJECT project ,
        ROMS202_TASK task,  
        ROMS202_TASKPOINT taskpoint ,
        ROMS202_MONSTATION station,
        ROMS202_DISTRICT district
        WHERE
          
        project.moncompanyid = company.id AND
        task.projectid = project.id AND
        taskpoint.taskid = task.id AND 
        task.monstationid = station.id AND 
        company.districtid = district.id
        AND 1=1   
        AND (( task.pass = 0 OR task.pass= 1 ))
        ORDER BY project.createtime DESC LIMIT 0,10
[2018-03-13 11:23:51.849] [INFO] default - SELECT DISTINCT task.id FROM  
        ROMS202_MONCOMPANY company , 
        ROMS202_PROJECT project ,
        ROMS202_TASK task,  
        ROMS202_TASKPOINT taskpoint ,
        ROMS202_MONSTATION station,
        ROMS202_DISTRICT district
        WHERE
          
        project.moncompanyid = company.id AND 
        task.projectid = project.id AND
        taskpoint.taskid = task.id AND 
        task.monstationid = station.id AND 
        company.districtid = district.id
        AND 1=1   
        AND (( task.pass = 0 OR task.pass= 1 ))
[2018-03-13 11:23:51.849] [INFO] default - SELECT DISTINCT taskpoint.type,count(*) as count FROM  
        ROMS202_MONCOMPANY company , 
        ROMS202_PROJECT project ,
        ROMS202_TASK task,  
        ROMS202_TASKPOINT taskpoint ,
        ROMS202_MONSTATION station,
        ROMS202_DISTRICT district
        WHERE
          
        project.moncompanyid = company.id AND 
        task.projectid = project.id AND
        taskpoint.taskid = task.id AND 
        task.monstationid = station.id AND 
        company.districtid = district.id 
        AND 1=1   
        AND (( task.pass = 0 OR task.pass= 1 )) group by taskpoint.type
[2018-03-13 11:23:51.849] [INFO] default - SELECT DISTINCT taskpoint.type,count(*) as count FROM  
        ROMS202_MONCOMPANY company , 
        ROMS202_PROJECT project ,
        ROMS202_TASK task,  
        ROMS202_TASKPOINT taskpoint ,
        ROMS202_MONSTATION station,
        ROMS202_DISTRICT district
        WHERE
          
        project.moncompanyid = company.id AND 
        task.projectid = project.id AND
        taskpoint.taskid = task.id AND 
        task.monstationid = station.id AND 
        company.districtid = district.id 
        AND 1=1   
        AND (( task.pass = 0 OR task.pass= 1 )) group by taskpoint.type
[2018-03-13 11:23:54.933] [INFO] default - SELECT DISTINCT company.moncompanyname, project.* FROM  
        ROMS202_MONCOMPANY company , 
        ROMS202_PROJECT project ,
        ROMS202_TASK task,  
        ROMS202_TASKPOINT taskpoint ,
        ROMS202_MONSTATION station,
        ROMS202_DISTRICT district
        WHERE
          
        project.moncompanyid = company.id AND
        task.projectid = project.id AND
        taskpoint.taskid = task.id AND 
        task.monstationid = station.id AND 
        company.districtid = district.id
        AND 1=1   
        AND (( task.pass = 0 OR task.pass= 1 ))
        ORDER BY project.createtime DESC LIMIT 0,10
[2018-03-13 11:23:54.933] [INFO] default - SELECT DISTINCT task.id FROM  
        ROMS202_MONCOMPANY company , 
        ROMS202_PROJECT project ,
        ROMS202_TASK task,  
        ROMS202_TASKPOINT taskpoint ,
        ROMS202_MONSTATION station,
        ROMS202_DISTRICT district
        WHERE
          
        project.moncompanyid = company.id AND 
        task.projectid = project.id AND
        taskpoint.taskid = task.id AND 
        task.monstationid = station.id AND 
        company.districtid = district.id
        AND 1=1   
        AND (( task.pass = 0 OR task.pass= 1 ))
[2018-03-13 11:23:54.933] [INFO] default - SELECT DISTINCT taskpoint.type,count(*) as count FROM  
        ROMS202_MONCOMPANY company , 
        ROMS202_PROJECT project ,
        ROMS202_TASK task,  
        ROMS202_TASKPOINT taskpoint ,
        ROMS202_MONSTATION station,
        ROMS202_DISTRICT district
        WHERE
          
        project.moncompanyid = company.id AND 
        task.projectid = project.id AND
        taskpoint.taskid = task.id AND 
        task.monstationid = station.id AND 
        company.districtid = district.id 
        AND 1=1   
        AND (( task.pass = 0 OR task.pass= 1 )) group by taskpoint.type
[2018-03-13 11:23:54.934] [INFO] default - SELECT DISTINCT taskpoint.type,count(*) as count FROM  
        ROMS202_MONCOMPANY company , 
        ROMS202_PROJECT project ,
        ROMS202_TASK task,  
        ROMS202_TASKPOINT taskpoint ,
        ROMS202_MONSTATION station,
        ROMS202_DISTRICT district
        WHERE
          
        project.moncompanyid = company.id AND 
        task.projectid = project.id AND
        taskpoint.taskid = task.id AND 
        task.monstationid = station.id AND 
        company.districtid = district.id 
        AND 1=1   
        AND (( task.pass = 0 OR task.pass= 1 )) group by taskpoint.type
[2018-03-13 11:23:57.406] [INFO] default - SELECT DISTINCT company.moncompanyname, project.* FROM  
        ROMS202_MONCOMPANY company , 
        ROMS202_PROJECT project ,
        ROMS202_TASK task,  
        ROMS202_TASKPOINT taskpoint ,
        ROMS202_MONSTATION station,
        ROMS202_DISTRICT district
        WHERE
          
        project.moncompanyid = company.id AND
        task.projectid = project.id AND
        taskpoint.taskid = task.id AND 
        task.monstationid = station.id AND 
        company.districtid = district.id
        AND 1=1   
        AND (( task.pass = 0 OR task.pass= 1 ))
        ORDER BY project.createtime DESC LIMIT 0,10
[2018-03-13 11:23:57.407] [INFO] default - SELECT DISTINCT task.id FROM  
        ROMS202_MONCOMPANY company , 
        ROMS202_PROJECT project ,
        ROMS202_TASK task,  
        ROMS202_TASKPOINT taskpoint ,
        ROMS202_MONSTATION station,
        ROMS202_DISTRICT district
        WHERE
          
        project.moncompanyid = company.id AND 
        task.projectid = project.id AND
        taskpoint.taskid = task.id AND 
        task.monstationid = station.id AND 
        company.districtid = district.id
        AND 1=1   
        AND (( task.pass = 0 OR task.pass= 1 ))
[2018-03-13 11:23:57.407] [INFO] default - SELECT DISTINCT taskpoint.type,count(*) as count FROM  
        ROMS202_MONCOMPANY company , 
        ROMS202_PROJECT project ,
        ROMS202_TASK task,  
        ROMS202_TASKPOINT taskpoint ,
        ROMS202_MONSTATION station,
        ROMS202_DISTRICT district
        WHERE
          
        project.moncompanyid = company.id AND 
        task.projectid = project.id AND
        taskpoint.taskid = task.id AND 
        task.monstationid = station.id AND 
        company.districtid = district.id 
        AND 1=1   
        AND (( task.pass = 0 OR task.pass= 1 )) group by taskpoint.type
[2018-03-13 11:23:57.407] [INFO] default - SELECT DISTINCT taskpoint.type,count(*) as count FROM  
        ROMS202_MONCOMPANY company , 
        ROMS202_PROJECT project ,
        ROMS202_TASK task,  
        ROMS202_TASKPOINT taskpoint ,
        ROMS202_MONSTATION station,
        ROMS202_DISTRICT district
        WHERE
          
        project.moncompanyid = company.id AND 
        task.projectid = project.id AND
        taskpoint.taskid = task.id AND 
        task.monstationid = station.id AND 
        company.districtid = district.id 
        AND 1=1   
        AND (( task.pass = 0 OR task.pass= 1 )) group by taskpoint.type
[2018-03-13 11:24:00.343] [INFO] default - SELECT DISTINCT company.moncompanyname, project.* FROM  
        ROMS202_MONCOMPANY company , 
        ROMS202_PROJECT project ,
        ROMS202_TASK task,  
        ROMS202_TASKPOINT taskpoint ,
        ROMS202_MONSTATION station,
        ROMS202_DISTRICT district
        WHERE
          
        project.moncompanyid = company.id AND
        task.projectid = project.id AND
        taskpoint.taskid = task.id AND 
        task.monstationid = station.id AND 
        company.districtid = district.id
        AND 1=1   
        AND (( task.pass = 0 OR task.pass= 1 ))
        ORDER BY project.createtime DESC LIMIT 0,10
[2018-03-13 11:24:00.344] [INFO] default - SELECT DISTINCT task.id FROM  
        ROMS202_MONCOMPANY company , 
        ROMS202_PROJECT project ,
        ROMS202_TASK task,  
        ROMS202_TASKPOINT taskpoint ,
        ROMS202_MONSTATION station,
        ROMS202_DISTRICT district
        WHERE
          
        project.moncompanyid = company.id AND 
        task.projectid = project.id AND
        taskpoint.taskid = task.id AND 
        task.monstationid = station.id AND 
        company.districtid = district.id
        AND 1=1   
        AND (( task.pass = 0 OR task.pass= 1 ))
[2018-03-13 11:24:00.344] [INFO] default - SELECT DISTINCT taskpoint.type,count(*) as count FROM  
        ROMS202_MONCOMPANY company , 
        ROMS202_PROJECT project ,
        ROMS202_TASK task,  
        ROMS202_TASKPOINT taskpoint ,
        ROMS202_MONSTATION station,
        ROMS202_DISTRICT district
        WHERE
          
        project.moncompanyid = company.id AND 
        task.projectid = project.id AND
        taskpoint.taskid = task.id AND 
        task.monstationid = station.id AND 
        company.districtid = district.id 
        AND 1=1   
        AND (( task.pass = 0 OR task.pass= 1 )) group by taskpoint.type
[2018-03-13 11:24:00.344] [INFO] default - SELECT DISTINCT taskpoint.type,count(*) as count FROM  
        ROMS202_MONCOMPANY company , 
        ROMS202_PROJECT project ,
        ROMS202_TASK task,  
        ROMS202_TASKPOINT taskpoint ,
        ROMS202_MONSTATION station,
        ROMS202_DISTRICT district
        WHERE
          
        project.moncompanyid = company.id AND 
        task.projectid = project.id AND
        taskpoint.taskid = task.id AND 
        task.monstationid = station.id AND 
        company.districtid = district.id 
        AND 1=1   
        AND (( task.pass = 0 OR task.pass= 1 )) group by taskpoint.type
[2018-03-13 11:24:14.360] [INFO] default - SELECT DISTINCT company.moncompanyname, project.* FROM  
        ROMS202_MONCOMPANY company , 
        ROMS202_PROJECT project ,
        ROMS202_TASK task,  
        ROMS202_TASKPOINT taskpoint ,
        ROMS202_MONSTATION station,
        ROMS202_DISTRICT district
        WHERE
          
        project.moncompanyid = company.id AND
        task.projectid = project.id AND
        taskpoint.taskid = task.id AND 
        task.monstationid = station.id AND 
        company.districtid = district.id
        AND 1=1   
        AND (( task.pass = 0 OR task.pass= 1 ))
        ORDER BY project.createtime DESC LIMIT 0,10
[2018-03-13 11:24:14.361] [INFO] default - SELECT DISTINCT task.id FROM  
        ROMS202_MONCOMPANY company , 
        ROMS202_PROJECT project ,
        ROMS202_TASK task,  
        ROMS202_TASKPOINT taskpoint ,
        ROMS202_MONSTATION station,
        ROMS202_DISTRICT district
        WHERE
          
        project.moncompanyid = company.id AND 
        task.projectid = project.id AND
        taskpoint.taskid = task.id AND 
        task.monstationid = station.id AND 
        company.districtid = district.id
        AND 1=1   
        AND (( task.pass = 0 OR task.pass= 1 ))
[2018-03-13 11:24:14.361] [INFO] default - SELECT DISTINCT taskpoint.type,count(*) as count FROM  
        ROMS202_MONCOMPANY company , 
        ROMS202_PROJECT project ,
        ROMS202_TASK task,  
        ROMS202_TASKPOINT taskpoint ,
        ROMS202_MONSTATION station,
        ROMS202_DISTRICT district
        WHERE
          
        project.moncompanyid = company.id AND 
        task.projectid = project.id AND
        taskpoint.taskid = task.id AND 
        task.monstationid = station.id AND 
        company.districtid = district.id 
        AND 1=1   
        AND (( task.pass = 0 OR task.pass= 1 )) group by taskpoint.type
[2018-03-13 11:24:14.361] [INFO] default - SELECT DISTINCT taskpoint.type,count(*) as count FROM  
        ROMS202_MONCOMPANY company , 
        ROMS202_PROJECT project ,
        ROMS202_TASK task,  
        ROMS202_TASKPOINT taskpoint ,
        ROMS202_MONSTATION station,
        ROMS202_DISTRICT district
        WHERE
          
        project.moncompanyid = company.id AND 
        task.projectid = project.id AND
        taskpoint.taskid = task.id AND 
        task.monstationid = station.id AND 
        company.districtid = district.id 
        AND 1=1   
        AND (( task.pass = 0 OR task.pass= 1 )) group by taskpoint.type
[2018-03-13 11:24:35.852] [INFO] default - SELECT DISTINCT company.moncompanyname, project.* FROM  
        ROMS202_MONCOMPANY company , 
        ROMS202_PROJECT project ,
        ROMS202_TASK task,  
        ROMS202_TASKPOINT taskpoint ,
        ROMS202_MONSTATION station,
        ROMS202_DISTRICT district
        WHERE
          
        project.moncompanyid = company.id AND
        task.projectid = project.id AND
        taskpoint.taskid = task.id AND 
        task.monstationid = station.id AND 
        company.districtid = district.id
        AND 1=1   
        AND (( task.pass = 0 OR task.pass= 1 ))
        ORDER BY project.createtime DESC LIMIT 0,10
[2018-03-13 11:24:35.852] [INFO] default - SELECT DISTINCT task.id FROM  
        ROMS202_MONCOMPANY company , 
        ROMS202_PROJECT project ,
        ROMS202_TASK task,  
        ROMS202_TASKPOINT taskpoint ,
        ROMS202_MONSTATION station,
        ROMS202_DISTRICT district
        WHERE
          
        project.moncompanyid = company.id AND 
        task.projectid = project.id AND
        taskpoint.taskid = task.id AND 
        task.monstationid = station.id AND 
        company.districtid = district.id
        AND 1=1   
        AND (( task.pass = 0 OR task.pass= 1 ))
[2018-03-13 11:24:35.853] [INFO] default - SELECT DISTINCT taskpoint.type,count(*) as count FROM  
        ROMS202_MONCOMPANY company , 
        ROMS202_PROJECT project ,
        ROMS202_TASK task,  
        ROMS202_TASKPOINT taskpoint ,
        ROMS202_MONSTATION station,
        ROMS202_DISTRICT district
        WHERE
          
        project.moncompanyid = company.id AND 
        task.projectid = project.id AND
        taskpoint.taskid = task.id AND 
        task.monstationid = station.id AND 
        company.districtid = district.id 
        AND 1=1   
        AND (( task.pass = 0 OR task.pass= 1 )) group by taskpoint.type
[2018-03-13 11:24:35.853] [INFO] default - SELECT DISTINCT taskpoint.type,count(*) as count FROM  
        ROMS202_MONCOMPANY company , 
        ROMS202_PROJECT project ,
        ROMS202_TASK task,  
        ROMS202_TASKPOINT taskpoint ,
        ROMS202_MONSTATION station,
        ROMS202_DISTRICT district
        WHERE
          
        project.moncompanyid = company.id AND 
        task.projectid = project.id AND
        taskpoint.taskid = task.id AND 
        task.monstationid = station.id AND 
        company.districtid = district.id 
        AND 1=1   
        AND (( task.pass = 0 OR task.pass= 1 )) group by taskpoint.type
[2018-03-13 11:30:16.994] [INFO] default - SELECT DISTINCT company.moncompanyname, project.* FROM  
        ROMS202_MONCOMPANY company , 
        ROMS202_PROJECT project ,
        ROMS202_TASK task,  
        ROMS202_TASKPOINT taskpoint ,
        ROMS202_MONSTATION station,
        ROMS202_DISTRICT district
        WHERE
         project.type='' AND   
        project.moncompanyid = company.id AND
        task.projectid = project.id AND
        taskpoint.taskid = task.id AND 
        task.monstationid = station.id AND 
        company.districtid = district.id
        AND 1=1   
        AND (( task.pass = 2 ))
        ORDER BY project.createtime DESC LIMIT 0,10
[2018-03-13 11:30:16.994] [INFO] default - SELECT DISTINCT task.id FROM  
        ROMS202_MONCOMPANY company , 
        ROMS202_PROJECT project ,
        ROMS202_TASK task,  
        ROMS202_TASKPOINT taskpoint ,
        ROMS202_MONSTATION station,
        ROMS202_DISTRICT district
        WHERE
         project.type='' AND   
        project.moncompanyid = company.id AND 
        task.projectid = project.id AND
        taskpoint.taskid = task.id AND 
        task.monstationid = station.id AND 
        company.districtid = district.id
        AND 1=1   
        AND (( task.pass = 2 ))
[2018-03-13 11:30:16.994] [INFO] default - SELECT DISTINCT taskpoint.type,count(*) as count FROM  
        ROMS202_MONCOMPANY company , 
        ROMS202_PROJECT project ,
        ROMS202_TASK task,  
        ROMS202_TASKPOINT taskpoint ,
        ROMS202_MONSTATION station,
        ROMS202_DISTRICT district
        WHERE
         project.type='' AND   
        project.moncompanyid = company.id AND 
        task.projectid = project.id AND
        taskpoint.taskid = task.id AND 
        task.monstationid = station.id AND 
        company.districtid = district.id 
        AND 1=1   
        AND (( task.pass = 2 )) group by taskpoint.type
[2018-03-13 11:30:16.995] [INFO] default - SELECT DISTINCT taskpoint.type,count(*) as count FROM  
        ROMS202_MONCOMPANY company , 
        ROMS202_PROJECT project ,
        ROMS202_TASK task,  
        ROMS202_TASKPOINT taskpoint ,
        ROMS202_MONSTATION station,
        ROMS202_DISTRICT district
        WHERE
         project.type='' AND   
        project.moncompanyid = company.id AND 
        task.projectid = project.id AND
        taskpoint.taskid = task.id AND 
        task.monstationid = station.id AND 
        company.districtid = district.id 
        AND 1=1   
        AND (( task.pass = 2 )) group by taskpoint.type
[2018-03-13 11:30:17.984] [INFO] default - SELECT DISTINCT company.moncompanyname, project.* FROM  
        ROMS202_MONCOMPANY company , 
        ROMS202_PROJECT project ,
        ROMS202_TASK task,  
        ROMS202_TASKPOINT taskpoint ,
        ROMS202_MONSTATION station,
        ROMS202_DISTRICT district
        WHERE
          
        project.moncompanyid = company.id AND
        task.projectid = project.id AND
        taskpoint.taskid = task.id AND 
        task.monstationid = station.id AND 
        company.districtid = district.id
        AND 1=1   
        AND (( task.pass = 0 OR task.pass= 1 ))
        ORDER BY project.createtime DESC LIMIT 0,10
[2018-03-13 11:30:17.985] [INFO] default - SELECT DISTINCT task.id FROM  
        ROMS202_MONCOMPANY company , 
        ROMS202_PROJECT project ,
        ROMS202_TASK task,  
        ROMS202_TASKPOINT taskpoint ,
        ROMS202_MONSTATION station,
        ROMS202_DISTRICT district
        WHERE
          
        project.moncompanyid = company.id AND 
        task.projectid = project.id AND
        taskpoint.taskid = task.id AND 
        task.monstationid = station.id AND 
        company.districtid = district.id
        AND 1=1   
        AND (( task.pass = 0 OR task.pass= 1 ))
[2018-03-13 11:30:17.985] [INFO] default - SELECT DISTINCT taskpoint.type,count(*) as count FROM  
        ROMS202_MONCOMPANY company , 
        ROMS202_PROJECT project ,
        ROMS202_TASK task,  
        ROMS202_TASKPOINT taskpoint ,
        ROMS202_MONSTATION station,
        ROMS202_DISTRICT district
        WHERE
          
        project.moncompanyid = company.id AND 
        task.projectid = project.id AND
        taskpoint.taskid = task.id AND 
        task.monstationid = station.id AND 
        company.districtid = district.id 
        AND 1=1   
        AND (( task.pass = 0 OR task.pass= 1 )) group by taskpoint.type
[2018-03-13 11:30:17.985] [INFO] default - SELECT DISTINCT taskpoint.type,count(*) as count FROM  
        ROMS202_MONCOMPANY company , 
        ROMS202_PROJECT project ,
        ROMS202_TASK task,  
        ROMS202_TASKPOINT taskpoint ,
        ROMS202_MONSTATION station,
        ROMS202_DISTRICT district
        WHERE
          
        project.moncompanyid = company.id AND 
        task.projectid = project.id AND
        taskpoint.taskid = task.id AND 
        task.monstationid = station.id AND 
        company.districtid = district.id 
        AND 1=1   
        AND (( task.pass = 0 OR task.pass= 1 )) group by taskpoint.type
[2018-03-13 11:30:25.998] [INFO] default - SELECT DISTINCT company.moncompanyname, project.* FROM  
        ROMS202_MONCOMPANY company , 
        ROMS202_PROJECT project ,
        ROMS202_TASK task,  
        ROMS202_TASKPOINT taskpoint ,
        ROMS202_MONSTATION station,
        ROMS202_DISTRICT district
        WHERE
          
        project.moncompanyid = company.id AND
        task.projectid = project.id AND
        taskpoint.taskid = task.id AND 
        task.monstationid = station.id AND 
        company.districtid = district.id
        AND 1=1   
        AND (( task.pass = 0 OR task.pass= 1 ))
        ORDER BY project.createtime DESC LIMIT 0,10
[2018-03-13 11:30:25.999] [INFO] default - SELECT DISTINCT task.id FROM  
        ROMS202_MONCOMPANY company , 
        ROMS202_PROJECT project ,
        ROMS202_TASK task,  
        ROMS202_TASKPOINT taskpoint ,
        ROMS202_MONSTATION station,
        ROMS202_DISTRICT district
        WHERE
          
        project.moncompanyid = company.id AND 
        task.projectid = project.id AND
        taskpoint.taskid = task.id AND 
        task.monstationid = station.id AND 
        company.districtid = district.id
        AND 1=1   
        AND (( task.pass = 0 OR task.pass= 1 ))
[2018-03-13 11:30:25.999] [INFO] default - SELECT DISTINCT taskpoint.type,count(*) as count FROM  
        ROMS202_MONCOMPANY company , 
        ROMS202_PROJECT project ,
        ROMS202_TASK task,  
        ROMS202_TASKPOINT taskpoint ,
        ROMS202_MONSTATION station,
        ROMS202_DISTRICT district
        WHERE
          
        project.moncompanyid = company.id AND 
        task.projectid = project.id AND
        taskpoint.taskid = task.id AND 
        task.monstationid = station.id AND 
        company.districtid = district.id 
        AND 1=1   
        AND (( task.pass = 0 OR task.pass= 1 )) group by taskpoint.type
[2018-03-13 11:30:25.999] [INFO] default - SELECT DISTINCT taskpoint.type,count(*) as count FROM  
        ROMS202_MONCOMPANY company , 
        ROMS202_PROJECT project ,
        ROMS202_TASK task,  
        ROMS202_TASKPOINT taskpoint ,
        ROMS202_MONSTATION station,
        ROMS202_DISTRICT district
        WHERE
          
        project.moncompanyid = company.id AND 
        task.projectid = project.id AND
        taskpoint.taskid = task.id AND 
        task.monstationid = station.id AND 
        company.districtid = district.id 
        AND 1=1   
        AND (( task.pass = 0 OR task.pass= 1 )) group by taskpoint.type
[2018-03-13 11:30:27.783] [INFO] default - SELECT DISTINCT company.moncompanyname, project.* FROM  
        ROMS202_MONCOMPANY company , 
        ROMS202_PROJECT project ,
        ROMS202_TASK task,  
        ROMS202_TASKPOINT taskpoint ,
        ROMS202_MONSTATION station,
        ROMS202_DISTRICT district
        WHERE
          
        project.moncompanyid = company.id AND
        task.projectid = project.id AND
        taskpoint.taskid = task.id AND 
        task.monstationid = station.id AND 
        company.districtid = district.id
        AND 1=1 AND company.provinceId='b215c137-a34d-11e7-b2ca-00163e010059'  
        AND (( task.pass = 0 OR task.pass= 1 ))
        ORDER BY project.createtime DESC LIMIT 0,10
[2018-03-13 11:30:27.784] [INFO] default - SELECT DISTINCT task.id FROM  
        ROMS202_MONCOMPANY company , 
        ROMS202_PROJECT project ,
        ROMS202_TASK task,  
        ROMS202_TASKPOINT taskpoint ,
        ROMS202_MONSTATION station,
        ROMS202_DISTRICT district
        WHERE
          
        project.moncompanyid = company.id AND 
        task.projectid = project.id AND
        taskpoint.taskid = task.id AND 
        task.monstationid = station.id AND 
        company.districtid = district.id
        AND 1=1 AND company.provinceId='b215c137-a34d-11e7-b2ca-00163e010059'  
        AND (( task.pass = 0 OR task.pass= 1 ))
[2018-03-13 11:30:27.784] [INFO] default - SELECT DISTINCT taskpoint.type,count(*) as count FROM  
        ROMS202_MONCOMPANY company , 
        ROMS202_PROJECT project ,
        ROMS202_TASK task,  
        ROMS202_TASKPOINT taskpoint ,
        ROMS202_MONSTATION station,
        ROMS202_DISTRICT district
        WHERE
          
        project.moncompanyid = company.id AND 
        task.projectid = project.id AND
        taskpoint.taskid = task.id AND 
        task.monstationid = station.id AND 
        company.districtid = district.id 
        AND 1=1 AND company.provinceId='b215c137-a34d-11e7-b2ca-00163e010059'  
        AND (( task.pass = 0 OR task.pass= 1 )) group by taskpoint.type
[2018-03-13 11:30:27.785] [INFO] default - SELECT DISTINCT taskpoint.type,count(*) as count FROM  
        ROMS202_MONCOMPANY company , 
        ROMS202_PROJECT project ,
        ROMS202_TASK task,  
        ROMS202_TASKPOINT taskpoint ,
        ROMS202_MONSTATION station,
        ROMS202_DISTRICT district
        WHERE
          
        project.moncompanyid = company.id AND 
        task.projectid = project.id AND
        taskpoint.taskid = task.id AND 
        task.monstationid = station.id AND 
        company.districtid = district.id 
        AND 1=1 AND company.provinceId='b215c137-a34d-11e7-b2ca-00163e010059'  
        AND (( task.pass = 0 OR task.pass= 1 )) group by taskpoint.type
[2018-03-13 11:30:28.219] [INFO] default - SELECT DISTINCT company.moncompanyname, project.* FROM  
        ROMS202_MONCOMPANY company , 
        ROMS202_PROJECT project ,
        ROMS202_TASK task,  
        ROMS202_TASKPOINT taskpoint ,
        ROMS202_MONSTATION station,
        ROMS202_DISTRICT district
        WHERE
          
        project.moncompanyid = company.id AND
        task.projectid = project.id AND
        taskpoint.taskid = task.id AND 
        task.monstationid = station.id AND 
        company.districtid = district.id
        AND 1=1   
        AND (( task.pass = 0 OR task.pass= 1 ))
        ORDER BY project.createtime DESC LIMIT 0,10
[2018-03-13 11:30:28.220] [INFO] default - SELECT DISTINCT task.id FROM  
        ROMS202_MONCOMPANY company , 
        ROMS202_PROJECT project ,
        ROMS202_TASK task,  
        ROMS202_TASKPOINT taskpoint ,
        ROMS202_MONSTATION station,
        ROMS202_DISTRICT district
        WHERE
          
        project.moncompanyid = company.id AND 
        task.projectid = project.id AND
        taskpoint.taskid = task.id AND 
        task.monstationid = station.id AND 
        company.districtid = district.id
        AND 1=1   
        AND (( task.pass = 0 OR task.pass= 1 ))
[2018-03-13 11:30:28.220] [INFO] default - SELECT DISTINCT taskpoint.type,count(*) as count FROM  
        ROMS202_MONCOMPANY company , 
        ROMS202_PROJECT project ,
        ROMS202_TASK task,  
        ROMS202_TASKPOINT taskpoint ,
        ROMS202_MONSTATION station,
        ROMS202_DISTRICT district
        WHERE
          
        project.moncompanyid = company.id AND 
        task.projectid = project.id AND
        taskpoint.taskid = task.id AND 
        task.monstationid = station.id AND 
        company.districtid = district.id 
        AND 1=1   
        AND (( task.pass = 0 OR task.pass= 1 )) group by taskpoint.type
[2018-03-13 11:30:28.220] [INFO] default - SELECT DISTINCT taskpoint.type,count(*) as count FROM  
        ROMS202_MONCOMPANY company , 
        ROMS202_PROJECT project ,
        ROMS202_TASK task,  
        ROMS202_TASKPOINT taskpoint ,
        ROMS202_MONSTATION station,
        ROMS202_DISTRICT district
        WHERE
          
        project.moncompanyid = company.id AND 
        task.projectid = project.id AND
        taskpoint.taskid = task.id AND 
        task.monstationid = station.id AND 
        company.districtid = district.id 
        AND 1=1   
        AND (( task.pass = 0 OR task.pass= 1 )) group by taskpoint.type
[2018-03-13 11:30:34.104] [INFO] default - SELECT DISTINCT company.moncompanyname, project.* FROM  
        ROMS202_MONCOMPANY company , 
        ROMS202_PROJECT project ,
        ROMS202_TASK task,  
        ROMS202_TASKPOINT taskpoint ,
        ROMS202_MONSTATION station,
        ROMS202_DISTRICT district
        WHERE
          
        project.moncompanyid = company.id AND
        task.projectid = project.id AND
        taskpoint.taskid = task.id AND 
        task.monstationid = station.id AND 
        company.districtid = district.id
        AND 1=1   
        AND (( task.pass = 0 OR task.pass= 1 ))
        ORDER BY project.createtime DESC LIMIT 0,10
[2018-03-13 11:30:34.104] [INFO] default - SELECT DISTINCT task.id FROM  
        ROMS202_MONCOMPANY company , 
        ROMS202_PROJECT project ,
        ROMS202_TASK task,  
        ROMS202_TASKPOINT taskpoint ,
        ROMS202_MONSTATION station,
        ROMS202_DISTRICT district
        WHERE
          
        project.moncompanyid = company.id AND 
        task.projectid = project.id AND
        taskpoint.taskid = task.id AND 
        task.monstationid = station.id AND 
        company.districtid = district.id
        AND 1=1   
        AND (( task.pass = 0 OR task.pass= 1 ))
[2018-03-13 11:30:34.104] [INFO] default - SELECT DISTINCT taskpoint.type,count(*) as count FROM  
        ROMS202_MONCOMPANY company , 
        ROMS202_PROJECT project ,
        ROMS202_TASK task,  
        ROMS202_TASKPOINT taskpoint ,
        ROMS202_MONSTATION station,
        ROMS202_DISTRICT district
        WHERE
          
        project.moncompanyid = company.id AND 
        task.projectid = project.id AND
        taskpoint.taskid = task.id AND 
        task.monstationid = station.id AND 
        company.districtid = district.id 
        AND 1=1   
        AND (( task.pass = 0 OR task.pass= 1 )) group by taskpoint.type
[2018-03-13 11:30:34.105] [INFO] default - SELECT DISTINCT taskpoint.type,count(*) as count FROM  
        ROMS202_MONCOMPANY company , 
        ROMS202_PROJECT project ,
        ROMS202_TASK task,  
        ROMS202_TASKPOINT taskpoint ,
        ROMS202_MONSTATION station,
        ROMS202_DISTRICT district
        WHERE
          
        project.moncompanyid = company.id AND 
        task.projectid = project.id AND
        taskpoint.taskid = task.id AND 
        task.monstationid = station.id AND 
        company.districtid = district.id 
        AND 1=1   
        AND (( task.pass = 0 OR task.pass= 1 )) group by taskpoint.type
[2018-03-13 11:30:40.436] [INFO] default - SELECT DISTINCT company.moncompanyname, project.* FROM  
        ROMS202_MONCOMPANY company , 
        ROMS202_PROJECT project ,
        ROMS202_TASK task,  
        ROMS202_TASKPOINT taskpoint ,
        ROMS202_MONSTATION station,
        ROMS202_DISTRICT district
        WHERE
          
        project.moncompanyid = company.id AND
        task.projectid = project.id AND
        taskpoint.taskid = task.id AND 
        task.monstationid = station.id AND 
        company.districtid = district.id
        AND 1=1   
        AND (( task.pass = 0 OR task.pass= 1 ))
        ORDER BY project.createtime DESC LIMIT 0,10
[2018-03-13 11:30:40.437] [INFO] default - SELECT DISTINCT task.id FROM  
        ROMS202_MONCOMPANY company , 
        ROMS202_PROJECT project ,
        ROMS202_TASK task,  
        ROMS202_TASKPOINT taskpoint ,
        ROMS202_MONSTATION station,
        ROMS202_DISTRICT district
        WHERE
          
        project.moncompanyid = company.id AND 
        task.projectid = project.id AND
        taskpoint.taskid = task.id AND 
        task.monstationid = station.id AND 
        company.districtid = district.id
        AND 1=1   
        AND (( task.pass = 0 OR task.pass= 1 ))
[2018-03-13 11:30:40.437] [INFO] default - SELECT DISTINCT taskpoint.type,count(*) as count FROM  
        ROMS202_MONCOMPANY company , 
        ROMS202_PROJECT project ,
        ROMS202_TASK task,  
        ROMS202_TASKPOINT taskpoint ,
        ROMS202_MONSTATION station,
        ROMS202_DISTRICT district
        WHERE
          
        project.moncompanyid = company.id AND 
        task.projectid = project.id AND
        taskpoint.taskid = task.id AND 
        task.monstationid = station.id AND 
        company.districtid = district.id 
        AND 1=1   
        AND (( task.pass = 0 OR task.pass= 1 )) group by taskpoint.type
[2018-03-13 11:30:40.437] [INFO] default - SELECT DISTINCT taskpoint.type,count(*) as count FROM  
        ROMS202_MONCOMPANY company , 
        ROMS202_PROJECT project ,
        ROMS202_TASK task,  
        ROMS202_TASKPOINT taskpoint ,
        ROMS202_MONSTATION station,
        ROMS202_DISTRICT district
        WHERE
          
        project.moncompanyid = company.id AND 
        task.projectid = project.id AND
        taskpoint.taskid = task.id AND 
        task.monstationid = station.id AND 
        company.districtid = district.id 
        AND 1=1   
        AND (( task.pass = 0 OR task.pass= 1 )) group by taskpoint.type
[2018-03-13 11:30:42.713] [INFO] default - SELECT DISTINCT company.moncompanyname, project.* FROM  
        ROMS202_MONCOMPANY company , 
        ROMS202_PROJECT project ,
        ROMS202_TASK task,  
        ROMS202_TASKPOINT taskpoint ,
        ROMS202_MONSTATION station,
        ROMS202_DISTRICT district
        WHERE
          
        project.moncompanyid = company.id AND
        task.projectid = project.id AND
        taskpoint.taskid = task.id AND 
        task.monstationid = station.id AND 
        company.districtid = district.id
        AND 1=1   
        AND (( task.pass = 0 OR task.pass= 1 ))
        ORDER BY project.createtime DESC LIMIT 0,10
[2018-03-13 11:30:42.714] [INFO] default - SELECT DISTINCT task.id FROM  
        ROMS202_MONCOMPANY company , 
        ROMS202_PROJECT project ,
        ROMS202_TASK task,  
        ROMS202_TASKPOINT taskpoint ,
        ROMS202_MONSTATION station,
        ROMS202_DISTRICT district
        WHERE
          
        project.moncompanyid = company.id AND 
        task.projectid = project.id AND
        taskpoint.taskid = task.id AND 
        task.monstationid = station.id AND 
        company.districtid = district.id
        AND 1=1   
        AND (( task.pass = 0 OR task.pass= 1 ))
[2018-03-13 11:30:42.714] [INFO] default - SELECT DISTINCT taskpoint.type,count(*) as count FROM  
        ROMS202_MONCOMPANY company , 
        ROMS202_PROJECT project ,
        ROMS202_TASK task,  
        ROMS202_TASKPOINT taskpoint ,
        ROMS202_MONSTATION station,
        ROMS202_DISTRICT district
        WHERE
          
        project.moncompanyid = company.id AND 
        task.projectid = project.id AND
        taskpoint.taskid = task.id AND 
        task.monstationid = station.id AND 
        company.districtid = district.id 
        AND 1=1   
        AND (( task.pass = 0 OR task.pass= 1 )) group by taskpoint.type
[2018-03-13 11:30:42.714] [INFO] default - SELECT DISTINCT taskpoint.type,count(*) as count FROM  
        ROMS202_MONCOMPANY company , 
        ROMS202_PROJECT project ,
        ROMS202_TASK task,  
        ROMS202_TASKPOINT taskpoint ,
        ROMS202_MONSTATION station,
        ROMS202_DISTRICT district
        WHERE
          
        project.moncompanyid = company.id AND 
        task.projectid = project.id AND
        taskpoint.taskid = task.id AND 
        task.monstationid = station.id AND 
        company.districtid = district.id 
        AND 1=1   
        AND (( task.pass = 0 OR task.pass= 1 )) group by taskpoint.type
[2018-03-13 11:30:59.245] [INFO] default - SELECT DISTINCT company.moncompanyname, project.* FROM  
        ROMS202_MONCOMPANY company , 
        ROMS202_PROJECT project ,
        ROMS202_TASK task,  
        ROMS202_TASKPOINT taskpoint ,
        ROMS202_MONSTATION station,
        ROMS202_DISTRICT district
        WHERE
          
        project.moncompanyid = company.id AND
        task.projectid = project.id AND
        taskpoint.taskid = task.id AND 
        task.monstationid = station.id AND 
        company.districtid = district.id
        AND 1=1   
        AND (( task.pass = 0 OR task.pass= 1 ))
        ORDER BY project.createtime DESC LIMIT 0,10
[2018-03-13 11:30:59.245] [INFO] default - SELECT DISTINCT task.id FROM  
        ROMS202_MONCOMPANY company , 
        ROMS202_PROJECT project ,
        ROMS202_TASK task,  
        ROMS202_TASKPOINT taskpoint ,
        ROMS202_MONSTATION station,
        ROMS202_DISTRICT district
        WHERE
          
        project.moncompanyid = company.id AND 
        task.projectid = project.id AND
        taskpoint.taskid = task.id AND 
        task.monstationid = station.id AND 
        company.districtid = district.id
        AND 1=1   
        AND (( task.pass = 0 OR task.pass= 1 ))
[2018-03-13 11:30:59.246] [INFO] default - SELECT DISTINCT taskpoint.type,count(*) as count FROM  
        ROMS202_MONCOMPANY company , 
        ROMS202_PROJECT project ,
        ROMS202_TASK task,  
        ROMS202_TASKPOINT taskpoint ,
        ROMS202_MONSTATION station,
        ROMS202_DISTRICT district
        WHERE
          
        project.moncompanyid = company.id AND 
        task.projectid = project.id AND
        taskpoint.taskid = task.id AND 
        task.monstationid = station.id AND 
        company.districtid = district.id 
        AND 1=1   
        AND (( task.pass = 0 OR task.pass= 1 )) group by taskpoint.type
[2018-03-13 11:30:59.246] [INFO] default - SELECT DISTINCT taskpoint.type,count(*) as count FROM  
        ROMS202_MONCOMPANY company , 
        ROMS202_PROJECT project ,
        ROMS202_TASK task,  
        ROMS202_TASKPOINT taskpoint ,
        ROMS202_MONSTATION station,
        ROMS202_DISTRICT district
        WHERE
          
        project.moncompanyid = company.id AND 
        task.projectid = project.id AND
        taskpoint.taskid = task.id AND 
        task.monstationid = station.id AND 
        company.districtid = district.id 
        AND 1=1   
        AND (( task.pass = 0 OR task.pass= 1 )) group by taskpoint.type
[2018-03-13 11:31:17.193] [INFO] default - SELECT DISTINCT company.moncompanyname, project.* FROM  
        ROMS202_MONCOMPANY company , 
        ROMS202_PROJECT project ,
        ROMS202_TASK task,  
        ROMS202_TASKPOINT taskpoint ,
        ROMS202_MONSTATION station,
        ROMS202_DISTRICT district
        WHERE
          
        project.moncompanyid = company.id AND
        task.projectid = project.id AND
        taskpoint.taskid = task.id AND 
        task.monstationid = station.id AND 
        company.districtid = district.id
        AND 1=1   
        AND (( task.pass = 0 OR task.pass= 1 ))
        ORDER BY project.createtime DESC LIMIT 0,10
[2018-03-13 11:31:17.194] [INFO] default - SELECT DISTINCT task.id FROM  
        ROMS202_MONCOMPANY company , 
        ROMS202_PROJECT project ,
        ROMS202_TASK task,  
        ROMS202_TASKPOINT taskpoint ,
        ROMS202_MONSTATION station,
        ROMS202_DISTRICT district
        WHERE
          
        project.moncompanyid = company.id AND 
        task.projectid = project.id AND
        taskpoint.taskid = task.id AND 
        task.monstationid = station.id AND 
        company.districtid = district.id
        AND 1=1   
        AND (( task.pass = 0 OR task.pass= 1 ))
[2018-03-13 11:31:17.197] [INFO] default - SELECT DISTINCT taskpoint.type,count(*) as count FROM  
        ROMS202_MONCOMPANY company , 
        ROMS202_PROJECT project ,
        ROMS202_TASK task,  
        ROMS202_TASKPOINT taskpoint ,
        ROMS202_MONSTATION station,
        ROMS202_DISTRICT district
        WHERE
          
        project.moncompanyid = company.id AND 
        task.projectid = project.id AND
        taskpoint.taskid = task.id AND 
        task.monstationid = station.id AND 
        company.districtid = district.id 
        AND 1=1   
        AND (( task.pass = 0 OR task.pass= 1 )) group by taskpoint.type
[2018-03-13 11:31:17.205] [INFO] default - SELECT DISTINCT taskpoint.type,count(*) as count FROM  
        ROMS202_MONCOMPANY company , 
        ROMS202_PROJECT project ,
        ROMS202_TASK task,  
        ROMS202_TASKPOINT taskpoint ,
        ROMS202_MONSTATION station,
        ROMS202_DISTRICT district
        WHERE
          
        project.moncompanyid = company.id AND 
        task.projectid = project.id AND
        taskpoint.taskid = task.id AND 
        task.monstationid = station.id AND 
        company.districtid = district.id 
        AND 1=1   
        AND (( task.pass = 0 OR task.pass= 1 )) group by taskpoint.type
[2018-03-13 11:32:27.690] [INFO] default - SELECT DISTINCT company.moncompanyname, project.* FROM  
        ROMS202_MONCOMPANY company , 
        ROMS202_PROJECT project ,
        ROMS202_TASK task,  
        ROMS202_TASKPOINT taskpoint ,
        ROMS202_MONSTATION station,
        ROMS202_DISTRICT district
        WHERE
          
        project.moncompanyid = company.id AND
        task.projectid = project.id AND
        taskpoint.taskid = task.id AND 
        task.monstationid = station.id AND 
        company.districtid = district.id
        AND 1=1   
        AND (( task.pass = 0 OR task.pass= 1 ))
        ORDER BY project.createtime DESC LIMIT 0,10
[2018-03-13 11:32:27.690] [INFO] default - SELECT DISTINCT task.id FROM  
        ROMS202_MONCOMPANY company , 
        ROMS202_PROJECT project ,
        ROMS202_TASK task,  
        ROMS202_TASKPOINT taskpoint ,
        ROMS202_MONSTATION station,
        ROMS202_DISTRICT district
        WHERE
          
        project.moncompanyid = company.id AND 
        task.projectid = project.id AND
        taskpoint.taskid = task.id AND 
        task.monstationid = station.id AND 
        company.districtid = district.id
        AND 1=1   
        AND (( task.pass = 0 OR task.pass= 1 ))
[2018-03-13 11:32:27.690] [INFO] default - SELECT DISTINCT taskpoint.type,count(*) as count FROM  
        ROMS202_MONCOMPANY company , 
        ROMS202_PROJECT project ,
        ROMS202_TASK task,  
        ROMS202_TASKPOINT taskpoint ,
        ROMS202_MONSTATION station,
        ROMS202_DISTRICT district
        WHERE
          
        project.moncompanyid = company.id AND 
        task.projectid = project.id AND
        taskpoint.taskid = task.id AND 
        task.monstationid = station.id AND 
        company.districtid = district.id 
        AND 1=1   
        AND (( task.pass = 0 OR task.pass= 1 )) group by taskpoint.type
[2018-03-13 11:32:27.690] [INFO] default - SELECT DISTINCT taskpoint.type,count(*) as count FROM  
        ROMS202_MONCOMPANY company , 
        ROMS202_PROJECT project ,
        ROMS202_TASK task,  
        ROMS202_TASKPOINT taskpoint ,
        ROMS202_MONSTATION station,
        ROMS202_DISTRICT district
        WHERE
          
        project.moncompanyid = company.id AND 
        task.projectid = project.id AND
        taskpoint.taskid = task.id AND 
        task.monstationid = station.id AND 
        company.districtid = district.id 
        AND 1=1   
        AND (( task.pass = 0 OR task.pass= 1 )) group by taskpoint.type
[2018-03-13 11:42:42.901] [INFO] default - SELECT DISTINCT company.moncompanyname, project.* FROM  
        ROMS202_MONCOMPANY company , 
        ROMS202_PROJECT project ,
        ROMS202_TASK task,  
        ROMS202_TASKPOINT taskpoint ,
        ROMS202_MONSTATION station,
        ROMS202_DISTRICT district
        WHERE
          
        project.moncompanyid = company.id AND
        task.projectid = project.id AND
        taskpoint.taskid = task.id AND 
        task.monstationid = station.id AND 
        company.districtid = district.id
        AND 1=1   
        AND (( task.pass = 0 OR task.pass= 1 ))
        ORDER BY project.createtime DESC LIMIT 0,10
[2018-03-13 11:42:42.902] [INFO] default - SELECT DISTINCT task.id FROM  
        ROMS202_MONCOMPANY company , 
        ROMS202_PROJECT project ,
        ROMS202_TASK task,  
        ROMS202_TASKPOINT taskpoint ,
        ROMS202_MONSTATION station,
        ROMS202_DISTRICT district
        WHERE
          
        project.moncompanyid = company.id AND 
        task.projectid = project.id AND
        taskpoint.taskid = task.id AND 
        task.monstationid = station.id AND 
        company.districtid = district.id
        AND 1=1   
        AND (( task.pass = 0 OR task.pass= 1 ))
[2018-03-13 11:42:42.902] [INFO] default - SELECT DISTINCT taskpoint.type,count(*) as count FROM  
        ROMS202_MONCOMPANY company , 
        ROMS202_PROJECT project ,
        ROMS202_TASK task,  
        ROMS202_TASKPOINT taskpoint ,
        ROMS202_MONSTATION station,
        ROMS202_DISTRICT district
        WHERE
          
        project.moncompanyid = company.id AND 
        task.projectid = project.id AND
        taskpoint.taskid = task.id AND 
        task.monstationid = station.id AND 
        company.districtid = district.id 
        AND 1=1   
        AND (( task.pass = 0 OR task.pass= 1 )) group by taskpoint.type
[2018-03-13 11:42:42.904] [INFO] default - SELECT DISTINCT taskpoint.type,count(*) as count FROM  
        ROMS202_MONCOMPANY company , 
        ROMS202_PROJECT project ,
        ROMS202_TASK task,  
        ROMS202_TASKPOINT taskpoint ,
        ROMS202_MONSTATION station,
        ROMS202_DISTRICT district
        WHERE
          
        project.moncompanyid = company.id AND 
        task.projectid = project.id AND
        taskpoint.taskid = task.id AND 
        task.monstationid = station.id AND 
        company.districtid = district.id 
        AND 1=1   
        AND (( task.pass = 0 OR task.pass= 1 )) group by taskpoint.type
[2018-03-13 11:43:41.529] [INFO] default - SELECT DISTINCT company.moncompanyname, project.* FROM  
        ROMS202_MONCOMPANY company , 
        ROMS202_PROJECT project ,
        ROMS202_TASK task,  
        ROMS202_TASKPOINT taskpoint ,
        ROMS202_MONSTATION station,
        ROMS202_DISTRICT district
        WHERE
          
        project.moncompanyid = company.id AND
        task.projectid = project.id AND
        taskpoint.taskid = task.id AND 
        task.monstationid = station.id AND 
        company.districtid = district.id
        AND 1=1   
        AND (( task.pass = 0 OR task.pass= 1 ))
        ORDER BY project.createtime DESC LIMIT 0,10
[2018-03-13 11:43:41.530] [INFO] default - SELECT DISTINCT task.id FROM  
        ROMS202_MONCOMPANY company , 
        ROMS202_PROJECT project ,
        ROMS202_TASK task,  
        ROMS202_TASKPOINT taskpoint ,
        ROMS202_MONSTATION station,
        ROMS202_DISTRICT district
        WHERE
          
        project.moncompanyid = company.id AND 
        task.projectid = project.id AND
        taskpoint.taskid = task.id AND 
        task.monstationid = station.id AND 
        company.districtid = district.id
        AND 1=1   
        AND (( task.pass = 0 OR task.pass= 1 ))
[2018-03-13 11:43:41.530] [INFO] default - SELECT DISTINCT taskpoint.type,count(*) as count FROM  
        ROMS202_MONCOMPANY company , 
        ROMS202_PROJECT project ,
        ROMS202_TASK task,  
        ROMS202_TASKPOINT taskpoint ,
        ROMS202_MONSTATION station,
        ROMS202_DISTRICT district
        WHERE
          
        project.moncompanyid = company.id AND 
        task.projectid = project.id AND
        taskpoint.taskid = task.id AND 
        task.monstationid = station.id AND 
        company.districtid = district.id 
        AND 1=1   
        AND (( task.pass = 0 OR task.pass= 1 )) group by taskpoint.type
[2018-03-13 11:43:41.530] [INFO] default - SELECT DISTINCT taskpoint.type,count(*) as count FROM  
        ROMS202_MONCOMPANY company , 
        ROMS202_PROJECT project ,
        ROMS202_TASK task,  
        ROMS202_TASKPOINT taskpoint ,
        ROMS202_MONSTATION station,
        ROMS202_DISTRICT district
        WHERE
          
        project.moncompanyid = company.id AND 
        task.projectid = project.id AND
        taskpoint.taskid = task.id AND 
        task.monstationid = station.id AND 
        company.districtid = district.id 
        AND 1=1   
        AND (( task.pass = 0 OR task.pass= 1 )) group by taskpoint.type
