[2017-12-21 15:13:24.698] [INFO] default - start listening 6566
[2017-12-21 15:13:48.076] [INFO] default - SELECT DISTINCT company.moncompanyname, project.* FROM  
        ROMS202_MONCOMPANY company , 
        ROMS202_PROJECT project ,
        ROMS202_TASK task,  
        ROMS202_TASKPOINT taskpoint ,
        ROMS202_MONSTATION station,
        ROMS202_DISTRICT district
        WHERE
          
        project.moncompanyid = company.id AND 
        task.projectid = project.id AND
        taskpoint.taskid = task.id AND 
        task.monstationid = station.id AND 
        company.districtid = district.id AND
        project.censusUrl IS NULL  
        AND 1=1   
        AND (( task.pass = 0 OR task.pass= 1 ))
        ORDER BY project.createtime DESC LIMIT 0,5
[2017-12-21 15:13:48.077] [INFO] default - SELECT DISTINCT task.id FROM  
        ROMS202_MONCOMPANY company , 
        ROMS202_PROJECT project ,
        ROMS202_TASK task,  
        ROMS202_TASKPOINT taskpoint ,
        ROMS202_MONSTATION station,
        ROMS202_DISTRICT district
        WHERE
          
        project.moncompanyid = company.id AND 
        task.projectid = project.id AND
        taskpoint.taskid = task.id AND 
        task.monstationid = station.id AND 
        company.districtid = district.id AND
        project.censusUrl IS NULL  
        AND 1=1   
        AND (( task.pass = 0 OR task.pass= 1 ))
[2017-12-21 15:13:48.077] [INFO] default - SELECT DISTINCT taskpoint.type,count(*) as count FROM  
        ROMS202_MONCOMPANY company , 
        ROMS202_PROJECT project ,
        ROMS202_TASK task,  
        ROMS202_TASKPOINT taskpoint ,
        ROMS202_MONSTATION station,
        ROMS202_DISTRICT district
        WHERE
          
        project.moncompanyid = company.id AND 
        task.projectid = project.id AND
        taskpoint.taskid = task.id AND 
        task.monstationid = station.id AND 
        company.districtid = district.id AND
        project.censusUrl IS NULL  
        AND 1=1   
        AND (( task.pass = 0 OR task.pass= 1 )) group by taskpoint.type
[2017-12-21 15:13:48.077] [INFO] default - SELECT DISTINCT taskpoint.type,count(*) as count FROM  
        ROMS202_MONCOMPANY company , 
        ROMS202_PROJECT project ,
        ROMS202_TASK task,  
        ROMS202_TASKPOINT taskpoint ,
        ROMS202_MONSTATION station,
        ROMS202_DISTRICT district
        WHERE
          
        project.moncompanyid = company.id AND 
        task.projectid = project.id AND
        taskpoint.taskid = task.id AND 
        task.monstationid = station.id AND 
        company.districtid = district.id AND
        project.censusUrl IS NULL  
        AND 1=1   
        AND (( task.pass = 0 OR task.pass= 1 )) group by taskpoint.type
[2017-12-21 15:13:52.261] [INFO] default - SELECT DISTINCT company.moncompanyname, project.* FROM  
        ROMS202_MONCOMPANY company , 
        ROMS202_PROJECT project ,
        ROMS202_TASK task,  
        ROMS202_TASKPOINT taskpoint ,
        ROMS202_MONSTATION station,
        ROMS202_DISTRICT district
        WHERE
          
        project.moncompanyid = company.id AND 
        task.projectid = project.id AND
        taskpoint.taskid = task.id AND 
        task.monstationid = station.id AND 
        company.districtid = district.id AND
        project.censusUrl IS NULL  
        AND 1=1   
        AND (( task.pass = 0 OR task.pass= 1 ))
        ORDER BY project.createtime DESC LIMIT 0,5
[2017-12-21 15:13:52.262] [INFO] default - SELECT DISTINCT task.id FROM  
        ROMS202_MONCOMPANY company , 
        ROMS202_PROJECT project ,
        ROMS202_TASK task,  
        ROMS202_TASKPOINT taskpoint ,
        ROMS202_MONSTATION station,
        ROMS202_DISTRICT district
        WHERE
          
        project.moncompanyid = company.id AND 
        task.projectid = project.id AND
        taskpoint.taskid = task.id AND 
        task.monstationid = station.id AND 
        company.districtid = district.id AND
        project.censusUrl IS NULL  
        AND 1=1   
        AND (( task.pass = 0 OR task.pass= 1 ))
[2017-12-21 15:13:52.262] [INFO] default - SELECT DISTINCT taskpoint.type,count(*) as count FROM  
        ROMS202_MONCOMPANY company , 
        ROMS202_PROJECT project ,
        ROMS202_TASK task,  
        ROMS202_TASKPOINT taskpoint ,
        ROMS202_MONSTATION station,
        ROMS202_DISTRICT district
        WHERE
          
        project.moncompanyid = company.id AND 
        task.projectid = project.id AND
        taskpoint.taskid = task.id AND 
        task.monstationid = station.id AND 
        company.districtid = district.id AND
        project.censusUrl IS NULL  
        AND 1=1   
        AND (( task.pass = 0 OR task.pass= 1 )) group by taskpoint.type
[2017-12-21 15:13:52.262] [INFO] default - SELECT DISTINCT taskpoint.type,count(*) as count FROM  
        ROMS202_MONCOMPANY company , 
        ROMS202_PROJECT project ,
        ROMS202_TASK task,  
        ROMS202_TASKPOINT taskpoint ,
        ROMS202_MONSTATION station,
        ROMS202_DISTRICT district
        WHERE
          
        project.moncompanyid = company.id AND 
        task.projectid = project.id AND
        taskpoint.taskid = task.id AND 
        task.monstationid = station.id AND 
        company.districtid = district.id AND
        project.censusUrl IS NULL  
        AND 1=1   
        AND (( task.pass = 0 OR task.pass= 1 )) group by taskpoint.type
[2017-12-21 15:14:03.319] [INFO] default - SELECT DISTINCT company.moncompanyname, project.* FROM  
        ROMS202_MONCOMPANY company , 
        ROMS202_PROJECT project ,
        ROMS202_TASK task,  
        ROMS202_TASKPOINT taskpoint ,
        ROMS202_MONSTATION station,
        ROMS202_DISTRICT district
        WHERE
          
        project.moncompanyid = company.id AND 
        task.projectid = project.id AND
        taskpoint.taskid = task.id AND 
        task.monstationid = station.id AND 
        company.districtid = district.id AND
        project.censusUrl IS NULL  
        AND 1=1   
        AND (( task.pass = 0 OR task.pass= 1 ))
        ORDER BY project.createtime DESC LIMIT 0,5
[2017-12-21 15:14:03.319] [INFO] default - SELECT DISTINCT task.id FROM  
        ROMS202_MONCOMPANY company , 
        ROMS202_PROJECT project ,
        ROMS202_TASK task,  
        ROMS202_TASKPOINT taskpoint ,
        ROMS202_MONSTATION station,
        ROMS202_DISTRICT district
        WHERE
          
        project.moncompanyid = company.id AND 
        task.projectid = project.id AND
        taskpoint.taskid = task.id AND 
        task.monstationid = station.id AND 
        company.districtid = district.id AND
        project.censusUrl IS NULL  
        AND 1=1   
        AND (( task.pass = 0 OR task.pass= 1 ))
[2017-12-21 15:14:03.320] [INFO] default - SELECT DISTINCT taskpoint.type,count(*) as count FROM  
        ROMS202_MONCOMPANY company , 
        ROMS202_PROJECT project ,
        ROMS202_TASK task,  
        ROMS202_TASKPOINT taskpoint ,
        ROMS202_MONSTATION station,
        ROMS202_DISTRICT district
        WHERE
          
        project.moncompanyid = company.id AND 
        task.projectid = project.id AND
        taskpoint.taskid = task.id AND 
        task.monstationid = station.id AND 
        company.districtid = district.id AND
        project.censusUrl IS NULL  
        AND 1=1   
        AND (( task.pass = 0 OR task.pass= 1 )) group by taskpoint.type
[2017-12-21 15:14:03.320] [INFO] default - SELECT DISTINCT taskpoint.type,count(*) as count FROM  
        ROMS202_MONCOMPANY company , 
        ROMS202_PROJECT project ,
        ROMS202_TASK task,  
        ROMS202_TASKPOINT taskpoint ,
        ROMS202_MONSTATION station,
        ROMS202_DISTRICT district
        WHERE
          
        project.moncompanyid = company.id AND 
        task.projectid = project.id AND
        taskpoint.taskid = task.id AND 
        task.monstationid = station.id AND 
        company.districtid = district.id AND
        project.censusUrl IS NULL  
        AND 1=1   
        AND (( task.pass = 0 OR task.pass= 1 )) group by taskpoint.type
[2017-12-21 15:14:12.930] [INFO] default - SELECT DISTINCT company.moncompanyname, project.* FROM  
        ROMS202_MONCOMPANY company , 
        ROMS202_PROJECT project ,
        ROMS202_TASK task,  
        ROMS202_TASKPOINT taskpoint ,
        ROMS202_MONSTATION station,
        ROMS202_DISTRICT district
        WHERE
         project.type='' AND   
        project.moncompanyid = company.id AND 
        task.projectid = project.id AND
        taskpoint.taskid = task.id AND 
        task.monstationid = station.id AND 
        company.districtid = district.id AND
        project.censusUrl IS NULL  
        AND 1=1   
        AND (( task.pass = 2 ))
        ORDER BY project.createtime DESC LIMIT 0,10
[2017-12-21 15:14:12.930] [INFO] default - SELECT DISTINCT task.id FROM  
        ROMS202_MONCOMPANY company , 
        ROMS202_PROJECT project ,
        ROMS202_TASK task,  
        ROMS202_TASKPOINT taskpoint ,
        ROMS202_MONSTATION station,
        ROMS202_DISTRICT district
        WHERE
         project.type='' AND   
        project.moncompanyid = company.id AND 
        task.projectid = project.id AND
        taskpoint.taskid = task.id AND 
        task.monstationid = station.id AND 
        company.districtid = district.id AND
        project.censusUrl IS NULL  
        AND 1=1   
        AND (( task.pass = 2 ))
[2017-12-21 15:14:12.930] [INFO] default - SELECT DISTINCT taskpoint.type,count(*) as count FROM  
        ROMS202_MONCOMPANY company , 
        ROMS202_PROJECT project ,
        ROMS202_TASK task,  
        ROMS202_TASKPOINT taskpoint ,
        ROMS202_MONSTATION station,
        ROMS202_DISTRICT district
        WHERE
         project.type='' AND   
        project.moncompanyid = company.id AND 
        task.projectid = project.id AND
        taskpoint.taskid = task.id AND 
        task.monstationid = station.id AND 
        company.districtid = district.id AND
        project.censusUrl IS NULL  
        AND 1=1   
        AND (( task.pass = 2 )) group by taskpoint.type
[2017-12-21 15:14:12.930] [INFO] default - SELECT DISTINCT taskpoint.type,count(*) as count FROM  
        ROMS202_MONCOMPANY company , 
        ROMS202_PROJECT project ,
        ROMS202_TASK task,  
        ROMS202_TASKPOINT taskpoint ,
        ROMS202_MONSTATION station,
        ROMS202_DISTRICT district
        WHERE
         project.type='' AND   
        project.moncompanyid = company.id AND 
        task.projectid = project.id AND
        taskpoint.taskid = task.id AND 
        task.monstationid = station.id AND 
        company.districtid = district.id AND
        project.censusUrl IS NULL  
        AND 1=1   
        AND (( task.pass = 2 )) group by taskpoint.type
[2017-12-21 15:14:18.714] [INFO] default - SELECT DISTINCT company.moncompanyname, project.* FROM  
        ROMS202_MONCOMPANY company , 
        ROMS202_PROJECT project ,
        ROMS202_TASK task,  
        ROMS202_TASKPOINT taskpoint ,
        ROMS202_MONSTATION station,
        ROMS202_DISTRICT district
        WHERE
          
        project.moncompanyid = company.id AND 
        task.projectid = project.id AND
        taskpoint.taskid = task.id AND 
        task.monstationid = station.id AND 
        company.districtid = district.id AND
        project.censusUrl IS NULL  
        AND 1=1   
        AND (( task.pass = 0 OR task.pass= 1 ))
        ORDER BY project.createtime DESC
[2017-12-21 15:14:18.714] [INFO] default - SELECT DISTINCT task.id FROM  
        ROMS202_MONCOMPANY company , 
        ROMS202_PROJECT project ,
        ROMS202_TASK task,  
        ROMS202_TASKPOINT taskpoint ,
        ROMS202_MONSTATION station,
        ROMS202_DISTRICT district
        WHERE
          
        project.moncompanyid = company.id AND 
        task.projectid = project.id AND
        taskpoint.taskid = task.id AND 
        task.monstationid = station.id AND 
        company.districtid = district.id AND
        project.censusUrl IS NULL  
        AND 1=1   
        AND (( task.pass = 0 OR task.pass= 1 ))
[2017-12-21 15:14:18.714] [INFO] default - SELECT DISTINCT taskpoint.type,count(*) as count FROM  
        ROMS202_MONCOMPANY company , 
        ROMS202_PROJECT project ,
        ROMS202_TASK task,  
        ROMS202_TASKPOINT taskpoint ,
        ROMS202_MONSTATION station,
        ROMS202_DISTRICT district
        WHERE
          
        project.moncompanyid = company.id AND 
        task.projectid = project.id AND
        taskpoint.taskid = task.id AND 
        task.monstationid = station.id AND 
        company.districtid = district.id AND
        project.censusUrl IS NULL  
        AND 1=1   
        AND (( task.pass = 0 OR task.pass= 1 )) group by taskpoint.type
[2017-12-21 15:14:18.715] [INFO] default - SELECT DISTINCT taskpoint.type,count(*) as count FROM  
        ROMS202_MONCOMPANY company , 
        ROMS202_PROJECT project ,
        ROMS202_TASK task,  
        ROMS202_TASKPOINT taskpoint ,
        ROMS202_MONSTATION station,
        ROMS202_DISTRICT district
        WHERE
          
        project.moncompanyid = company.id AND 
        task.projectid = project.id AND
        taskpoint.taskid = task.id AND 
        task.monstationid = station.id AND 
        company.districtid = district.id AND
        project.censusUrl IS NULL  
        AND 1=1   
        AND (( task.pass = 0 OR task.pass= 1 )) group by taskpoint.type
[2017-12-21 15:19:42.087] [INFO] default - SELECT DISTINCT company.moncompanyname, project.* FROM  
        ROMS202_MONCOMPANY company , 
        ROMS202_PROJECT project ,
        ROMS202_TASK task,  
        ROMS202_TASKPOINT taskpoint ,
        ROMS202_MONSTATION station,
        ROMS202_DISTRICT district
        WHERE
          
        project.moncompanyid = company.id AND 
        task.projectid = project.id AND
        taskpoint.taskid = task.id AND 
        task.monstationid = station.id AND 
        company.districtid = district.id AND
        project.censusUrl IS NULL  
        AND 1=1   
        AND (( task.pass = 0 OR task.pass= 1 ))
        ORDER BY project.createtime DESC LIMIT 0,5
[2017-12-21 15:19:42.090] [INFO] default - SELECT DISTINCT task.id FROM  
        ROMS202_MONCOMPANY company , 
        ROMS202_PROJECT project ,
        ROMS202_TASK task,  
        ROMS202_TASKPOINT taskpoint ,
        ROMS202_MONSTATION station,
        ROMS202_DISTRICT district
        WHERE
          
        project.moncompanyid = company.id AND 
        task.projectid = project.id AND
        taskpoint.taskid = task.id AND 
        task.monstationid = station.id AND 
        company.districtid = district.id AND
        project.censusUrl IS NULL  
        AND 1=1   
        AND (( task.pass = 0 OR task.pass= 1 ))
[2017-12-21 15:19:42.090] [INFO] default - SELECT DISTINCT taskpoint.type,count(*) as count FROM  
        ROMS202_MONCOMPANY company , 
        ROMS202_PROJECT project ,
        ROMS202_TASK task,  
        ROMS202_TASKPOINT taskpoint ,
        ROMS202_MONSTATION station,
        ROMS202_DISTRICT district
        WHERE
          
        project.moncompanyid = company.id AND 
        task.projectid = project.id AND
        taskpoint.taskid = task.id AND 
        task.monstationid = station.id AND 
        company.districtid = district.id AND
        project.censusUrl IS NULL  
        AND 1=1   
        AND (( task.pass = 0 OR task.pass= 1 )) group by taskpoint.type
[2017-12-21 15:19:42.091] [INFO] default - SELECT DISTINCT taskpoint.type,count(*) as count FROM  
        ROMS202_MONCOMPANY company , 
        ROMS202_PROJECT project ,
        ROMS202_TASK task,  
        ROMS202_TASKPOINT taskpoint ,
        ROMS202_MONSTATION station,
        ROMS202_DISTRICT district
        WHERE
          
        project.moncompanyid = company.id AND 
        task.projectid = project.id AND
        taskpoint.taskid = task.id AND 
        task.monstationid = station.id AND 
        company.districtid = district.id AND
        project.censusUrl IS NULL  
        AND 1=1   
        AND (( task.pass = 0 OR task.pass= 1 )) group by taskpoint.type
[2017-12-21 15:19:45.409] [INFO] default - SELECT DISTINCT company.moncompanyname, project.* FROM  
        ROMS202_MONCOMPANY company , 
        ROMS202_PROJECT project ,
        ROMS202_TASK task,  
        ROMS202_TASKPOINT taskpoint ,
        ROMS202_MONSTATION station,
        ROMS202_DISTRICT district
        WHERE
         project.type='' AND   
        project.moncompanyid = company.id AND 
        task.projectid = project.id AND
        taskpoint.taskid = task.id AND 
        task.monstationid = station.id AND 
        company.districtid = district.id AND
        project.censusUrl IS NULL  
        AND 1=1   
        AND (( task.pass = 2 ))
        ORDER BY project.createtime DESC LIMIT 0,10
[2017-12-21 15:19:45.409] [INFO] default - SELECT DISTINCT task.id FROM  
        ROMS202_MONCOMPANY company , 
        ROMS202_PROJECT project ,
        ROMS202_TASK task,  
        ROMS202_TASKPOINT taskpoint ,
        ROMS202_MONSTATION station,
        ROMS202_DISTRICT district
        WHERE
         project.type='' AND   
        project.moncompanyid = company.id AND 
        task.projectid = project.id AND
        taskpoint.taskid = task.id AND 
        task.monstationid = station.id AND 
        company.districtid = district.id AND
        project.censusUrl IS NULL  
        AND 1=1   
        AND (( task.pass = 2 ))
[2017-12-21 15:19:45.409] [INFO] default - SELECT DISTINCT taskpoint.type,count(*) as count FROM  
        ROMS202_MONCOMPANY company , 
        ROMS202_PROJECT project ,
        ROMS202_TASK task,  
        ROMS202_TASKPOINT taskpoint ,
        ROMS202_MONSTATION station,
        ROMS202_DISTRICT district
        WHERE
         project.type='' AND   
        project.moncompanyid = company.id AND 
        task.projectid = project.id AND
        taskpoint.taskid = task.id AND 
        task.monstationid = station.id AND 
        company.districtid = district.id AND
        project.censusUrl IS NULL  
        AND 1=1   
        AND (( task.pass = 2 )) group by taskpoint.type
[2017-12-21 15:19:45.409] [INFO] default - SELECT DISTINCT taskpoint.type,count(*) as count FROM  
        ROMS202_MONCOMPANY company , 
        ROMS202_PROJECT project ,
        ROMS202_TASK task,  
        ROMS202_TASKPOINT taskpoint ,
        ROMS202_MONSTATION station,
        ROMS202_DISTRICT district
        WHERE
         project.type='' AND   
        project.moncompanyid = company.id AND 
        task.projectid = project.id AND
        taskpoint.taskid = task.id AND 
        task.monstationid = station.id AND 
        company.districtid = district.id AND
        project.censusUrl IS NULL  
        AND 1=1   
        AND (( task.pass = 2 )) group by taskpoint.type
[2017-12-21 15:19:48.840] [INFO] default - SELECT DISTINCT company.moncompanyname, project.* FROM  
        ROMS202_MONCOMPANY company , 
        ROMS202_PROJECT project ,
        ROMS202_TASK task,  
        ROMS202_TASKPOINT taskpoint ,
        ROMS202_MONSTATION station,
        ROMS202_DISTRICT district
        WHERE
          
        project.moncompanyid = company.id AND 
        task.projectid = project.id AND
        taskpoint.taskid = task.id AND 
        task.monstationid = station.id AND 
        company.districtid = district.id AND
        project.censusUrl IS NULL  
        AND 1=1   
        AND (( task.pass = 0 OR task.pass= 1 ))
        ORDER BY project.createtime DESC
[2017-12-21 15:19:48.840] [INFO] default - SELECT DISTINCT task.id FROM  
        ROMS202_MONCOMPANY company , 
        ROMS202_PROJECT project ,
        ROMS202_TASK task,  
        ROMS202_TASKPOINT taskpoint ,
        ROMS202_MONSTATION station,
        ROMS202_DISTRICT district
        WHERE
          
        project.moncompanyid = company.id AND 
        task.projectid = project.id AND
        taskpoint.taskid = task.id AND 
        task.monstationid = station.id AND 
        company.districtid = district.id AND
        project.censusUrl IS NULL  
        AND 1=1   
        AND (( task.pass = 0 OR task.pass= 1 ))
[2017-12-21 15:19:48.841] [INFO] default - SELECT DISTINCT taskpoint.type,count(*) as count FROM  
        ROMS202_MONCOMPANY company , 
        ROMS202_PROJECT project ,
        ROMS202_TASK task,  
        ROMS202_TASKPOINT taskpoint ,
        ROMS202_MONSTATION station,
        ROMS202_DISTRICT district
        WHERE
          
        project.moncompanyid = company.id AND 
        task.projectid = project.id AND
        taskpoint.taskid = task.id AND 
        task.monstationid = station.id AND 
        company.districtid = district.id AND
        project.censusUrl IS NULL  
        AND 1=1   
        AND (( task.pass = 0 OR task.pass= 1 )) group by taskpoint.type
[2017-12-21 15:19:48.841] [INFO] default - SELECT DISTINCT taskpoint.type,count(*) as count FROM  
        ROMS202_MONCOMPANY company , 
        ROMS202_PROJECT project ,
        ROMS202_TASK task,  
        ROMS202_TASKPOINT taskpoint ,
        ROMS202_MONSTATION station,
        ROMS202_DISTRICT district
        WHERE
          
        project.moncompanyid = company.id AND 
        task.projectid = project.id AND
        taskpoint.taskid = task.id AND 
        task.monstationid = station.id AND 
        company.districtid = district.id AND
        project.censusUrl IS NULL  
        AND 1=1   
        AND (( task.pass = 0 OR task.pass= 1 )) group by taskpoint.type
[2017-12-21 15:20:00.331] [INFO] default - SELECT DISTINCT company.moncompanyname, project.* FROM  
        ROMS202_MONCOMPANY company , 
        ROMS202_PROJECT project ,
        ROMS202_TASK task,  
        ROMS202_TASKPOINT taskpoint ,
        ROMS202_MONSTATION station,
        ROMS202_DISTRICT district
        WHERE
         project.type='1' AND   
        project.moncompanyid = company.id AND 
        task.projectid = project.id AND
        taskpoint.taskid = task.id AND 
        task.monstationid = station.id AND 
        company.districtid = district.id AND
        project.censusUrl IS NULL  
        AND 1=1   
        AND (( task.pass = 2 ))
        ORDER BY project.createtime DESC LIMIT 0,10
[2017-12-21 15:20:00.331] [INFO] default - SELECT DISTINCT task.id FROM  
        ROMS202_MONCOMPANY company , 
        ROMS202_PROJECT project ,
        ROMS202_TASK task,  
        ROMS202_TASKPOINT taskpoint ,
        ROMS202_MONSTATION station,
        ROMS202_DISTRICT district
        WHERE
         project.type='1' AND   
        project.moncompanyid = company.id AND 
        task.projectid = project.id AND
        taskpoint.taskid = task.id AND 
        task.monstationid = station.id AND 
        company.districtid = district.id AND
        project.censusUrl IS NULL  
        AND 1=1   
        AND (( task.pass = 2 ))
[2017-12-21 15:20:00.331] [INFO] default - SELECT DISTINCT taskpoint.type,count(*) as count FROM  
        ROMS202_MONCOMPANY company , 
        ROMS202_PROJECT project ,
        ROMS202_TASK task,  
        ROMS202_TASKPOINT taskpoint ,
        ROMS202_MONSTATION station,
        ROMS202_DISTRICT district
        WHERE
         project.type='1' AND   
        project.moncompanyid = company.id AND 
        task.projectid = project.id AND
        taskpoint.taskid = task.id AND 
        task.monstationid = station.id AND 
        company.districtid = district.id AND
        project.censusUrl IS NULL  
        AND 1=1   
        AND (( task.pass = 2 )) group by taskpoint.type
[2017-12-21 15:20:00.331] [INFO] default - SELECT DISTINCT taskpoint.type,count(*) as count FROM  
        ROMS202_MONCOMPANY company , 
        ROMS202_PROJECT project ,
        ROMS202_TASK task,  
        ROMS202_TASKPOINT taskpoint ,
        ROMS202_MONSTATION station,
        ROMS202_DISTRICT district
        WHERE
         project.type='1' AND   
        project.moncompanyid = company.id AND 
        task.projectid = project.id AND
        taskpoint.taskid = task.id AND 
        task.monstationid = station.id AND 
        company.districtid = district.id AND
        project.censusUrl IS NULL  
        AND 1=1   
        AND (( task.pass = 2 )) group by taskpoint.type
[2017-12-21 15:20:11.368] [INFO] default - SELECT DISTINCT company.moncompanyname, project.* FROM  
        ROMS202_MONCOMPANY company , 
        ROMS202_PROJECT project ,
        ROMS202_TASK task,  
        ROMS202_TASKPOINT taskpoint ,
        ROMS202_MONSTATION station,
        ROMS202_DISTRICT district
        WHERE
          
        project.moncompanyid = company.id AND 
        task.projectid = project.id AND
        taskpoint.taskid = task.id AND 
        task.monstationid = station.id AND 
        company.districtid = district.id AND
        project.censusUrl IS NULL  
        AND 1=1   
        AND (( task.pass = 0 OR task.pass= 1 ))
        ORDER BY project.createtime DESC
[2017-12-21 15:20:11.368] [INFO] default - SELECT DISTINCT task.id FROM  
        ROMS202_MONCOMPANY company , 
        ROMS202_PROJECT project ,
        ROMS202_TASK task,  
        ROMS202_TASKPOINT taskpoint ,
        ROMS202_MONSTATION station,
        ROMS202_DISTRICT district
        WHERE
          
        project.moncompanyid = company.id AND 
        task.projectid = project.id AND
        taskpoint.taskid = task.id AND 
        task.monstationid = station.id AND 
        company.districtid = district.id AND
        project.censusUrl IS NULL  
        AND 1=1   
        AND (( task.pass = 0 OR task.pass= 1 ))
[2017-12-21 15:20:11.368] [INFO] default - SELECT DISTINCT taskpoint.type,count(*) as count FROM  
        ROMS202_MONCOMPANY company , 
        ROMS202_PROJECT project ,
        ROMS202_TASK task,  
        ROMS202_TASKPOINT taskpoint ,
        ROMS202_MONSTATION station,
        ROMS202_DISTRICT district
        WHERE
          
        project.moncompanyid = company.id AND 
        task.projectid = project.id AND
        taskpoint.taskid = task.id AND 
        task.monstationid = station.id AND 
        company.districtid = district.id AND
        project.censusUrl IS NULL  
        AND 1=1   
        AND (( task.pass = 0 OR task.pass= 1 )) group by taskpoint.type
[2017-12-21 15:20:11.369] [INFO] default - SELECT DISTINCT taskpoint.type,count(*) as count FROM  
        ROMS202_MONCOMPANY company , 
        ROMS202_PROJECT project ,
        ROMS202_TASK task,  
        ROMS202_TASKPOINT taskpoint ,
        ROMS202_MONSTATION station,
        ROMS202_DISTRICT district
        WHERE
          
        project.moncompanyid = company.id AND 
        task.projectid = project.id AND
        taskpoint.taskid = task.id AND 
        task.monstationid = station.id AND 
        company.districtid = district.id AND
        project.censusUrl IS NULL  
        AND 1=1   
        AND (( task.pass = 0 OR task.pass= 1 )) group by taskpoint.type
[2017-12-21 15:36:40.798] [INFO] default - SELECT DISTINCT company.moncompanyname, project.* FROM  
        ROMS202_MONCOMPANY company , 
        ROMS202_PROJECT project ,
        ROMS202_TASK task,  
        ROMS202_TASKPOINT taskpoint ,
        ROMS202_MONSTATION station,
        ROMS202_DISTRICT district
        WHERE
          
        project.moncompanyid = company.id AND 
        task.projectid = project.id AND
        taskpoint.taskid = task.id AND 
        task.monstationid = station.id AND 
        company.districtid = district.id AND
        project.censusUrl IS NULL  
        AND 1=1   
        AND (( task.pass = 0 OR task.pass= 1 ))
        ORDER BY project.createtime DESC LIMIT 0,5
[2017-12-21 15:36:40.801] [INFO] default - SELECT DISTINCT task.id FROM  
        ROMS202_MONCOMPANY company , 
        ROMS202_PROJECT project ,
        ROMS202_TASK task,  
        ROMS202_TASKPOINT taskpoint ,
        ROMS202_MONSTATION station,
        ROMS202_DISTRICT district
        WHERE
          
        project.moncompanyid = company.id AND 
        task.projectid = project.id AND
        taskpoint.taskid = task.id AND 
        task.monstationid = station.id AND 
        company.districtid = district.id AND
        project.censusUrl IS NULL  
        AND 1=1   
        AND (( task.pass = 0 OR task.pass= 1 ))
[2017-12-21 15:36:40.801] [INFO] default - SELECT DISTINCT taskpoint.type,count(*) as count FROM  
        ROMS202_MONCOMPANY company , 
        ROMS202_PROJECT project ,
        ROMS202_TASK task,  
        ROMS202_TASKPOINT taskpoint ,
        ROMS202_MONSTATION station,
        ROMS202_DISTRICT district
        WHERE
          
        project.moncompanyid = company.id AND 
        task.projectid = project.id AND
        taskpoint.taskid = task.id AND 
        task.monstationid = station.id AND 
        company.districtid = district.id AND
        project.censusUrl IS NULL  
        AND 1=1   
        AND (( task.pass = 0 OR task.pass= 1 )) group by taskpoint.type
[2017-12-21 15:36:40.801] [INFO] default - SELECT DISTINCT taskpoint.type,count(*) as count FROM  
        ROMS202_MONCOMPANY company , 
        ROMS202_PROJECT project ,
        ROMS202_TASK task,  
        ROMS202_TASKPOINT taskpoint ,
        ROMS202_MONSTATION station,
        ROMS202_DISTRICT district
        WHERE
          
        project.moncompanyid = company.id AND 
        task.projectid = project.id AND
        taskpoint.taskid = task.id AND 
        task.monstationid = station.id AND 
        company.districtid = district.id AND
        project.censusUrl IS NULL  
        AND 1=1   
        AND (( task.pass = 0 OR task.pass= 1 )) group by taskpoint.type
[2017-12-21 15:36:45.691] [INFO] default - SELECT DISTINCT company.moncompanyname, project.* FROM  
        ROMS202_MONCOMPANY company , 
        ROMS202_PROJECT project ,
        ROMS202_TASK task,  
        ROMS202_TASKPOINT taskpoint ,
        ROMS202_MONSTATION station,
        ROMS202_DISTRICT district
        WHERE
         project.type='' AND   
        project.moncompanyid = company.id AND 
        task.projectid = project.id AND
        taskpoint.taskid = task.id AND 
        task.monstationid = station.id AND 
        company.districtid = district.id AND
        project.censusUrl IS NULL  
        AND 1=1   
        AND (( task.pass = 2 ))
        ORDER BY project.createtime DESC LIMIT 0,10
[2017-12-21 15:36:45.691] [INFO] default - SELECT DISTINCT task.id FROM  
        ROMS202_MONCOMPANY company , 
        ROMS202_PROJECT project ,
        ROMS202_TASK task,  
        ROMS202_TASKPOINT taskpoint ,
        ROMS202_MONSTATION station,
        ROMS202_DISTRICT district
        WHERE
         project.type='' AND   
        project.moncompanyid = company.id AND 
        task.projectid = project.id AND
        taskpoint.taskid = task.id AND 
        task.monstationid = station.id AND 
        company.districtid = district.id AND
        project.censusUrl IS NULL  
        AND 1=1   
        AND (( task.pass = 2 ))
[2017-12-21 15:36:45.691] [INFO] default - SELECT DISTINCT taskpoint.type,count(*) as count FROM  
        ROMS202_MONCOMPANY company , 
        ROMS202_PROJECT project ,
        ROMS202_TASK task,  
        ROMS202_TASKPOINT taskpoint ,
        ROMS202_MONSTATION station,
        ROMS202_DISTRICT district
        WHERE
         project.type='' AND   
        project.moncompanyid = company.id AND 
        task.projectid = project.id AND
        taskpoint.taskid = task.id AND 
        task.monstationid = station.id AND 
        company.districtid = district.id AND
        project.censusUrl IS NULL  
        AND 1=1   
        AND (( task.pass = 2 )) group by taskpoint.type
[2017-12-21 15:36:45.691] [INFO] default - SELECT DISTINCT taskpoint.type,count(*) as count FROM  
        ROMS202_MONCOMPANY company , 
        ROMS202_PROJECT project ,
        ROMS202_TASK task,  
        ROMS202_TASKPOINT taskpoint ,
        ROMS202_MONSTATION station,
        ROMS202_DISTRICT district
        WHERE
         project.type='' AND   
        project.moncompanyid = company.id AND 
        task.projectid = project.id AND
        taskpoint.taskid = task.id AND 
        task.monstationid = station.id AND 
        company.districtid = district.id AND
        project.censusUrl IS NULL  
        AND 1=1   
        AND (( task.pass = 2 )) group by taskpoint.type
[2017-12-21 15:36:56.759] [INFO] default - SELECT DISTINCT company.moncompanyname, project.* FROM  
        ROMS202_MONCOMPANY company , 
        ROMS202_PROJECT project ,
        ROMS202_TASK task,  
        ROMS202_TASKPOINT taskpoint ,
        ROMS202_MONSTATION station,
        ROMS202_DISTRICT district
        WHERE
         project.type='' AND   
        project.moncompanyid = company.id AND 
        task.projectid = project.id AND
        taskpoint.taskid = task.id AND 
        task.monstationid = station.id AND 
        company.districtid = district.id AND
        project.censusUrl IS NULL  
        AND 1=1   
        AND (( task.pass = 2 ))
        ORDER BY project.createtime DESC LIMIT 0,10
[2017-12-21 15:36:56.759] [INFO] default - SELECT DISTINCT task.id FROM  
        ROMS202_MONCOMPANY company , 
        ROMS202_PROJECT project ,
        ROMS202_TASK task,  
        ROMS202_TASKPOINT taskpoint ,
        ROMS202_MONSTATION station,
        ROMS202_DISTRICT district
        WHERE
         project.type='' AND   
        project.moncompanyid = company.id AND 
        task.projectid = project.id AND
        taskpoint.taskid = task.id AND 
        task.monstationid = station.id AND 
        company.districtid = district.id AND
        project.censusUrl IS NULL  
        AND 1=1   
        AND (( task.pass = 2 ))
[2017-12-21 15:36:56.760] [INFO] default - SELECT DISTINCT taskpoint.type,count(*) as count FROM  
        ROMS202_MONCOMPANY company , 
        ROMS202_PROJECT project ,
        ROMS202_TASK task,  
        ROMS202_TASKPOINT taskpoint ,
        ROMS202_MONSTATION station,
        ROMS202_DISTRICT district
        WHERE
         project.type='' AND   
        project.moncompanyid = company.id AND 
        task.projectid = project.id AND
        taskpoint.taskid = task.id AND 
        task.monstationid = station.id AND 
        company.districtid = district.id AND
        project.censusUrl IS NULL  
        AND 1=1   
        AND (( task.pass = 2 )) group by taskpoint.type
[2017-12-21 15:36:56.761] [INFO] default - SELECT DISTINCT taskpoint.type,count(*) as count FROM  
        ROMS202_MONCOMPANY company , 
        ROMS202_PROJECT project ,
        ROMS202_TASK task,  
        ROMS202_TASKPOINT taskpoint ,
        ROMS202_MONSTATION station,
        ROMS202_DISTRICT district
        WHERE
         project.type='' AND   
        project.moncompanyid = company.id AND 
        task.projectid = project.id AND
        taskpoint.taskid = task.id AND 
        task.monstationid = station.id AND 
        company.districtid = district.id AND
        project.censusUrl IS NULL  
        AND 1=1   
        AND (( task.pass = 2 )) group by taskpoint.type
[2017-12-21 15:37:00.963] [INFO] default - SELECT DISTINCT company.moncompanyname, project.* FROM  
        ROMS202_MONCOMPANY company , 
        ROMS202_PROJECT project ,
        ROMS202_TASK task,  
        ROMS202_TASKPOINT taskpoint ,
        ROMS202_MONSTATION station,
        ROMS202_DISTRICT district
        WHERE
          
        project.moncompanyid = company.id AND 
        task.projectid = project.id AND
        taskpoint.taskid = task.id AND 
        task.monstationid = station.id AND 
        company.districtid = district.id AND
        project.censusUrl IS NULL  
        AND 1=1   
        AND (( task.pass = 0 OR task.pass= 1 ))
        ORDER BY project.createtime DESC LIMIT 0,10
[2017-12-21 15:37:00.964] [INFO] default - SELECT DISTINCT task.id FROM  
        ROMS202_MONCOMPANY company , 
        ROMS202_PROJECT project ,
        ROMS202_TASK task,  
        ROMS202_TASKPOINT taskpoint ,
        ROMS202_MONSTATION station,
        ROMS202_DISTRICT district
        WHERE
          
        project.moncompanyid = company.id AND 
        task.projectid = project.id AND
        taskpoint.taskid = task.id AND 
        task.monstationid = station.id AND 
        company.districtid = district.id AND
        project.censusUrl IS NULL  
        AND 1=1   
        AND (( task.pass = 0 OR task.pass= 1 ))
[2017-12-21 15:37:00.964] [INFO] default - SELECT DISTINCT taskpoint.type,count(*) as count FROM  
        ROMS202_MONCOMPANY company , 
        ROMS202_PROJECT project ,
        ROMS202_TASK task,  
        ROMS202_TASKPOINT taskpoint ,
        ROMS202_MONSTATION station,
        ROMS202_DISTRICT district
        WHERE
          
        project.moncompanyid = company.id AND 
        task.projectid = project.id AND
        taskpoint.taskid = task.id AND 
        task.monstationid = station.id AND 
        company.districtid = district.id AND
        project.censusUrl IS NULL  
        AND 1=1   
        AND (( task.pass = 0 OR task.pass= 1 )) group by taskpoint.type
[2017-12-21 15:37:00.964] [INFO] default - SELECT DISTINCT taskpoint.type,count(*) as count FROM  
        ROMS202_MONCOMPANY company , 
        ROMS202_PROJECT project ,
        ROMS202_TASK task,  
        ROMS202_TASKPOINT taskpoint ,
        ROMS202_MONSTATION station,
        ROMS202_DISTRICT district
        WHERE
          
        project.moncompanyid = company.id AND 
        task.projectid = project.id AND
        taskpoint.taskid = task.id AND 
        task.monstationid = station.id AND 
        company.districtid = district.id AND
        project.censusUrl IS NULL  
        AND 1=1   
        AND (( task.pass = 0 OR task.pass= 1 )) group by taskpoint.type
[2017-12-21 15:37:51.373] [INFO] default - SELECT DISTINCT company.moncompanyname, project.* FROM  
        ROMS202_MONCOMPANY company , 
        ROMS202_PROJECT project ,
        ROMS202_TASK task,  
        ROMS202_TASKPOINT taskpoint ,
        ROMS202_MONSTATION station,
        ROMS202_DISTRICT district
        WHERE
          
        project.moncompanyid = company.id AND 
        task.projectid = project.id AND
        taskpoint.taskid = task.id AND 
        task.monstationid = station.id AND 
        company.districtid = district.id AND
        project.censusUrl IS NULL  
        AND 1=1  and company.moncompanyName like '%狮溪镇%'   
        AND (( task.pass = 0 OR task.pass= 1 ))
        ORDER BY project.createtime DESC LIMIT 0,10
[2017-12-21 15:37:51.373] [INFO] default - SELECT DISTINCT task.id FROM  
        ROMS202_MONCOMPANY company , 
        ROMS202_PROJECT project ,
        ROMS202_TASK task,  
        ROMS202_TASKPOINT taskpoint ,
        ROMS202_MONSTATION station,
        ROMS202_DISTRICT district
        WHERE
          
        project.moncompanyid = company.id AND 
        task.projectid = project.id AND
        taskpoint.taskid = task.id AND 
        task.monstationid = station.id AND 
        company.districtid = district.id AND
        project.censusUrl IS NULL  
        AND 1=1  and company.moncompanyName like '%狮溪镇%'   
        AND (( task.pass = 0 OR task.pass= 1 ))
[2017-12-21 15:37:51.373] [INFO] default - SELECT DISTINCT taskpoint.type,count(*) as count FROM  
        ROMS202_MONCOMPANY company , 
        ROMS202_PROJECT project ,
        ROMS202_TASK task,  
        ROMS202_TASKPOINT taskpoint ,
        ROMS202_MONSTATION station,
        ROMS202_DISTRICT district
        WHERE
          
        project.moncompanyid = company.id AND 
        task.projectid = project.id AND
        taskpoint.taskid = task.id AND 
        task.monstationid = station.id AND 
        company.districtid = district.id AND
        project.censusUrl IS NULL  
        AND 1=1  and company.moncompanyName like '%狮溪镇%'   
        AND (( task.pass = 0 OR task.pass= 1 )) group by taskpoint.type
[2017-12-21 15:37:51.373] [INFO] default - SELECT DISTINCT taskpoint.type,count(*) as count FROM  
        ROMS202_MONCOMPANY company , 
        ROMS202_PROJECT project ,
        ROMS202_TASK task,  
        ROMS202_TASKPOINT taskpoint ,
        ROMS202_MONSTATION station,
        ROMS202_DISTRICT district
        WHERE
          
        project.moncompanyid = company.id AND 
        task.projectid = project.id AND
        taskpoint.taskid = task.id AND 
        task.monstationid = station.id AND 
        company.districtid = district.id AND
        project.censusUrl IS NULL  
        AND 1=1  and company.moncompanyName like '%狮溪镇%'   
        AND (( task.pass = 0 OR task.pass= 1 )) group by taskpoint.type
[2017-12-21 15:48:03.639] [INFO] default - SELECT DISTINCT company.moncompanyname, project.* FROM  
        ROMS202_MONCOMPANY company , 
        ROMS202_PROJECT project ,
        ROMS202_TASK task,  
        ROMS202_TASKPOINT taskpoint ,
        ROMS202_MONSTATION station,
        ROMS202_DISTRICT district
        WHERE
          
        project.moncompanyid = company.id AND 
        task.projectid = project.id AND
        taskpoint.taskid = task.id AND 
        task.monstationid = station.id AND 
        company.districtid = district.id AND
        project.censusUrl IS NULL  
        AND 1=1   
        AND (( task.pass = 0 OR task.pass= 1 ))
        ORDER BY project.createtime DESC LIMIT 0,5
[2017-12-21 15:48:03.639] [INFO] default - SELECT DISTINCT task.id FROM  
        ROMS202_MONCOMPANY company , 
        ROMS202_PROJECT project ,
        ROMS202_TASK task,  
        ROMS202_TASKPOINT taskpoint ,
        ROMS202_MONSTATION station,
        ROMS202_DISTRICT district
        WHERE
          
        project.moncompanyid = company.id AND 
        task.projectid = project.id AND
        taskpoint.taskid = task.id AND 
        task.monstationid = station.id AND 
        company.districtid = district.id AND
        project.censusUrl IS NULL  
        AND 1=1   
        AND (( task.pass = 0 OR task.pass= 1 ))
[2017-12-21 15:48:03.639] [INFO] default - SELECT DISTINCT taskpoint.type,count(*) as count FROM  
        ROMS202_MONCOMPANY company , 
        ROMS202_PROJECT project ,
        ROMS202_TASK task,  
        ROMS202_TASKPOINT taskpoint ,
        ROMS202_MONSTATION station,
        ROMS202_DISTRICT district
        WHERE
          
        project.moncompanyid = company.id AND 
        task.projectid = project.id AND
        taskpoint.taskid = task.id AND 
        task.monstationid = station.id AND 
        company.districtid = district.id AND
        project.censusUrl IS NULL  
        AND 1=1   
        AND (( task.pass = 0 OR task.pass= 1 )) group by taskpoint.type
[2017-12-21 15:48:03.639] [INFO] default - SELECT DISTINCT taskpoint.type,count(*) as count FROM  
        ROMS202_MONCOMPANY company , 
        ROMS202_PROJECT project ,
        ROMS202_TASK task,  
        ROMS202_TASKPOINT taskpoint ,
        ROMS202_MONSTATION station,
        ROMS202_DISTRICT district
        WHERE
          
        project.moncompanyid = company.id AND 
        task.projectid = project.id AND
        taskpoint.taskid = task.id AND 
        task.monstationid = station.id AND 
        company.districtid = district.id AND
        project.censusUrl IS NULL  
        AND 1=1   
        AND (( task.pass = 0 OR task.pass= 1 )) group by taskpoint.type
[2017-12-21 15:48:22.969] [INFO] default - SELECT DISTINCT company.moncompanyname, project.* FROM  
        ROMS202_MONCOMPANY company , 
        ROMS202_PROJECT project ,
        ROMS202_TASK task,  
        ROMS202_TASKPOINT taskpoint ,
        ROMS202_MONSTATION station,
        ROMS202_DISTRICT district
        WHERE
          
        project.moncompanyid = company.id AND 
        task.projectid = project.id AND
        taskpoint.taskid = task.id AND 
        task.monstationid = station.id AND 
        company.districtid = district.id AND
        project.censusUrl IS NULL  
        AND 1=1   
        AND (( task.pass = 0 OR task.pass= 1 ))
        ORDER BY project.createtime DESC LIMIT 0,10
[2017-12-21 15:48:22.969] [INFO] default - SELECT DISTINCT task.id FROM  
        ROMS202_MONCOMPANY company , 
        ROMS202_PROJECT project ,
        ROMS202_TASK task,  
        ROMS202_TASKPOINT taskpoint ,
        ROMS202_MONSTATION station,
        ROMS202_DISTRICT district
        WHERE
          
        project.moncompanyid = company.id AND 
        task.projectid = project.id AND
        taskpoint.taskid = task.id AND 
        task.monstationid = station.id AND 
        company.districtid = district.id AND
        project.censusUrl IS NULL  
        AND 1=1   
        AND (( task.pass = 0 OR task.pass= 1 ))
[2017-12-21 15:48:22.969] [INFO] default - SELECT DISTINCT taskpoint.type,count(*) as count FROM  
        ROMS202_MONCOMPANY company , 
        ROMS202_PROJECT project ,
        ROMS202_TASK task,  
        ROMS202_TASKPOINT taskpoint ,
        ROMS202_MONSTATION station,
        ROMS202_DISTRICT district
        WHERE
          
        project.moncompanyid = company.id AND 
        task.projectid = project.id AND
        taskpoint.taskid = task.id AND 
        task.monstationid = station.id AND 
        company.districtid = district.id AND
        project.censusUrl IS NULL  
        AND 1=1   
        AND (( task.pass = 0 OR task.pass= 1 )) group by taskpoint.type
[2017-12-21 15:48:22.970] [INFO] default - SELECT DISTINCT taskpoint.type,count(*) as count FROM  
        ROMS202_MONCOMPANY company , 
        ROMS202_PROJECT project ,
        ROMS202_TASK task,  
        ROMS202_TASKPOINT taskpoint ,
        ROMS202_MONSTATION station,
        ROMS202_DISTRICT district
        WHERE
          
        project.moncompanyid = company.id AND 
        task.projectid = project.id AND
        taskpoint.taskid = task.id AND 
        task.monstationid = station.id AND 
        company.districtid = district.id AND
        project.censusUrl IS NULL  
        AND 1=1   
        AND (( task.pass = 0 OR task.pass= 1 )) group by taskpoint.type
[2017-12-21 15:50:41.577] [INFO] default - SELECT DISTINCT company.moncompanyname, project.* FROM  
        ROMS202_MONCOMPANY company , 
        ROMS202_PROJECT project ,
        ROMS202_TASK task,  
        ROMS202_TASKPOINT taskpoint ,
        ROMS202_MONSTATION station,
        ROMS202_DISTRICT district
        WHERE
         project.type='' AND   
        project.moncompanyid = company.id AND 
        task.projectid = project.id AND
        taskpoint.taskid = task.id AND 
        task.monstationid = station.id AND 
        company.districtid = district.id AND
        project.censusUrl IS NULL  
        AND 1=1   
        AND (( task.pass = 2 ))
        ORDER BY project.createtime DESC LIMIT 0,10
[2017-12-21 15:50:41.577] [INFO] default - SELECT DISTINCT task.id FROM  
        ROMS202_MONCOMPANY company , 
        ROMS202_PROJECT project ,
        ROMS202_TASK task,  
        ROMS202_TASKPOINT taskpoint ,
        ROMS202_MONSTATION station,
        ROMS202_DISTRICT district
        WHERE
         project.type='' AND   
        project.moncompanyid = company.id AND 
        task.projectid = project.id AND
        taskpoint.taskid = task.id AND 
        task.monstationid = station.id AND 
        company.districtid = district.id AND
        project.censusUrl IS NULL  
        AND 1=1   
        AND (( task.pass = 2 ))
[2017-12-21 15:50:41.577] [INFO] default - SELECT DISTINCT taskpoint.type,count(*) as count FROM  
        ROMS202_MONCOMPANY company , 
        ROMS202_PROJECT project ,
        ROMS202_TASK task,  
        ROMS202_TASKPOINT taskpoint ,
        ROMS202_MONSTATION station,
        ROMS202_DISTRICT district
        WHERE
         project.type='' AND   
        project.moncompanyid = company.id AND 
        task.projectid = project.id AND
        taskpoint.taskid = task.id AND 
        task.monstationid = station.id AND 
        company.districtid = district.id AND
        project.censusUrl IS NULL  
        AND 1=1   
        AND (( task.pass = 2 )) group by taskpoint.type
[2017-12-21 15:50:41.589] [INFO] default - SELECT DISTINCT taskpoint.type,count(*) as count FROM  
        ROMS202_MONCOMPANY company , 
        ROMS202_PROJECT project ,
        ROMS202_TASK task,  
        ROMS202_TASKPOINT taskpoint ,
        ROMS202_MONSTATION station,
        ROMS202_DISTRICT district
        WHERE
         project.type='' AND   
        project.moncompanyid = company.id AND 
        task.projectid = project.id AND
        taskpoint.taskid = task.id AND 
        task.monstationid = station.id AND 
        company.districtid = district.id AND
        project.censusUrl IS NULL  
        AND 1=1   
        AND (( task.pass = 2 )) group by taskpoint.type
[2017-12-21 15:50:43.910] [INFO] default - SELECT DISTINCT company.moncompanyname, project.* FROM  
        ROMS202_MONCOMPANY company , 
        ROMS202_PROJECT project ,
        ROMS202_TASK task,  
        ROMS202_TASKPOINT taskpoint ,
        ROMS202_MONSTATION station,
        ROMS202_DISTRICT district
        WHERE
         project.type='1' AND   
        project.moncompanyid = company.id AND 
        task.projectid = project.id AND
        taskpoint.taskid = task.id AND 
        task.monstationid = station.id AND 
        company.districtid = district.id AND
        project.censusUrl IS NULL  
        AND 1=1   
        AND (( task.pass = 2 ))
        ORDER BY project.createtime DESC LIMIT 0,10
[2017-12-21 15:50:43.911] [INFO] default - SELECT DISTINCT task.id FROM  
        ROMS202_MONCOMPANY company , 
        ROMS202_PROJECT project ,
        ROMS202_TASK task,  
        ROMS202_TASKPOINT taskpoint ,
        ROMS202_MONSTATION station,
        ROMS202_DISTRICT district
        WHERE
         project.type='1' AND   
        project.moncompanyid = company.id AND 
        task.projectid = project.id AND
        taskpoint.taskid = task.id AND 
        task.monstationid = station.id AND 
        company.districtid = district.id AND
        project.censusUrl IS NULL  
        AND 1=1   
        AND (( task.pass = 2 ))
[2017-12-21 15:50:43.911] [INFO] default - SELECT DISTINCT taskpoint.type,count(*) as count FROM  
        ROMS202_MONCOMPANY company , 
        ROMS202_PROJECT project ,
        ROMS202_TASK task,  
        ROMS202_TASKPOINT taskpoint ,
        ROMS202_MONSTATION station,
        ROMS202_DISTRICT district
        WHERE
         project.type='1' AND   
        project.moncompanyid = company.id AND 
        task.projectid = project.id AND
        taskpoint.taskid = task.id AND 
        task.monstationid = station.id AND 
        company.districtid = district.id AND
        project.censusUrl IS NULL  
        AND 1=1   
        AND (( task.pass = 2 )) group by taskpoint.type
[2017-12-21 15:50:43.911] [INFO] default - SELECT DISTINCT taskpoint.type,count(*) as count FROM  
        ROMS202_MONCOMPANY company , 
        ROMS202_PROJECT project ,
        ROMS202_TASK task,  
        ROMS202_TASKPOINT taskpoint ,
        ROMS202_MONSTATION station,
        ROMS202_DISTRICT district
        WHERE
         project.type='1' AND   
        project.moncompanyid = company.id AND 
        task.projectid = project.id AND
        taskpoint.taskid = task.id AND 
        task.monstationid = station.id AND 
        company.districtid = district.id AND
        project.censusUrl IS NULL  
        AND 1=1   
        AND (( task.pass = 2 )) group by taskpoint.type
