[2018-03-05 13:11:29.548] [INFO] default - start listening 6566
[2018-03-05 13:11:34.909] [INFO] default - SELECT DISTINCT company.moncompanyname, project.* FROM  
        ROMS202_MONCOMPANY company , 
        ROMS202_PROJECT project ,
        ROMS202_TASK task,  
        ROMS202_TASKPOINT taskpoint ,
        ROMS202_MONSTATION station,
        ROMS202_DISTRICT district
        WHERE
          
        project.moncompanyid = company.id AND 
        task.projectid = project.id AND
        taskpoint.taskid = task.id AND 
        task.monstationid = station.id AND 
        company.districtid = district.id
        AND 1=1   
        AND (( task.pass = 0 OR task.pass= 1 ))
        ORDER BY project.createtime DESC LIMIT 0,5
[2018-03-05 13:11:34.910] [INFO] default - SELECT DISTINCT task.id FROM  
        ROMS202_MONCOMPANY company , 
        ROMS202_PROJECT project ,
        ROMS202_TASK task,  
        ROMS202_TASKPOINT taskpoint ,
        ROMS202_MONSTATION station,
        ROMS202_DISTRICT district
        WHERE
          
        project.moncompanyid = company.id AND 
        task.projectid = project.id AND
        taskpoint.taskid = task.id AND 
        task.monstationid = station.id AND 
        company.districtid = district.id
        AND 1=1   
        AND (( task.pass = 0 OR task.pass= 1 ))
[2018-03-05 13:11:34.910] [INFO] default - SELECT DISTINCT taskpoint.type,count(*) as count FROM  
        ROMS202_MONCOMPANY company , 
        ROMS202_PROJECT project ,
        ROMS202_TASK task,  
        ROMS202_TASKPOINT taskpoint ,
        ROMS202_MONSTATION station,
        ROMS202_DISTRICT district
        WHERE
          
        project.moncompanyid = company.id AND 
        task.projectid = project.id AND
        taskpoint.taskid = task.id AND 
        task.monstationid = station.id AND 
        company.districtid = district.id 
        AND 1=1   
        AND (( task.pass = 0 OR task.pass= 1 )) group by taskpoint.type
[2018-03-05 13:11:34.910] [INFO] default - SELECT DISTINCT taskpoint.type,count(*) as count FROM  
        ROMS202_MONCOMPANY company , 
        ROMS202_PROJECT project ,
        ROMS202_TASK task,  
        ROMS202_TASKPOINT taskpoint ,
        ROMS202_MONSTATION station,
        ROMS202_DISTRICT district
        WHERE
          
        project.moncompanyid = company.id AND 
        task.projectid = project.id AND
        taskpoint.taskid = task.id AND 
        task.monstationid = station.id AND 
        company.districtid = district.id 
        AND 1=1   
        AND (( task.pass = 0 OR task.pass= 1 )) group by taskpoint.type
[2018-03-05 13:12:43.151] [INFO] default - start listening 6566
[2018-03-05 13:12:49.708] [INFO] default - SELECT DISTINCT company.moncompanyname, project.* FROM  
        ROMS202_MONCOMPANY company , 
        ROMS202_PROJECT project ,
        ROMS202_TASK task,  
        ROMS202_TASKPOINT taskpoint ,
        ROMS202_MONSTATION station,
        ROMS202_DISTRICT district
        WHERE
          
        project.moncompanyid = company.id AND 
        task.projectid = project.id AND
        taskpoint.taskid = task.id AND 
        task.monstationid = station.id AND 
        company.districtid = district.id
        AND 1=1   
        AND (( task.pass = 0 OR task.pass= 1 ))
        ORDER BY project.createtime DESC LIMIT 0,5
[2018-03-05 13:12:49.708] [INFO] default - SELECT DISTINCT task.id FROM  
        ROMS202_MONCOMPANY company , 
        ROMS202_PROJECT project ,
        ROMS202_TASK task,  
        ROMS202_TASKPOINT taskpoint ,
        ROMS202_MONSTATION station,
        ROMS202_DISTRICT district
        WHERE
          
        project.moncompanyid = company.id AND 
        task.projectid = project.id AND
        taskpoint.taskid = task.id AND 
        task.monstationid = station.id AND 
        company.districtid = district.id
        AND 1=1   
        AND (( task.pass = 0 OR task.pass= 1 ))
[2018-03-05 13:12:49.709] [INFO] default - SELECT DISTINCT taskpoint.type,count(*) as count FROM  
        ROMS202_MONCOMPANY company , 
        ROMS202_PROJECT project ,
        ROMS202_TASK task,  
        ROMS202_TASKPOINT taskpoint ,
        ROMS202_MONSTATION station,
        ROMS202_DISTRICT district
        WHERE
          
        project.moncompanyid = company.id AND 
        task.projectid = project.id AND
        taskpoint.taskid = task.id AND 
        task.monstationid = station.id AND 
        company.districtid = district.id 
        AND 1=1   
        AND (( task.pass = 0 OR task.pass= 1 )) group by taskpoint.type
[2018-03-05 13:12:49.709] [INFO] default - SELECT DISTINCT taskpoint.type,count(*) as count FROM  
        ROMS202_MONCOMPANY company , 
        ROMS202_PROJECT project ,
        ROMS202_TASK task,  
        ROMS202_TASKPOINT taskpoint ,
        ROMS202_MONSTATION station,
        ROMS202_DISTRICT district
        WHERE
          
        project.moncompanyid = company.id AND 
        task.projectid = project.id AND
        taskpoint.taskid = task.id AND 
        task.monstationid = station.id AND 
        company.districtid = district.id 
        AND 1=1   
        AND (( task.pass = 0 OR task.pass= 1 )) group by taskpoint.type
[2018-03-05 13:14:29.254] [INFO] default - start listening 6566
[2018-03-05 13:14:34.505] [INFO] default - SELECT DISTINCT company.moncompanyname, project.* FROM  
        ROMS202_MONCOMPANY company , 
        ROMS202_PROJECT project ,
        ROMS202_TASK task,  
        ROMS202_TASKPOINT taskpoint ,
        ROMS202_MONSTATION station,
        ROMS202_DISTRICT district
        WHERE
          
        project.moncompanyid = company.id AND 
        task.projectid = project.id AND
        taskpoint.taskid = task.id AND 
        task.monstationid = station.id AND 
        company.districtid = district.id
        AND 1=1   
        AND (( task.pass = 0 OR task.pass= 1 ))
        ORDER BY project.createtime DESC LIMIT 0,5
[2018-03-05 13:14:34.506] [INFO] default - SELECT DISTINCT task.id FROM  
        ROMS202_MONCOMPANY company , 
        ROMS202_PROJECT project ,
        ROMS202_TASK task,  
        ROMS202_TASKPOINT taskpoint ,
        ROMS202_MONSTATION station,
        ROMS202_DISTRICT district
        WHERE
          
        project.moncompanyid = company.id AND 
        task.projectid = project.id AND
        taskpoint.taskid = task.id AND 
        task.monstationid = station.id AND 
        company.districtid = district.id
        AND 1=1   
        AND (( task.pass = 0 OR task.pass= 1 ))
[2018-03-05 13:14:34.506] [INFO] default - SELECT DISTINCT taskpoint.type,count(*) as count FROM  
        ROMS202_MONCOMPANY company , 
        ROMS202_PROJECT project ,
        ROMS202_TASK task,  
        ROMS202_TASKPOINT taskpoint ,
        ROMS202_MONSTATION station,
        ROMS202_DISTRICT district
        WHERE
          
        project.moncompanyid = company.id AND 
        task.projectid = project.id AND
        taskpoint.taskid = task.id AND 
        task.monstationid = station.id AND 
        company.districtid = district.id 
        AND 1=1   
        AND (( task.pass = 0 OR task.pass= 1 )) group by taskpoint.type
[2018-03-05 13:14:34.506] [INFO] default - SELECT DISTINCT taskpoint.type,count(*) as count FROM  
        ROMS202_MONCOMPANY company , 
        ROMS202_PROJECT project ,
        ROMS202_TASK task,  
        ROMS202_TASKPOINT taskpoint ,
        ROMS202_MONSTATION station,
        ROMS202_DISTRICT district
        WHERE
          
        project.moncompanyid = company.id AND 
        task.projectid = project.id AND
        taskpoint.taskid = task.id AND 
        task.monstationid = station.id AND 
        company.districtid = district.id 
        AND 1=1   
        AND (( task.pass = 0 OR task.pass= 1 )) group by taskpoint.type
[2018-03-05 13:38:05.576] [INFO] default - start listening 6566
[2018-03-05 13:38:09.572] [INFO] default - SELECT DISTINCT company.moncompanyname, project.* FROM  
        ROMS202_MONCOMPANY company , 
        ROMS202_PROJECT project ,
        ROMS202_TASK task,  
        ROMS202_TASKPOINT taskpoint ,
        ROMS202_MONSTATION station,
        ROMS202_DISTRICT district
        WHERE
          
        project.moncompanyid = company.id AND 
        task.projectid = project.id AND
        taskpoint.taskid = task.id AND 
        task.monstationid = station.id AND 
        company.districtid = district.id
        AND 1=1   
        AND (( task.pass = 0 OR task.pass= 1 ))
        ORDER BY project.createtime DESC LIMIT 0,5
[2018-03-05 13:38:09.573] [INFO] default - SELECT DISTINCT task.id FROM  
        ROMS202_MONCOMPANY company , 
        ROMS202_PROJECT project ,
        ROMS202_TASK task,  
        ROMS202_TASKPOINT taskpoint ,
        ROMS202_MONSTATION station,
        ROMS202_DISTRICT district
        WHERE
          
        project.moncompanyid = company.id AND 
        task.projectid = project.id AND
        taskpoint.taskid = task.id AND 
        task.monstationid = station.id AND 
        company.districtid = district.id
        AND 1=1   
        AND (( task.pass = 0 OR task.pass= 1 ))
[2018-03-05 13:38:09.573] [INFO] default - SELECT DISTINCT taskpoint.type,count(*) as count FROM  
        ROMS202_MONCOMPANY company , 
        ROMS202_PROJECT project ,
        ROMS202_TASK task,  
        ROMS202_TASKPOINT taskpoint ,
        ROMS202_MONSTATION station,
        ROMS202_DISTRICT district
        WHERE
          
        project.moncompanyid = company.id AND 
        task.projectid = project.id AND
        taskpoint.taskid = task.id AND 
        task.monstationid = station.id AND 
        company.districtid = district.id 
        AND 1=1   
        AND (( task.pass = 0 OR task.pass= 1 )) group by taskpoint.type
[2018-03-05 13:38:09.573] [INFO] default - SELECT DISTINCT taskpoint.type,count(*) as count FROM  
        ROMS202_MONCOMPANY company , 
        ROMS202_PROJECT project ,
        ROMS202_TASK task,  
        ROMS202_TASKPOINT taskpoint ,
        ROMS202_MONSTATION station,
        ROMS202_DISTRICT district
        WHERE
          
        project.moncompanyid = company.id AND 
        task.projectid = project.id AND
        taskpoint.taskid = task.id AND 
        task.monstationid = station.id AND 
        company.districtid = district.id 
        AND 1=1   
        AND (( task.pass = 0 OR task.pass= 1 )) group by taskpoint.type
[2018-03-05 13:38:48.150] [INFO] default - start listening 6566
[2018-03-05 13:38:53.146] [INFO] default - SELECT DISTINCT company.moncompanyname, project.* FROM  
        ROMS202_MONCOMPANY company , 
        ROMS202_PROJECT project ,
        ROMS202_TASK task,  
        ROMS202_TASKPOINT taskpoint ,
        ROMS202_MONSTATION station,
        ROMS202_DISTRICT district
        WHERE
          
        project.moncompanyid = company.id AND 
        task.projectid = project.id AND
        taskpoint.taskid = task.id AND 
        task.monstationid = station.id AND 
        company.districtid = district.id
        AND 1=1   
        AND (( task.pass = 0 OR task.pass= 1 ))
        ORDER BY project.createtime DESC LIMIT 0,5
[2018-03-05 13:38:53.146] [INFO] default - SELECT DISTINCT task.id FROM  
        ROMS202_MONCOMPANY company , 
        ROMS202_PROJECT project ,
        ROMS202_TASK task,  
        ROMS202_TASKPOINT taskpoint ,
        ROMS202_MONSTATION station,
        ROMS202_DISTRICT district
        WHERE
          
        project.moncompanyid = company.id AND 
        task.projectid = project.id AND
        taskpoint.taskid = task.id AND 
        task.monstationid = station.id AND 
        company.districtid = district.id
        AND 1=1   
        AND (( task.pass = 0 OR task.pass= 1 ))
[2018-03-05 13:38:53.146] [INFO] default - SELECT DISTINCT taskpoint.type,count(*) as count FROM  
        ROMS202_MONCOMPANY company , 
        ROMS202_PROJECT project ,
        ROMS202_TASK task,  
        ROMS202_TASKPOINT taskpoint ,
        ROMS202_MONSTATION station,
        ROMS202_DISTRICT district
        WHERE
          
        project.moncompanyid = company.id AND 
        task.projectid = project.id AND
        taskpoint.taskid = task.id AND 
        task.monstationid = station.id AND 
        company.districtid = district.id 
        AND 1=1   
        AND (( task.pass = 0 OR task.pass= 1 )) group by taskpoint.type
[2018-03-05 13:38:53.146] [INFO] default - SELECT DISTINCT taskpoint.type,count(*) as count FROM  
        ROMS202_MONCOMPANY company , 
        ROMS202_PROJECT project ,
        ROMS202_TASK task,  
        ROMS202_TASKPOINT taskpoint ,
        ROMS202_MONSTATION station,
        ROMS202_DISTRICT district
        WHERE
          
        project.moncompanyid = company.id AND 
        task.projectid = project.id AND
        taskpoint.taskid = task.id AND 
        task.monstationid = station.id AND 
        company.districtid = district.id 
        AND 1=1   
        AND (( task.pass = 0 OR task.pass= 1 )) group by taskpoint.type
[2018-03-05 13:39:28.312] [INFO] default - start listening 6566
[2018-03-05 13:39:34.715] [INFO] default - SELECT DISTINCT company.moncompanyname, project.* FROM  
        ROMS202_MONCOMPANY company , 
        ROMS202_PROJECT project ,
        ROMS202_TASK task,  
        ROMS202_TASKPOINT taskpoint ,
        ROMS202_MONSTATION station,
        ROMS202_DISTRICT district
        WHERE
          
        project.moncompanyid = company.id AND 
        task.projectid = project.id AND
        taskpoint.taskid = task.id AND 
        task.monstationid = station.id AND 
        company.districtid = district.id
        AND 1=1   
        AND (( task.pass = 0 OR task.pass= 1 ))
        ORDER BY project.createtime DESC LIMIT 0,5
[2018-03-05 13:39:34.716] [INFO] default - SELECT DISTINCT task.id FROM  
        ROMS202_MONCOMPANY company , 
        ROMS202_PROJECT project ,
        ROMS202_TASK task,  
        ROMS202_TASKPOINT taskpoint ,
        ROMS202_MONSTATION station,
        ROMS202_DISTRICT district
        WHERE
          
        project.moncompanyid = company.id AND 
        task.projectid = project.id AND
        taskpoint.taskid = task.id AND 
        task.monstationid = station.id AND 
        company.districtid = district.id
        AND 1=1   
        AND (( task.pass = 0 OR task.pass= 1 ))
[2018-03-05 13:39:34.716] [INFO] default - SELECT DISTINCT taskpoint.type,count(*) as count FROM  
        ROMS202_MONCOMPANY company , 
        ROMS202_PROJECT project ,
        ROMS202_TASK task,  
        ROMS202_TASKPOINT taskpoint ,
        ROMS202_MONSTATION station,
        ROMS202_DISTRICT district
        WHERE
          
        project.moncompanyid = company.id AND 
        task.projectid = project.id AND
        taskpoint.taskid = task.id AND 
        task.monstationid = station.id AND 
        company.districtid = district.id 
        AND 1=1   
        AND (( task.pass = 0 OR task.pass= 1 )) group by taskpoint.type
[2018-03-05 13:39:34.716] [INFO] default - SELECT DISTINCT taskpoint.type,count(*) as count FROM  
        ROMS202_MONCOMPANY company , 
        ROMS202_PROJECT project ,
        ROMS202_TASK task,  
        ROMS202_TASKPOINT taskpoint ,
        ROMS202_MONSTATION station,
        ROMS202_DISTRICT district
        WHERE
          
        project.moncompanyid = company.id AND 
        task.projectid = project.id AND
        taskpoint.taskid = task.id AND 
        task.monstationid = station.id AND 
        company.districtid = district.id 
        AND 1=1   
        AND (( task.pass = 0 OR task.pass= 1 )) group by taskpoint.type
[2018-03-05 13:53:43.696] [INFO] default - start listening 6566
[2018-03-05 13:53:48.406] [INFO] default - SELECT DISTINCT company.moncompanyname, project.* FROM  
        ROMS202_MONCOMPANY company , 
        ROMS202_PROJECT project ,
        ROMS202_TASK task,  
        ROMS202_TASKPOINT taskpoint ,
        ROMS202_MONSTATION station,
        ROMS202_DISTRICT district
        WHERE
          
        project.moncompanyid = company.id AND 
        task.projectid = project.id AND
        taskpoint.taskid = task.id AND 
        task.monstationid = station.id AND 
        company.districtid = district.id
        AND 1=1   
        AND (( task.pass = 0 OR task.pass= 1 ))
        ORDER BY project.createtime DESC LIMIT 0,5
[2018-03-05 13:53:48.406] [INFO] default - SELECT DISTINCT task.id FROM  
        ROMS202_MONCOMPANY company , 
        ROMS202_PROJECT project ,
        ROMS202_TASK task,  
        ROMS202_TASKPOINT taskpoint ,
        ROMS202_MONSTATION station,
        ROMS202_DISTRICT district
        WHERE
          
        project.moncompanyid = company.id AND 
        task.projectid = project.id AND
        taskpoint.taskid = task.id AND 
        task.monstationid = station.id AND 
        company.districtid = district.id
        AND 1=1   
        AND (( task.pass = 0 OR task.pass= 1 ))
[2018-03-05 13:53:48.406] [INFO] default - SELECT DISTINCT taskpoint.type,count(*) as count FROM  
        ROMS202_MONCOMPANY company , 
        ROMS202_PROJECT project ,
        ROMS202_TASK task,  
        ROMS202_TASKPOINT taskpoint ,
        ROMS202_MONSTATION station,
        ROMS202_DISTRICT district
        WHERE
          
        project.moncompanyid = company.id AND 
        task.projectid = project.id AND
        taskpoint.taskid = task.id AND 
        task.monstationid = station.id AND 
        company.districtid = district.id 
        AND 1=1   
        AND (( task.pass = 0 OR task.pass= 1 )) group by taskpoint.type
[2018-03-05 13:53:48.407] [INFO] default - SELECT DISTINCT taskpoint.type,count(*) as count FROM  
        ROMS202_MONCOMPANY company , 
        ROMS202_PROJECT project ,
        ROMS202_TASK task,  
        ROMS202_TASKPOINT taskpoint ,
        ROMS202_MONSTATION station,
        ROMS202_DISTRICT district
        WHERE
          
        project.moncompanyid = company.id AND 
        task.projectid = project.id AND
        taskpoint.taskid = task.id AND 
        task.monstationid = station.id AND 
        company.districtid = district.id 
        AND 1=1   
        AND (( task.pass = 0 OR task.pass= 1 )) group by taskpoint.type
[2018-03-05 13:54:56.915] [INFO] default - start listening 6566
[2018-03-05 13:55:03.663] [INFO] default - SELECT DISTINCT company.moncompanyname, project.* FROM  
        ROMS202_MONCOMPANY company , 
        ROMS202_PROJECT project ,
        ROMS202_TASK task,  
        ROMS202_TASKPOINT taskpoint ,
        ROMS202_MONSTATION station,
        ROMS202_DISTRICT district
        WHERE
          
        project.moncompanyid = company.id AND 
        task.projectid = project.id AND
        taskpoint.taskid = task.id AND 
        task.monstationid = station.id AND 
        company.districtid = district.id
        AND 1=1   
        AND (( task.pass = 0 OR task.pass= 1 ))
        ORDER BY project.createtime DESC LIMIT 0,5
[2018-03-05 13:55:03.663] [INFO] default - SELECT DISTINCT task.id FROM  
        ROMS202_MONCOMPANY company , 
        ROMS202_PROJECT project ,
        ROMS202_TASK task,  
        ROMS202_TASKPOINT taskpoint ,
        ROMS202_MONSTATION station,
        ROMS202_DISTRICT district
        WHERE
          
        project.moncompanyid = company.id AND 
        task.projectid = project.id AND
        taskpoint.taskid = task.id AND 
        task.monstationid = station.id AND 
        company.districtid = district.id
        AND 1=1   
        AND (( task.pass = 0 OR task.pass= 1 ))
[2018-03-05 13:55:03.663] [INFO] default - SELECT DISTINCT taskpoint.type,count(*) as count FROM  
        ROMS202_MONCOMPANY company , 
        ROMS202_PROJECT project ,
        ROMS202_TASK task,  
        ROMS202_TASKPOINT taskpoint ,
        ROMS202_MONSTATION station,
        ROMS202_DISTRICT district
        WHERE
          
        project.moncompanyid = company.id AND 
        task.projectid = project.id AND
        taskpoint.taskid = task.id AND 
        task.monstationid = station.id AND 
        company.districtid = district.id 
        AND 1=1   
        AND (( task.pass = 0 OR task.pass= 1 )) group by taskpoint.type
[2018-03-05 13:55:03.664] [INFO] default - SELECT DISTINCT taskpoint.type,count(*) as count FROM  
        ROMS202_MONCOMPANY company , 
        ROMS202_PROJECT project ,
        ROMS202_TASK task,  
        ROMS202_TASKPOINT taskpoint ,
        ROMS202_MONSTATION station,
        ROMS202_DISTRICT district
        WHERE
          
        project.moncompanyid = company.id AND 
        task.projectid = project.id AND
        taskpoint.taskid = task.id AND 
        task.monstationid = station.id AND 
        company.districtid = district.id 
        AND 1=1   
        AND (( task.pass = 0 OR task.pass= 1 )) group by taskpoint.type
[2018-03-05 13:57:15.577] [INFO] default - start listening 6566
[2018-03-05 13:57:21.373] [INFO] default - SELECT DISTINCT company.moncompanyname, project.* FROM  
        ROMS202_MONCOMPANY company , 
        ROMS202_PROJECT project ,
        ROMS202_TASK task,  
        ROMS202_TASKPOINT taskpoint ,
        ROMS202_MONSTATION station,
        ROMS202_DISTRICT district
        WHERE
          
        project.moncompanyid = company.id AND 
        task.projectid = project.id AND
        taskpoint.taskid = task.id AND 
        task.monstationid = station.id AND 
        company.districtid = district.id
        AND 1=1   
        AND (( task.pass = 0 OR task.pass= 1 ))
        ORDER BY project.createtime DESC LIMIT 0,5
[2018-03-05 13:57:21.373] [INFO] default - SELECT DISTINCT task.id FROM  
        ROMS202_MONCOMPANY company , 
        ROMS202_PROJECT project ,
        ROMS202_TASK task,  
        ROMS202_TASKPOINT taskpoint ,
        ROMS202_MONSTATION station,
        ROMS202_DISTRICT district
        WHERE
          
        project.moncompanyid = company.id AND 
        task.projectid = project.id AND
        taskpoint.taskid = task.id AND 
        task.monstationid = station.id AND 
        company.districtid = district.id
        AND 1=1   
        AND (( task.pass = 0 OR task.pass= 1 ))
[2018-03-05 13:57:21.373] [INFO] default - SELECT DISTINCT taskpoint.type,count(*) as count FROM  
        ROMS202_MONCOMPANY company , 
        ROMS202_PROJECT project ,
        ROMS202_TASK task,  
        ROMS202_TASKPOINT taskpoint ,
        ROMS202_MONSTATION station,
        ROMS202_DISTRICT district
        WHERE
          
        project.moncompanyid = company.id AND 
        task.projectid = project.id AND
        taskpoint.taskid = task.id AND 
        task.monstationid = station.id AND 
        company.districtid = district.id 
        AND 1=1   
        AND (( task.pass = 0 OR task.pass= 1 )) group by taskpoint.type
[2018-03-05 13:57:21.374] [INFO] default - SELECT DISTINCT taskpoint.type,count(*) as count FROM  
        ROMS202_MONCOMPANY company , 
        ROMS202_PROJECT project ,
        ROMS202_TASK task,  
        ROMS202_TASKPOINT taskpoint ,
        ROMS202_MONSTATION station,
        ROMS202_DISTRICT district
        WHERE
          
        project.moncompanyid = company.id AND 
        task.projectid = project.id AND
        taskpoint.taskid = task.id AND 
        task.monstationid = station.id AND 
        company.districtid = district.id 
        AND 1=1   
        AND (( task.pass = 0 OR task.pass= 1 )) group by taskpoint.type
[2018-03-05 13:58:23.682] [INFO] default - start listening 6566
[2018-03-05 13:58:28.372] [INFO] default - SELECT DISTINCT company.moncompanyname, project.* FROM  
        ROMS202_MONCOMPANY company , 
        ROMS202_PROJECT project ,
        ROMS202_TASK task,  
        ROMS202_TASKPOINT taskpoint ,
        ROMS202_MONSTATION station,
        ROMS202_DISTRICT district
        WHERE
          
        project.moncompanyid = company.id AND 
        task.projectid = project.id AND
        taskpoint.taskid = task.id AND 
        task.monstationid = station.id AND 
        company.districtid = district.id
        AND 1=1   
        AND (( task.pass = 0 OR task.pass= 1 ))
        ORDER BY project.createtime DESC LIMIT 0,5
[2018-03-05 13:58:28.373] [INFO] default - SELECT DISTINCT task.id FROM  
        ROMS202_MONCOMPANY company , 
        ROMS202_PROJECT project ,
        ROMS202_TASK task,  
        ROMS202_TASKPOINT taskpoint ,
        ROMS202_MONSTATION station,
        ROMS202_DISTRICT district
        WHERE
          
        project.moncompanyid = company.id AND 
        task.projectid = project.id AND
        taskpoint.taskid = task.id AND 
        task.monstationid = station.id AND 
        company.districtid = district.id
        AND 1=1   
        AND (( task.pass = 0 OR task.pass= 1 ))
[2018-03-05 13:58:28.373] [INFO] default - SELECT DISTINCT taskpoint.type,count(*) as count FROM  
        ROMS202_MONCOMPANY company , 
        ROMS202_PROJECT project ,
        ROMS202_TASK task,  
        ROMS202_TASKPOINT taskpoint ,
        ROMS202_MONSTATION station,
        ROMS202_DISTRICT district
        WHERE
          
        project.moncompanyid = company.id AND 
        task.projectid = project.id AND
        taskpoint.taskid = task.id AND 
        task.monstationid = station.id AND 
        company.districtid = district.id 
        AND 1=1   
        AND (( task.pass = 0 OR task.pass= 1 )) group by taskpoint.type
[2018-03-05 13:58:28.373] [INFO] default - SELECT DISTINCT taskpoint.type,count(*) as count FROM  
        ROMS202_MONCOMPANY company , 
        ROMS202_PROJECT project ,
        ROMS202_TASK task,  
        ROMS202_TASKPOINT taskpoint ,
        ROMS202_MONSTATION station,
        ROMS202_DISTRICT district
        WHERE
          
        project.moncompanyid = company.id AND 
        task.projectid = project.id AND
        taskpoint.taskid = task.id AND 
        task.monstationid = station.id AND 
        company.districtid = district.id 
        AND 1=1   
        AND (( task.pass = 0 OR task.pass= 1 )) group by taskpoint.type
