[2018-02-01 19:23:58.403] [INFO] default - start listening 6566
[2018-02-01 19:25:18.498] [INFO] default - start listening 6566
[2018-02-01 19:25:44.333] [INFO] default - SELECT DISTINCT company.moncompanyname, project.* FROM  
        ROMS202_MONCOMPANY company , 
        ROMS202_PROJECT project ,
        ROMS202_TASK task,  
        ROMS202_TASKPOINT taskpoint ,
        ROMS202_MONSTATION station,
        ROMS202_DISTRICT district
        WHERE
          
        project.moncompanyid = company.id AND 
        task.projectid = project.id AND
        taskpoint.taskid = task.id AND 
        task.monstationid = station.id AND 
        company.districtid = district.id
        AND 1=1   
        AND (( task.pass = 0 OR task.pass= 1 ))
        ORDER BY project.createtime DESC LIMIT 0,5
[2018-02-01 19:25:44.334] [INFO] default - SELECT DISTINCT task.id FROM  
        ROMS202_MONCOMPANY company , 
        ROMS202_PROJECT project ,
        ROMS202_TASK task,  
        ROMS202_TASKPOINT taskpoint ,
        ROMS202_MONSTATION station,
        ROMS202_DISTRICT district
        WHERE
          
        project.moncompanyid = company.id AND 
        task.projectid = project.id AND
        taskpoint.taskid = task.id AND 
        task.monstationid = station.id AND 
        company.districtid = district.id
        AND 1=1   
        AND (( task.pass = 0 OR task.pass= 1 ))
[2018-02-01 19:25:44.334] [INFO] default - SELECT DISTINCT taskpoint.type,count(*) as count FROM  
        ROMS202_MONCOMPANY company , 
        ROMS202_PROJECT project ,
        ROMS202_TASK task,  
        ROMS202_TASKPOINT taskpoint ,
        ROMS202_MONSTATION station,
        ROMS202_DISTRICT district
        WHERE
          
        project.moncompanyid = company.id AND 
        task.projectid = project.id AND
        taskpoint.taskid = task.id AND 
        task.monstationid = station.id AND 
        company.districtid = district.id 
        AND 1=1   
        AND (( task.pass = 0 OR task.pass= 1 )) group by taskpoint.type
[2018-02-01 19:25:44.334] [INFO] default - SELECT DISTINCT taskpoint.type,count(*) as count FROM  
        ROMS202_MONCOMPANY company , 
        ROMS202_PROJECT project ,
        ROMS202_TASK task,  
        ROMS202_TASKPOINT taskpoint ,
        ROMS202_MONSTATION station,
        ROMS202_DISTRICT district
        WHERE
          
        project.moncompanyid = company.id AND 
        task.projectid = project.id AND
        taskpoint.taskid = task.id AND 
        task.monstationid = station.id AND 
        company.districtid = district.id 
        AND 1=1   
        AND (( task.pass = 0 OR task.pass= 1 )) group by taskpoint.type
[2018-02-01 19:27:22.824] [INFO] default - start listening 6566
[2018-02-01 19:27:45.956] [INFO] default - SELECT DISTINCT company.moncompanyname, project.* FROM  
        ROMS202_MONCOMPANY company , 
        ROMS202_PROJECT project ,
        ROMS202_TASK task,  
        ROMS202_TASKPOINT taskpoint ,
        ROMS202_MONSTATION station,
        ROMS202_DISTRICT district
        WHERE
          
        project.moncompanyid = company.id AND 
        task.projectid = project.id AND
        taskpoint.taskid = task.id AND 
        task.monstationid = station.id AND 
        company.districtid = district.id
        AND 1=1   
        AND (( task.pass = 0 OR task.pass= 1 ))
        ORDER BY project.createtime DESC LIMIT 0,5
[2018-02-01 19:27:45.956] [INFO] default - SELECT DISTINCT task.id FROM  
        ROMS202_MONCOMPANY company , 
        ROMS202_PROJECT project ,
        ROMS202_TASK task,  
        ROMS202_TASKPOINT taskpoint ,
        ROMS202_MONSTATION station,
        ROMS202_DISTRICT district
        WHERE
          
        project.moncompanyid = company.id AND 
        task.projectid = project.id AND
        taskpoint.taskid = task.id AND 
        task.monstationid = station.id AND 
        company.districtid = district.id
        AND 1=1   
        AND (( task.pass = 0 OR task.pass= 1 ))
[2018-02-01 19:27:45.956] [INFO] default - SELECT DISTINCT taskpoint.type,count(*) as count FROM  
        ROMS202_MONCOMPANY company , 
        ROMS202_PROJECT project ,
        ROMS202_TASK task,  
        ROMS202_TASKPOINT taskpoint ,
        ROMS202_MONSTATION station,
        ROMS202_DISTRICT district
        WHERE
          
        project.moncompanyid = company.id AND 
        task.projectid = project.id AND
        taskpoint.taskid = task.id AND 
        task.monstationid = station.id AND 
        company.districtid = district.id 
        AND 1=1   
        AND (( task.pass = 0 OR task.pass= 1 )) group by taskpoint.type
[2018-02-01 19:27:45.957] [INFO] default - SELECT DISTINCT taskpoint.type,count(*) as count FROM  
        ROMS202_MONCOMPANY company , 
        ROMS202_PROJECT project ,
        ROMS202_TASK task,  
        ROMS202_TASKPOINT taskpoint ,
        ROMS202_MONSTATION station,
        ROMS202_DISTRICT district
        WHERE
          
        project.moncompanyid = company.id AND 
        task.projectid = project.id AND
        taskpoint.taskid = task.id AND 
        task.monstationid = station.id AND 
        company.districtid = district.id 
        AND 1=1   
        AND (( task.pass = 0 OR task.pass= 1 )) group by taskpoint.type
[2018-02-01 19:50:01.397] [INFO] default - SELECT DISTINCT company.moncompanyname, project.* FROM  
        ROMS202_MONCOMPANY company , 
        ROMS202_PROJECT project ,
        ROMS202_TASK task,  
        ROMS202_TASKPOINT taskpoint ,
        ROMS202_MONSTATION station,
        ROMS202_DISTRICT district
        WHERE
          
        project.moncompanyid = company.id AND 
        task.projectid = project.id AND
        taskpoint.taskid = task.id AND 
        task.monstationid = station.id AND 
        company.districtid = district.id
        AND 1=1   
        AND (( task.pass = 0 OR task.pass= 1 ))
        ORDER BY project.createtime DESC LIMIT 0,5
[2018-02-01 19:50:01.398] [INFO] default - SELECT DISTINCT task.id FROM  
        ROMS202_MONCOMPANY company , 
        ROMS202_PROJECT project ,
        ROMS202_TASK task,  
        ROMS202_TASKPOINT taskpoint ,
        ROMS202_MONSTATION station,
        ROMS202_DISTRICT district
        WHERE
          
        project.moncompanyid = company.id AND 
        task.projectid = project.id AND
        taskpoint.taskid = task.id AND 
        task.monstationid = station.id AND 
        company.districtid = district.id
        AND 1=1   
        AND (( task.pass = 0 OR task.pass= 1 ))
[2018-02-01 19:50:01.398] [INFO] default - SELECT DISTINCT taskpoint.type,count(*) as count FROM  
        ROMS202_MONCOMPANY company , 
        ROMS202_PROJECT project ,
        ROMS202_TASK task,  
        ROMS202_TASKPOINT taskpoint ,
        ROMS202_MONSTATION station,
        ROMS202_DISTRICT district
        WHERE
          
        project.moncompanyid = company.id AND 
        task.projectid = project.id AND
        taskpoint.taskid = task.id AND 
        task.monstationid = station.id AND 
        company.districtid = district.id 
        AND 1=1   
        AND (( task.pass = 0 OR task.pass= 1 )) group by taskpoint.type
[2018-02-01 19:50:01.398] [INFO] default - SELECT DISTINCT taskpoint.type,count(*) as count FROM  
        ROMS202_MONCOMPANY company , 
        ROMS202_PROJECT project ,
        ROMS202_TASK task,  
        ROMS202_TASKPOINT taskpoint ,
        ROMS202_MONSTATION station,
        ROMS202_DISTRICT district
        WHERE
          
        project.moncompanyid = company.id AND 
        task.projectid = project.id AND
        taskpoint.taskid = task.id AND 
        task.monstationid = station.id AND 
        company.districtid = district.id 
        AND 1=1   
        AND (( task.pass = 0 OR task.pass= 1 )) group by taskpoint.type
