[2017-11-05 10:46:10.855] [INFO] default - start listening 6566
[2017-11-05 10:46:26.863] [INFO] default - SELECT DISTINCT company.moncompanyname, project.* FROM  
        ROMS202_MONCOMPANY company , 
        ROMS202_PROJECT project ,
        ROMS202_TASK task,  
        ROMS202_TASKPOINT taskpoint ,
        ROMS202_MONSTATION station,
        ROMS202_DISTRICT district
        WHERE
          
        project.moncompanyid = company.id AND 
        task.projectid = project.id AND
        taskpoint.taskid = task.id AND 
        task.monstationid = station.id AND 
        company.districtid = district.id AND
        project.censusUrl IS NULL  
        AND 1=1   
        AND (( task.pass = 0 OR task.pass= 1 ))
        ORDER BY project.createtime DESC LIMIT 0,5
[2017-11-05 10:46:26.863] [INFO] default - SELECT DISTINCT task.id FROM  
        ROMS202_MONCOMPANY company , 
        ROMS202_PROJECT project ,
        ROMS202_TASK task,  
        ROMS202_TASKPOINT taskpoint ,
        ROMS202_MONSTATION station,
        ROMS202_DISTRICT district
        WHERE
          
        project.moncompanyid = company.id AND 
        task.projectid = project.id AND
        taskpoint.taskid = task.id AND 
        task.monstationid = station.id AND 
        company.districtid = district.id AND
        project.censusUrl IS NULL  
        AND 1=1   
        AND (( task.pass = 0 OR task.pass= 1 ))
[2017-11-05 10:46:26.864] [INFO] default - SELECT DISTINCT taskpoint.type,count(*) as count FROM  
        ROMS202_MONCOMPANY company , 
        ROMS202_PROJECT project ,
        ROMS202_TASK task,  
        ROMS202_TASKPOINT taskpoint ,
        ROMS202_MONSTATION station,
        ROMS202_DISTRICT district
        WHERE
          
        project.moncompanyid = company.id AND 
        task.projectid = project.id AND
        taskpoint.taskid = task.id AND 
        task.monstationid = station.id AND 
        company.districtid = district.id AND
        project.censusUrl IS NULL  
        AND 1=1   
        AND (( task.pass = 0 OR task.pass= 1 )) group by taskpoint.type
[2017-11-05 10:46:29.402] [INFO] default - SELECT DISTINCT company.moncompanyname, project.* FROM  
        ROMS202_MONCOMPANY company , 
        ROMS202_PROJECT project ,
        ROMS202_TASK task,  
        ROMS202_TASKPOINT taskpoint ,
        ROMS202_MONSTATION station,
        ROMS202_DISTRICT district
        WHERE
         project.type='' AND   
        project.moncompanyid = company.id AND 
        task.projectid = project.id AND
        taskpoint.taskid = task.id AND 
        task.monstationid = station.id AND 
        company.districtid = district.id AND
        project.censusUrl IS NULL  
        AND 1=1   
        AND (( task.pass = 2 ))
        ORDER BY project.createtime DESC LIMIT 0,10
[2017-11-05 10:46:29.402] [INFO] default - SELECT DISTINCT task.id FROM  
        ROMS202_MONCOMPANY company , 
        ROMS202_PROJECT project ,
        ROMS202_TASK task,  
        ROMS202_TASKPOINT taskpoint ,
        ROMS202_MONSTATION station,
        ROMS202_DISTRICT district
        WHERE
         project.type='' AND   
        project.moncompanyid = company.id AND 
        task.projectid = project.id AND
        taskpoint.taskid = task.id AND 
        task.monstationid = station.id AND 
        company.districtid = district.id AND
        project.censusUrl IS NULL  
        AND 1=1   
        AND (( task.pass = 2 ))
[2017-11-05 10:46:29.402] [INFO] default - SELECT DISTINCT taskpoint.type,count(*) as count FROM  
        ROMS202_MONCOMPANY company , 
        ROMS202_PROJECT project ,
        ROMS202_TASK task,  
        ROMS202_TASKPOINT taskpoint ,
        ROMS202_MONSTATION station,
        ROMS202_DISTRICT district
        WHERE
         project.type='' AND   
        project.moncompanyid = company.id AND 
        task.projectid = project.id AND
        taskpoint.taskid = task.id AND 
        task.monstationid = station.id AND 
        company.districtid = district.id AND
        project.censusUrl IS NULL  
        AND 1=1   
        AND (( task.pass = 2 )) group by taskpoint.type
